-- The C compiler identification is GNU 11.4.0
-- The CXX compiler identification is GNU 11.4.0
-- Detecting C compiler ABI info
-- Detecting C compiler ABI info - done
-- Check for working C compiler: /usr/bin/cc - skipped
-- Detecting C compile features
-- Detecting C compile features - done
-- Detecting CXX compiler ABI info
-- Detecting CXX compiler ABI info - done
-- Check for working CXX compiler: /usr/bin/c++ - skipped
-- Detecting CXX compile features
-- Detecting CXX compile features - done
-- Found ament_cmake: 1.3.12 (/opt/ros/humble/share/ament_cmake/cmake)
-- Found Python3: /usr/bin/python3 (found version "3.10.12") found components: Interpreter 
-- Found rosidl_default_generators: 1.2.0 (/opt/ros/humble/share/rosidl_default_generators/cmake)
-- Using all available rosidl_typesupport_c: rosidl_typesupport_fastrtps_c;rosidl_typesupport_introspection_c
-- Found rosidl_adapter: 3.1.8 (/opt/ros/humble/share/rosidl_adapter/cmake)
-- Using all available rosidl_typesupport_cpp: rosidl_typesupport_fastrtps_cpp;rosidl_typesupport_introspection_cpp
-- Found builtin_interfaces: 1.2.2 (/opt/ros/humble/share/builtin_interfaces/cmake)
-- Found ament_cmake_ros: 0.10.0 (/opt/ros/humble/share/ament_cmake_ros/cmake)
-- Using all available rosidl_typesupport_c: rosidl_typesupport_fastrtps_c;rosidl_typesupport_introspection_c
-- Using all available rosidl_typesupport_cpp: rosidl_typesupport_fastrtps_cpp;rosidl_typesupport_introspection_cpp
-- Found PythonInterp: /usr/bin/python3 (found suitable version "3.10.12", minimum required is "3.6") 
-- Found python_cmake_module: 0.10.0 (/opt/ros/humble/share/python_cmake_module/cmake)
-- Found PythonLibs: /usr/lib/x86_64-linux-gnu/libpython3.10.so (found suitable version "3.10.12", minimum required is "3.5") 
-- Using PYTHON_EXECUTABLE: /usr/bin/python3
-- Using PYTHON_INCLUDE_DIRS: /usr/include/python3.10
-- Using PYTHON_LIBRARIES: /usr/lib/x86_64-linux-gnu/libpython3.10.so
-- Found PythonExtra: .so  
-- Configuring done
-- Generating done
-- Build files have been written to: /ws/build/ctd_interfaces
[  2%] [34m[1mGenerating C code for ROS interfaces[0m
[  4%] [34m[1mGenerating C++ code for ROS interfaces[0m
[  4%] Built target ament_cmake_python_copy_ctd_interfaces
running egg_info
creating ctd_interfaces.egg-info
writing ctd_interfaces.egg-info/PKG-INFO
writing dependency_links to ctd_interfaces.egg-info/dependency_links.txt
writing top-level names to ctd_interfaces.egg-info/top_level.txt
writing manifest file 'ctd_interfaces.egg-info/SOURCES.txt'
reading manifest file 'ctd_interfaces.egg-info/SOURCES.txt'
writing manifest file 'ctd_interfaces.egg-info/SOURCES.txt'
[  4%] Built target ament_cmake_python_build_ctd_interfaces_egg
[  4%] Built target ctd_interfaces__cpp
[ 10%] [32mBuilding C object CMakeFiles/ctd_interfaces__rosidl_generator_c.dir/rosidl_generator_c/ctd_interfaces/srv/detail/set_acquisition__functions.c.o[0m
[ 10%] [32mBuilding C object CMakeFiles/ctd_interfaces__rosidl_generator_c.dir/rosidl_generator_c/ctd_interfaces/action/detail/acquire_data__functions.c.o[0m
[ 10%] [32mBuilding C object CMakeFiles/ctd_interfaces__rosidl_generator_c.dir/rosidl_generator_c/ctd_interfaces/msg/detail/ctd_measurement__functions.c.o[0m
[ 12%] [34m[1mGenerating C++ type support dispatch for ROS interfaces[0m
[ 14%] [34m[1mGenerating C++ type support for eProsima Fast-RTPS[0m
[ 17%] [34m[1mGenerating C++ introspection for ROS interfaces[0m
[ 19%] [32m[1mLinking C shared library libctd_interfaces__rosidl_generator_c.so[0m
[ 21%] [32mBuilding CXX object CMakeFiles/ctd_interfaces__rosidl_typesupport_cpp.dir/rosidl_typesupport_cpp/ctd_interfaces/msg/ctd_measurement__type_support.cpp.o[0m
[ 21%] Built target ctd_interfaces__rosidl_generator_c
[ 23%] [32mBuilding CXX object CMakeFiles/ctd_interfaces__rosidl_typesupport_cpp.dir/rosidl_typesupport_cpp/ctd_interfaces/action/acquire_data__type_support.cpp.o[0m
[ 25%] [32mBuilding CXX object CMakeFiles/ctd_interfaces__rosidl_typesupport_cpp.dir/rosidl_typesupport_cpp/ctd_interfaces/srv/set_acquisition__type_support.cpp.o[0m
[ 27%] [32mBuilding CXX object CMakeFiles/ctd_interfaces__rosidl_typesupport_introspection_cpp.dir/rosidl_typesupport_introspection_cpp/ctd_interfaces/msg/detail/ctd_measurement__type_support.cpp.o[0m
[ 31%] [34m[1mGenerating C type support dispatch for ROS interfaces[0m
[ 31%] [32mBuilding CXX object CMakeFiles/ctd_interfaces__rosidl_typesupport_introspection_cpp.dir/rosidl_typesupport_introspection_cpp/ctd_interfaces/srv/detail/set_acquisition__type_support.cpp.o[0m
[ 34%] [34m[1mGenerating C type support for eProsima Fast-RTPS[0m
[ 38%] [32mBuilding CXX object CMakeFiles/ctd_interfaces__rosidl_typesupport_introspection_cpp.dir/rosidl_typesupport_introspection_cpp/ctd_interfaces/action/detail/acquire_data__type_support.cpp.o[0m
[ 38%] [34m[1mGenerating C introspection for ROS interfaces[0m
[ 40%] [32mBuilding CXX object CMakeFiles/ctd_interfaces__rosidl_typesupport_fastrtps_cpp.dir/rosidl_typesupport_fastrtps_cpp/ctd_interfaces/msg/detail/dds_fastrtps/ctd_measurement__type_support.cpp.o[0m
[ 42%] [32mBuilding CXX object CMakeFiles/ctd_interfaces__rosidl_typesupport_fastrtps_cpp.dir/rosidl_typesupport_fastrtps_cpp/ctd_interfaces/srv/detail/dds_fastrtps/set_acquisition__type_support.cpp.o[0m
[ 44%] [32mBuilding CXX object CMakeFiles/ctd_interfaces__rosidl_typesupport_c.dir/rosidl_typesupport_c/ctd_interfaces/msg/ctd_measurement__type_support.cpp.o[0m
[ 46%] [32mBuilding CXX object CMakeFiles/ctd_interfaces__rosidl_typesupport_c.dir/rosidl_typesupport_c/ctd_interfaces/srv/set_acquisition__type_support.cpp.o[0m
[ 48%] [32m[1mLinking CXX shared library libctd_interfaces__rosidl_typesupport_cpp.so[0m
[ 51%] [32mBuilding C object CMakeFiles/ctd_interfaces__rosidl_typesupport_introspection_c.dir/rosidl_typesupport_introspection_c/ctd_interfaces/msg/detail/ctd_measurement__type_support.c.o[0m
[ 53%] [32mBuilding CXX object CMakeFiles/ctd_interfaces__rosidl_typesupport_fastrtps_c.dir/rosidl_typesupport_fastrtps_c/ctd_interfaces/msg/detail/ctd_measurement__type_support_c.cpp.o[0m
[ 55%] [32mBuilding CXX object CMakeFiles/ctd_interfaces__rosidl_typesupport_fastrtps_cpp.dir/rosidl_typesupport_fastrtps_cpp/ctd_interfaces/action/detail/dds_fastrtps/acquire_data__type_support.cpp.o[0m
[ 57%] [32mBuilding C object CMakeFiles/ctd_interfaces__rosidl_typesupport_introspection_c.dir/rosidl_typesupport_introspection_c/ctd_interfaces/srv/detail/set_acquisition__type_support.c.o[0m
[ 59%] [32mBuilding CXX object CMakeFiles/ctd_interfaces__rosidl_typesupport_c.dir/rosidl_typesupport_c/ctd_interfaces/action/acquire_data__type_support.cpp.o[0m
[ 61%] [32mBuilding C object CMakeFiles/ctd_interfaces__rosidl_typesupport_introspection_c.dir/rosidl_typesupport_introspection_c/ctd_interfaces/action/detail/acquire_data__type_support.c.o[0m
[ 63%] [32mBuilding CXX object CMakeFiles/ctd_interfaces__rosidl_typesupport_fastrtps_c.dir/rosidl_typesupport_fastrtps_c/ctd_interfaces/srv/detail/set_acquisition__type_support_c.cpp.o[0m
[ 63%] Built target ctd_interfaces__rosidl_typesupport_cpp
[ 65%] [32mBuilding CXX object CMakeFiles/ctd_interfaces__rosidl_typesupport_fastrtps_c.dir/rosidl_typesupport_fastrtps_c/ctd_interfaces/action/detail/acquire_data__type_support_c.cpp.o[0m
[ 68%] [32m[1mLinking CXX shared library libctd_interfaces__rosidl_typesupport_introspection_cpp.so[0m
[ 70%] [32m[1mLinking C shared library libctd_interfaces__rosidl_typesupport_introspection_c.so[0m
[ 72%] [32m[1mLinking CXX shared library libctd_interfaces__rosidl_typesupport_c.so[0m
[ 72%] Built target ctd_interfaces__rosidl_typesupport_introspection_cpp
[ 72%] Built target ctd_interfaces__rosidl_typesupport_c
[ 72%] Built target ctd_interfaces__rosidl_typesupport_introspection_c
[ 74%] [32m[1mLinking CXX shared library libctd_interfaces__rosidl_typesupport_fastrtps_cpp.so[0m
[ 76%] [32m[1mLinking CXX shared library libctd_interfaces__rosidl_typesupport_fastrtps_c.so[0m
[ 76%] Built target ctd_interfaces__rosidl_typesupport_fastrtps_cpp
[ 76%] Built target ctd_interfaces__rosidl_typesupport_fastrtps_c
[ 76%] Built target ctd_interfaces
[ 78%] [34m[1mGenerating Python code for ROS interfaces[0m
[ 78%] Built target ctd_interfaces__py
[ 80%] [32mBuilding C object CMakeFiles/ctd_interfaces__rosidl_generator_py.dir/rosidl_generator_py/ctd_interfaces/msg/_ctd_measurement_s.c.o[0m
[ 82%] [32mBuilding C object CMakeFiles/ctd_interfaces__rosidl_generator_py.dir/rosidl_generator_py/ctd_interfaces/srv/_set_acquisition_s.c.o[0m
[ 85%] [32mBuilding C object CMakeFiles/ctd_interfaces__rosidl_generator_py.dir/rosidl_generator_py/ctd_interfaces/action/_acquire_data_s.c.o[0m
[ 87%] [32m[1mLinking C shared library rosidl_generator_py/ctd_interfaces/libctd_interfaces__rosidl_generator_py.so[0m
[ 87%] Built target ctd_interfaces__rosidl_generator_py
[ 89%] [32mBuilding C object CMakeFiles/ctd_interfaces__rosidl_typesupport_c__pyext.dir/rosidl_generator_py/ctd_interfaces/_ctd_interfaces_s.ep.rosidl_typesupport_c.c.o[0m
[ 93%] [32mBuilding C object CMakeFiles/ctd_interfaces__rosidl_typesupport_fastrtps_c__pyext.dir/rosidl_generator_py/ctd_interfaces/_ctd_interfaces_s.ep.rosidl_typesupport_fastrtps_c.c.o[0m
[ 93%] [32mBuilding C object CMakeFiles/ctd_interfaces__rosidl_typesupport_introspection_c__pyext.dir/rosidl_generator_py/ctd_interfaces/_ctd_interfaces_s.ep.rosidl_typesupport_introspection_c.c.o[0m
[ 95%] [32m[1mLinking C shared library rosidl_generator_py/ctd_interfaces/ctd_interfaces_s__rosidl_typesupport_introspection_c.cpython-310-x86_64-linux-gnu.so[0m
[ 97%] [32m[1mLinking C shared library rosidl_generator_py/ctd_interfaces/ctd_interfaces_s__rosidl_typesupport_c.cpython-310-x86_64-linux-gnu.so[0m
[100%] [32m[1mLinking C shared library rosidl_generator_py/ctd_interfaces/ctd_interfaces_s__rosidl_typesupport_fastrtps_c.cpython-310-x86_64-linux-gnu.so[0m
[100%] Built target ctd_interfaces__rosidl_typesupport_introspection_c__pyext
[100%] Built target ctd_interfaces__rosidl_typesupport_c__pyext
[100%] Built target ctd_interfaces__rosidl_typesupport_fastrtps_c__pyext
-- Install configuration: ""
-- Installing: /ws/install/ctd_interfaces/share/ament_index/resource_index/rosidl_interfaces/ctd_interfaces
-- Installing: /ws/install/ctd_interfaces/include/ctd_interfaces/ctd_interfaces
-- Installing: /ws/install/ctd_interfaces/include/ctd_interfaces/ctd_interfaces/msg
-- Installing: /ws/install/ctd_interfaces/include/ctd_interfaces/ctd_interfaces/msg/rosidl_generator_c__visibility_control.h
-- Installing: /ws/install/ctd_interfaces/include/ctd_interfaces/ctd_interfaces/msg/ctd_measurement.h
-- Installing: /ws/install/ctd_interfaces/include/ctd_interfaces/ctd_interfaces/msg/detail
-- Installing: /ws/install/ctd_interfaces/include/ctd_interfaces/ctd_interfaces/msg/detail/ctd_measurement__struct.h
-- Installing: /ws/install/ctd_interfaces/include/ctd_interfaces/ctd_interfaces/msg/detail/ctd_measurement__type_support.h
-- Installing: /ws/install/ctd_interfaces/include/ctd_interfaces/ctd_interfaces/msg/detail/ctd_measurement__functions.c
-- Installing: /ws/install/ctd_interfaces/include/ctd_interfaces/ctd_interfaces/msg/detail/ctd_measurement__functions.h
-- Installing: /ws/install/ctd_interfaces/include/ctd_interfaces/ctd_interfaces/action
-- Installing: /ws/install/ctd_interfaces/include/ctd_interfaces/ctd_interfaces/action/acquire_data.h
-- Installing: /ws/install/ctd_interfaces/include/ctd_interfaces/ctd_interfaces/action/detail
-- Installing: /ws/install/ctd_interfaces/include/ctd_interfaces/ctd_interfaces/action/detail/acquire_data__functions.c
-- Installing: /ws/install/ctd_interfaces/include/ctd_interfaces/ctd_interfaces/action/detail/acquire_data__type_support.h
-- Installing: /ws/install/ctd_interfaces/include/ctd_interfaces/ctd_interfaces/action/detail/acquire_data__struct.h
-- Installing: /ws/install/ctd_interfaces/include/ctd_interfaces/ctd_interfaces/action/detail/acquire_data__functions.h
-- Installing: /ws/install/ctd_interfaces/include/ctd_interfaces/ctd_interfaces/srv
-- Installing: /ws/install/ctd_interfaces/include/ctd_interfaces/ctd_interfaces/srv/detail
-- Installing: /ws/install/ctd_interfaces/include/ctd_interfaces/ctd_interfaces/srv/detail/set_acquisition__functions.c
-- Installing: /ws/install/ctd_interfaces/include/ctd_interfaces/ctd_interfaces/srv/detail/set_acquisition__struct.h
-- Installing: /ws/install/ctd_interfaces/include/ctd_interfaces/ctd_interfaces/srv/detail/set_acquisition__functions.h
-- Installing: /ws/install/ctd_interfaces/include/ctd_interfaces/ctd_interfaces/srv/detail/set_acquisition__type_support.h
-- Installing: /ws/install/ctd_interfaces/include/ctd_interfaces/ctd_interfaces/srv/set_acquisition.h
-- Installing: /ws/install/ctd_interfaces/share/ctd_interfaces/environment/library_path.sh
-- Installing: /ws/install/ctd_interfaces/share/ctd_interfaces/environment/library_path.dsv
-- Installing: /ws/install/ctd_interfaces/lib/libctd_interfaces__rosidl_generator_c.so
-- Set runtime path of "/ws/install/ctd_interfaces/lib/libctd_interfaces__rosidl_generator_c.so" to ""
-- Up-to-date: /ws/install/ctd_interfaces/include/ctd_interfaces/ctd_interfaces
-- Up-to-date: /ws/install/ctd_interfaces/include/ctd_interfaces/ctd_interfaces/msg
-- Up-to-date: /ws/install/ctd_interfaces/include/ctd_interfaces/ctd_interfaces/msg/detail
-- Installing: /ws/install/ctd_interfaces/include/ctd_interfaces/ctd_interfaces/msg/detail/ctd_measurement__rosidl_typesupport_fastrtps_c.h
-- Installing: /ws/install/ctd_interfaces/include/ctd_interfaces/ctd_interfaces/msg/rosidl_typesupport_fastrtps_c__visibility_control.h
-- Up-to-date: /ws/install/ctd_interfaces/include/ctd_interfaces/ctd_interfaces/action
-- Up-to-date: /ws/install/ctd_interfaces/include/ctd_interfaces/ctd_interfaces/action/detail
-- Installing: /ws/install/ctd_interfaces/include/ctd_interfaces/ctd_interfaces/action/detail/acquire_data__rosidl_typesupport_fastrtps_c.h
-- Up-to-date: /ws/install/ctd_interfaces/include/ctd_interfaces/ctd_interfaces/srv
-- Up-to-date: /ws/install/ctd_interfaces/include/ctd_interfaces/ctd_interfaces/srv/detail
-- Installing: /ws/install/ctd_interfaces/include/ctd_interfaces/ctd_interfaces/srv/detail/set_acquisition__rosidl_typesupport_fastrtps_c.h
-- Installing: /ws/install/ctd_interfaces/lib/libctd_interfaces__rosidl_typesupport_fastrtps_c.so
-- Set runtime path of "/ws/install/ctd_interfaces/lib/libctd_interfaces__rosidl_typesupport_fastrtps_c.so" to ""
-- Up-to-date: /ws/install/ctd_interfaces/include/ctd_interfaces/ctd_interfaces
-- Up-to-date: /ws/install/ctd_interfaces/include/ctd_interfaces/ctd_interfaces/msg
-- Up-to-date: /ws/install/ctd_interfaces/include/ctd_interfaces/ctd_interfaces/msg/detail
-- Installing: /ws/install/ctd_interfaces/include/ctd_interfaces/ctd_interfaces/msg/detail/ctd_measurement__rosidl_typesupport_introspection_c.h
-- Installing: /ws/install/ctd_interfaces/include/ctd_interfaces/ctd_interfaces/msg/detail/ctd_measurement__type_support.c
-- Installing: /ws/install/ctd_interfaces/include/ctd_interfaces/ctd_interfaces/msg/rosidl_typesupport_introspection_c__visibility_control.h
-- Up-to-date: /ws/install/ctd_interfaces/include/ctd_interfaces/ctd_interfaces/action
-- Up-to-date: /ws/install/ctd_interfaces/include/ctd_interfaces/ctd_interfaces/action/detail
-- Installing: /ws/install/ctd_interfaces/include/ctd_interfaces/ctd_interfaces/action/detail/acquire_data__rosidl_typesupport_introspection_c.h
-- Installing: /ws/install/ctd_interfaces/include/ctd_interfaces/ctd_interfaces/action/detail/acquire_data__type_support.c
-- Up-to-date: /ws/install/ctd_interfaces/include/ctd_interfaces/ctd_interfaces/srv
-- Up-to-date: /ws/install/ctd_interfaces/include/ctd_interfaces/ctd_interfaces/srv/detail
-- Installing: /ws/install/ctd_interfaces/include/ctd_interfaces/ctd_interfaces/srv/detail/set_acquisition__type_support.c
-- Installing: /ws/install/ctd_interfaces/include/ctd_interfaces/ctd_interfaces/srv/detail/set_acquisition__rosidl_typesupport_introspection_c.h
-- Installing: /ws/install/ctd_interfaces/lib/libctd_interfaces__rosidl_typesupport_introspection_c.so
-- Set runtime path of "/ws/install/ctd_interfaces/lib/libctd_interfaces__rosidl_typesupport_introspection_c.so" to ""
-- Installing: /ws/install/ctd_interfaces/lib/libctd_interfaces__rosidl_typesupport_c.so
-- Set runtime path of "/ws/install/ctd_interfaces/lib/libctd_interfaces__rosidl_typesupport_c.so" to ""
-- Up-to-date: /ws/install/ctd_interfaces/include/ctd_interfaces/ctd_interfaces
-- Up-to-date: /ws/install/ctd_interfaces/include/ctd_interfaces/ctd_interfaces/msg
-- Up-to-date: /ws/install/ctd_interfaces/include/ctd_interfaces/ctd_interfaces/msg/detail
-- Installing: /ws/install/ctd_interfaces/include/ctd_interfaces/ctd_interfaces/msg/detail/ctd_measurement__builder.hpp
-- Installing: /ws/install/ctd_interfaces/include/ctd_interfaces/ctd_interfaces/msg/detail/ctd_measurement__struct.hpp
-- Installing: /ws/install/ctd_interfaces/include/ctd_interfaces/ctd_interfaces/msg/detail/ctd_measurement__type_support.hpp
-- Installing: /ws/install/ctd_interfaces/include/ctd_interfaces/ctd_interfaces/msg/detail/ctd_measurement__traits.hpp
-- Installing: /ws/install/ctd_interfaces/include/ctd_interfaces/ctd_interfaces/msg/rosidl_generator_cpp__visibility_control.hpp
-- Installing: /ws/install/ctd_interfaces/include/ctd_interfaces/ctd_interfaces/msg/ctd_measurement.hpp
-- Up-to-date: /ws/install/ctd_interfaces/include/ctd_interfaces/ctd_interfaces/action
-- Installing: /ws/install/ctd_interfaces/include/ctd_interfaces/ctd_interfaces/action/acquire_data.hpp
-- Up-to-date: /ws/install/ctd_interfaces/include/ctd_interfaces/ctd_interfaces/action/detail
-- Installing: /ws/install/ctd_interfaces/include/ctd_interfaces/ctd_interfaces/action/detail/acquire_data__traits.hpp
-- Installing: /ws/install/ctd_interfaces/include/ctd_interfaces/ctd_interfaces/action/detail/acquire_data__builder.hpp
-- Installing: /ws/install/ctd_interfaces/include/ctd_interfaces/ctd_interfaces/action/detail/acquire_data__type_support.hpp
-- Installing: /ws/install/ctd_interfaces/include/ctd_interfaces/ctd_interfaces/action/detail/acquire_data__struct.hpp
-- Up-to-date: /ws/install/ctd_interfaces/include/ctd_interfaces/ctd_interfaces/srv
-- Installing: /ws/install/ctd_interfaces/include/ctd_interfaces/ctd_interfaces/srv/set_acquisition.hpp
-- Up-to-date: /ws/install/ctd_interfaces/include/ctd_interfaces/ctd_interfaces/srv/detail
-- Installing: /ws/install/ctd_interfaces/include/ctd_interfaces/ctd_interfaces/srv/detail/set_acquisition__struct.hpp
-- Installing: /ws/install/ctd_interfaces/include/ctd_interfaces/ctd_interfaces/srv/detail/set_acquisition__type_support.hpp
-- Installing: /ws/install/ctd_interfaces/include/ctd_interfaces/ctd_interfaces/srv/detail/set_acquisition__builder.hpp
-- Installing: /ws/install/ctd_interfaces/include/ctd_interfaces/ctd_interfaces/srv/detail/set_acquisition__traits.hpp
-- Up-to-date: /ws/install/ctd_interfaces/include/ctd_interfaces/ctd_interfaces
-- Up-to-date: /ws/install/ctd_interfaces/include/ctd_interfaces/ctd_interfaces/msg
-- Installing: /ws/install/ctd_interfaces/include/ctd_interfaces/ctd_interfaces/msg/rosidl_typesupport_fastrtps_cpp__visibility_control.h
-- Up-to-date: /ws/install/ctd_interfaces/include/ctd_interfaces/ctd_interfaces/msg/detail
-- Installing: /ws/install/ctd_interfaces/include/ctd_interfaces/ctd_interfaces/msg/detail/ctd_measurement__rosidl_typesupport_fastrtps_cpp.hpp
-- Installing: /ws/install/ctd_interfaces/include/ctd_interfaces/ctd_interfaces/msg/detail/dds_fastrtps
-- Up-to-date: /ws/install/ctd_interfaces/include/ctd_interfaces/ctd_interfaces/action
-- Up-to-date: /ws/install/ctd_interfaces/include/ctd_interfaces/ctd_interfaces/action/detail
-- Installing: /ws/install/ctd_interfaces/include/ctd_interfaces/ctd_interfaces/action/detail/dds_fastrtps
-- Installing: /ws/install/ctd_interfaces/include/ctd_interfaces/ctd_interfaces/action/detail/acquire_data__rosidl_typesupport_fastrtps_cpp.hpp
-- Up-to-date: /ws/install/ctd_interfaces/include/ctd_interfaces/ctd_interfaces/srv
-- Up-to-date: /ws/install/ctd_interfaces/include/ctd_interfaces/ctd_interfaces/srv/detail
-- Installing: /ws/install/ctd_interfaces/include/ctd_interfaces/ctd_interfaces/srv/detail/set_acquisition__rosidl_typesupport_fastrtps_cpp.hpp
-- Installing: /ws/install/ctd_interfaces/include/ctd_interfaces/ctd_interfaces/srv/detail/dds_fastrtps
-- Installing: /ws/install/ctd_interfaces/lib/libctd_interfaces__rosidl_typesupport_fastrtps_cpp.so
-- Set runtime path of "/ws/install/ctd_interfaces/lib/libctd_interfaces__rosidl_typesupport_fastrtps_cpp.so" to ""
-- Up-to-date: /ws/install/ctd_interfaces/include/ctd_interfaces/ctd_interfaces
-- Up-to-date: /ws/install/ctd_interfaces/include/ctd_interfaces/ctd_interfaces/msg
-- Up-to-date: /ws/install/ctd_interfaces/include/ctd_interfaces/ctd_interfaces/msg/detail
-- Installing: /ws/install/ctd_interfaces/include/ctd_interfaces/ctd_interfaces/msg/detail/ctd_measurement__rosidl_typesupport_introspection_cpp.hpp
-- Installing: /ws/install/ctd_interfaces/include/ctd_interfaces/ctd_interfaces/msg/detail/ctd_measurement__type_support.cpp
-- Up-to-date: /ws/install/ctd_interfaces/include/ctd_interfaces/ctd_interfaces/action
-- Up-to-date: /ws/install/ctd_interfaces/include/ctd_interfaces/ctd_interfaces/action/detail
-- Installing: /ws/install/ctd_interfaces/include/ctd_interfaces/ctd_interfaces/action/detail/acquire_data__rosidl_typesupport_introspection_cpp.hpp
-- Installing: /ws/install/ctd_interfaces/include/ctd_interfaces/ctd_interfaces/action/detail/acquire_data__type_support.cpp
-- Up-to-date: /ws/install/ctd_interfaces/include/ctd_interfaces/ctd_interfaces/srv
-- Up-to-date: /ws/install/ctd_interfaces/include/ctd_interfaces/ctd_interfaces/srv/detail
-- Installing: /ws/install/ctd_interfaces/include/ctd_interfaces/ctd_interfaces/srv/detail/set_acquisition__type_support.cpp
-- Installing: /ws/install/ctd_interfaces/include/ctd_interfaces/ctd_interfaces/srv/detail/set_acquisition__rosidl_typesupport_introspection_cpp.hpp
-- Installing: /ws/install/ctd_interfaces/lib/libctd_interfaces__rosidl_typesupport_introspection_cpp.so
-- Set runtime path of "/ws/install/ctd_interfaces/lib/libctd_interfaces__rosidl_typesupport_introspection_cpp.so" to ""
-- Installing: /ws/install/ctd_interfaces/lib/libctd_interfaces__rosidl_typesupport_cpp.so
-- Set runtime path of "/ws/install/ctd_interfaces/lib/libctd_interfaces__rosidl_typesupport_cpp.so" to ""
-- Installing: /ws/install/ctd_interfaces/share/ctd_interfaces/environment/pythonpath.sh
-- Installing: /ws/install/ctd_interfaces/share/ctd_interfaces/environment/pythonpath.dsv
-- Installing: /ws/install/ctd_interfaces/local/lib/python3.10/dist-packages/ctd_interfaces-0.0.1-py3.10.egg-info
-- Installing: /ws/install/ctd_interfaces/local/lib/python3.10/dist-packages/ctd_interfaces-0.0.1-py3.10.egg-info/PKG-INFO
-- Installing: /ws/install/ctd_interfaces/local/lib/python3.10/dist-packages/ctd_interfaces-0.0.1-py3.10.egg-info/SOURCES.txt
-- Installing: /ws/install/ctd_interfaces/local/lib/python3.10/dist-packages/ctd_interfaces-0.0.1-py3.10.egg-info/top_level.txt
-- Installing: /ws/install/ctd_interfaces/local/lib/python3.10/dist-packages/ctd_interfaces-0.0.1-py3.10.egg-info/dependency_links.txt
-- Installing: /ws/install/ctd_interfaces/local/lib/python3.10/dist-packages/ctd_interfaces
-- Installing: /ws/install/ctd_interfaces/local/lib/python3.10/dist-packages/ctd_interfaces/ctd_interfaces_s__rosidl_typesupport_c.cpython-310-x86_64-linux-gnu.so
-- Installing: /ws/install/ctd_interfaces/local/lib/python3.10/dist-packages/ctd_interfaces/msg
-- Installing: /ws/install/ctd_interfaces/local/lib/python3.10/dist-packages/ctd_interfaces/msg/_ctd_measurement.py
-- Installing: /ws/install/ctd_interfaces/local/lib/python3.10/dist-packages/ctd_interfaces/msg/__init__.py
-- Installing: /ws/install/ctd_interfaces/local/lib/python3.10/dist-packages/ctd_interfaces/msg/_ctd_measurement_s.c
-- Installing: /ws/install/ctd_interfaces/local/lib/python3.10/dist-packages/ctd_interfaces/libctd_interfaces__rosidl_generator_py.so
-- Installing: /ws/install/ctd_interfaces/local/lib/python3.10/dist-packages/ctd_interfaces/__init__.py
-- Installing: /ws/install/ctd_interfaces/local/lib/python3.10/dist-packages/ctd_interfaces/ctd_interfaces_s__rosidl_typesupport_introspection_c.cpython-310-x86_64-linux-gnu.so
-- Installing: /ws/install/ctd_interfaces/local/lib/python3.10/dist-packages/ctd_interfaces/_ctd_interfaces_s.ep.rosidl_typesupport_c.c
-- Installing: /ws/install/ctd_interfaces/local/lib/python3.10/dist-packages/ctd_interfaces/action
-- Installing: /ws/install/ctd_interfaces/local/lib/python3.10/dist-packages/ctd_interfaces/action/_acquire_data.py
-- Installing: /ws/install/ctd_interfaces/local/lib/python3.10/dist-packages/ctd_interfaces/action/__init__.py
-- Installing: /ws/install/ctd_interfaces/local/lib/python3.10/dist-packages/ctd_interfaces/action/_acquire_data_s.c
-- Installing: /ws/install/ctd_interfaces/local/lib/python3.10/dist-packages/ctd_interfaces/ctd_interfaces_s__rosidl_typesupport_fastrtps_c.cpython-310-x86_64-linux-gnu.so
-- Installing: /ws/install/ctd_interfaces/local/lib/python3.10/dist-packages/ctd_interfaces/_ctd_interfaces_s.ep.rosidl_typesupport_fastrtps_c.c
-- Installing: /ws/install/ctd_interfaces/local/lib/python3.10/dist-packages/ctd_interfaces/srv
-- Installing: /ws/install/ctd_interfaces/local/lib/python3.10/dist-packages/ctd_interfaces/srv/_set_acquisition_s.c
-- Installing: /ws/install/ctd_interfaces/local/lib/python3.10/dist-packages/ctd_interfaces/srv/__init__.py
-- Installing: /ws/install/ctd_interfaces/local/lib/python3.10/dist-packages/ctd_interfaces/srv/_set_acquisition.py
-- Installing: /ws/install/ctd_interfaces/local/lib/python3.10/dist-packages/ctd_interfaces/_ctd_interfaces_s.ep.rosidl_typesupport_introspection_c.c
Listing '/ws/install/ctd_interfaces/local/lib/python3.10/dist-packages/ctd_interfaces'...
Compiling '/ws/install/ctd_interfaces/local/lib/python3.10/dist-packages/ctd_interfaces/__init__.py'...
Listing '/ws/install/ctd_interfaces/local/lib/python3.10/dist-packages/ctd_interfaces/action'...
Compiling '/ws/install/ctd_interfaces/local/lib/python3.10/dist-packages/ctd_interfaces/action/__init__.py'...
Compiling '/ws/install/ctd_interfaces/local/lib/python3.10/dist-packages/ctd_interfaces/action/_acquire_data.py'...
Listing '/ws/install/ctd_interfaces/local/lib/python3.10/dist-packages/ctd_interfaces/msg'...
Compiling '/ws/install/ctd_interfaces/local/lib/python3.10/dist-packages/ctd_interfaces/msg/__init__.py'...
Compiling '/ws/install/ctd_interfaces/local/lib/python3.10/dist-packages/ctd_interfaces/msg/_ctd_measurement.py'...
Listing '/ws/install/ctd_interfaces/local/lib/python3.10/dist-packages/ctd_interfaces/srv'...
Compiling '/ws/install/ctd_interfaces/local/lib/python3.10/dist-packages/ctd_interfaces/srv/__init__.py'...
Compiling '/ws/install/ctd_interfaces/local/lib/python3.10/dist-packages/ctd_interfaces/srv/_set_acquisition.py'...
-- Installing: /ws/install/ctd_interfaces/local/lib/python3.10/dist-packages/ctd_interfaces/ctd_interfaces_s__rosidl_typesupport_fastrtps_c.cpython-310-x86_64-linux-gnu.so
-- Set runtime path of "/ws/install/ctd_interfaces/local/lib/python3.10/dist-packages/ctd_interfaces/ctd_interfaces_s__rosidl_typesupport_fastrtps_c.cpython-310-x86_64-linux-gnu.so" to ""
-- Installing: /ws/install/ctd_interfaces/local/lib/python3.10/dist-packages/ctd_interfaces/ctd_interfaces_s__rosidl_typesupport_introspection_c.cpython-310-x86_64-linux-gnu.so
-- Set runtime path of "/ws/install/ctd_interfaces/local/lib/python3.10/dist-packages/ctd_interfaces/ctd_interfaces_s__rosidl_typesupport_introspection_c.cpython-310-x86_64-linux-gnu.so" to ""
-- Installing: /ws/install/ctd_interfaces/local/lib/python3.10/dist-packages/ctd_interfaces/ctd_interfaces_s__rosidl_typesupport_c.cpython-310-x86_64-linux-gnu.so
-- Set runtime path of "/ws/install/ctd_interfaces/local/lib/python3.10/dist-packages/ctd_interfaces/ctd_interfaces_s__rosidl_typesupport_c.cpython-310-x86_64-linux-gnu.so" to ""
-- Installing: /ws/install/ctd_interfaces/lib/libctd_interfaces__rosidl_generator_py.so
-- Set runtime path of "/ws/install/ctd_interfaces/lib/libctd_interfaces__rosidl_generator_py.so" to ""
-- Installing: /ws/install/ctd_interfaces/share/ctd_interfaces/msg/CtdMeasurement.idl
-- Installing: /ws/install/ctd_interfaces/share/ctd_interfaces/srv/SetAcquisition.idl
-- Installing: /ws/install/ctd_interfaces/share/ctd_interfaces/action/AcquireData.idl
-- Installing: /ws/install/ctd_interfaces/share/ctd_interfaces/msg/CtdMeasurement.msg
-- Installing: /ws/install/ctd_interfaces/share/ctd_interfaces/srv/SetAcquisition.srv
-- Installing: /ws/install/ctd_interfaces/share/ctd_interfaces/srv/SetAcquisition_Request.msg
-- Installing: /ws/install/ctd_interfaces/share/ctd_interfaces/srv/SetAcquisition_Response.msg
-- Installing: /ws/install/ctd_interfaces/share/ctd_interfaces/action/AcquireData.action
-- Installing: /ws/install/ctd_interfaces/share/ament_index/resource_index/package_run_dependencies/ctd_interfaces
-- Installing: /ws/install/ctd_interfaces/share/ament_index/resource_index/parent_prefix_path/ctd_interfaces
-- Installing: /ws/install/ctd_interfaces/share/ctd_interfaces/environment/ament_prefix_path.sh
-- Installing: /ws/install/ctd_interfaces/share/ctd_interfaces/environment/ament_prefix_path.dsv
-- Installing: /ws/install/ctd_interfaces/share/ctd_interfaces/environment/path.sh
-- Installing: /ws/install/ctd_interfaces/share/ctd_interfaces/environment/path.dsv
-- Installing: /ws/install/ctd_interfaces/share/ctd_interfaces/local_setup.bash
-- Installing: /ws/install/ctd_interfaces/share/ctd_interfaces/local_setup.sh
-- Installing: /ws/install/ctd_interfaces/share/ctd_interfaces/local_setup.zsh
-- Installing: /ws/install/ctd_interfaces/share/ctd_interfaces/local_setup.dsv
-- Installing: /ws/install/ctd_interfaces/share/ctd_interfaces/package.dsv
-- Installing: /ws/install/ctd_interfaces/share/ament_index/resource_index/packages/ctd_interfaces
-- Installing: /ws/install/ctd_interfaces/share/ctd_interfaces/cmake/export_ctd_interfaces__rosidl_generator_cExport.cmake
-- Installing: /ws/install/ctd_interfaces/share/ctd_interfaces/cmake/export_ctd_interfaces__rosidl_generator_cExport-noconfig.cmake
-- Installing: /ws/install/ctd_interfaces/share/ctd_interfaces/cmake/export_ctd_interfaces__rosidl_typesupport_fastrtps_cExport.cmake
-- Installing: /ws/install/ctd_interfaces/share/ctd_interfaces/cmake/export_ctd_interfaces__rosidl_typesupport_fastrtps_cExport-noconfig.cmake
-- Installing: /ws/install/ctd_interfaces/share/ctd_interfaces/cmake/ctd_interfaces__rosidl_typesupport_introspection_cExport.cmake
-- Installing: /ws/install/ctd_interfaces/share/ctd_interfaces/cmake/ctd_interfaces__rosidl_typesupport_introspection_cExport-noconfig.cmake
-- Installing: /ws/install/ctd_interfaces/share/ctd_interfaces/cmake/ctd_interfaces__rosidl_typesupport_cExport.cmake
-- Installing: /ws/install/ctd_interfaces/share/ctd_interfaces/cmake/ctd_interfaces__rosidl_typesupport_cExport-noconfig.cmake
-- Installing: /ws/install/ctd_interfaces/share/ctd_interfaces/cmake/export_ctd_interfaces__rosidl_generator_cppExport.cmake
-- Installing: /ws/install/ctd_interfaces/share/ctd_interfaces/cmake/export_ctd_interfaces__rosidl_typesupport_fastrtps_cppExport.cmake
-- Installing: /ws/install/ctd_interfaces/share/ctd_interfaces/cmake/export_ctd_interfaces__rosidl_typesupport_fastrtps_cppExport-noconfig.cmake
-- Installing: /ws/install/ctd_interfaces/share/ctd_interfaces/cmake/ctd_interfaces__rosidl_typesupport_introspection_cppExport.cmake
-- Installing: /ws/install/ctd_interfaces/share/ctd_interfaces/cmake/ctd_interfaces__rosidl_typesupport_introspection_cppExport-noconfig.cmake
-- Installing: /ws/install/ctd_interfaces/share/ctd_interfaces/cmake/ctd_interfaces__rosidl_typesupport_cppExport.cmake
-- Installing: /ws/install/ctd_interfaces/share/ctd_interfaces/cmake/ctd_interfaces__rosidl_typesupport_cppExport-noconfig.cmake
-- Installing: /ws/install/ctd_interfaces/share/ctd_interfaces/cmake/export_ctd_interfaces__rosidl_generator_pyExport.cmake
-- Installing: /ws/install/ctd_interfaces/share/ctd_interfaces/cmake/export_ctd_interfaces__rosidl_generator_pyExport-noconfig.cmake
-- Installing: /ws/install/ctd_interfaces/share/ctd_interfaces/cmake/rosidl_cmake-extras.cmake
-- Installing: /ws/install/ctd_interfaces/share/ctd_interfaces/cmake/ament_cmake_export_dependencies-extras.cmake
-- Installing: /ws/install/ctd_interfaces/share/ctd_interfaces/cmake/ament_cmake_export_include_directories-extras.cmake
-- Installing: /ws/install/ctd_interfaces/share/ctd_interfaces/cmake/ament_cmake_export_libraries-extras.cmake
-- Installing: /ws/install/ctd_interfaces/share/ctd_interfaces/cmake/ament_cmake_export_targets-extras.cmake
-- Installing: /ws/install/ctd_interfaces/share/ctd_interfaces/cmake/rosidl_cmake_export_typesupport_targets-extras.cmake
-- Installing: /ws/install/ctd_interfaces/share/ctd_interfaces/cmake/rosidl_cmake_export_typesupport_libraries-extras.cmake
-- Installing: /ws/install/ctd_interfaces/share/ctd_interfaces/cmake/ctd_interfacesConfig.cmake
-- Installing: /ws/install/ctd_interfaces/share/ctd_interfaces/cmake/ctd_interfacesConfig-version.cmake
-- Installing: /ws/install/ctd_interfaces/share/ctd_interfaces/package.xml
