[0.037s] Invoking command in '/ws/build/ctd_interfaces': CMAKE_PREFIX_PATH=/opt/ros/humble /usr/bin/cmake /ws/src/ctd_interfaces -DCMAKE_INSTALL_PREFIX=/ws/install/ctd_interfaces
[0.331s] -- The C compiler identification is GNU 11.4.0
[0.557s] -- The CXX compiler identification is GNU 11.4.0
[0.577s] -- Detecting C compiler ABI info
[0.958s] -- Detecting C compiler ABI info - done
[0.971s] -- Check for working C compiler: /usr/bin/cc - skipped
[0.971s] -- Detecting C compile features
[0.971s] -- Detecting C compile features - done
[0.974s] -- Detecting CXX compiler ABI info
[1.328s] -- Detecting CXX compiler ABI info - done
[1.340s] -- Check for working CXX compiler: /usr/bin/c++ - skipped
[1.341s] -- Detecting CXX compile features
[1.341s] -- Detecting CXX compile features - done
[1.351s] -- Found ament_cmake: 1.3.12 (/opt/ros/humble/share/ament_cmake/cmake)
[1.765s] -- Found Python3: /usr/bin/python3 (found version "3.10.12") found components: Interpreter 
[1.888s] -- Found rosidl_default_generators: 1.2.0 (/opt/ros/humble/share/rosidl_default_generators/cmake)
[1.894s] -- Using all available rosidl_typesupport_c: rosidl_typesupport_fastrtps_c;rosidl_typesupport_introspection_c
[1.897s] -- Found rosidl_adapter: 3.1.8 (/opt/ros/humble/share/rosidl_adapter/cmake)
[1.920s] -- Using all available rosidl_typesupport_cpp: rosidl_typesupport_fastrtps_cpp;rosidl_typesupport_introspection_cpp
[1.929s] -- Found builtin_interfaces: 1.2.2 (/opt/ros/humble/share/builtin_interfaces/cmake)
[2.510s] -- Found ament_cmake_ros: 0.10.0 (/opt/ros/humble/share/ament_cmake_ros/cmake)
[2.963s] -- Using all available rosidl_typesupport_c: rosidl_typesupport_fastrtps_c;rosidl_typesupport_introspection_c
[3.566s] -- Using all available rosidl_typesupport_cpp: rosidl_typesupport_fastrtps_cpp;rosidl_typesupport_introspection_cpp
[3.631s] -- Found PythonInterp: /usr/bin/python3 (found suitable version "3.10.12", minimum required is "3.6") 
[3.632s] -- Found python_cmake_module: 0.10.0 (/opt/ros/humble/share/python_cmake_module/cmake)
[3.697s] -- Found PythonLibs: /usr/lib/x86_64-linux-gnu/libpython3.10.so (found suitable version "3.10.12", minimum required is "3.5") 
[3.697s] -- Using PYTHON_EXECUTABLE: /usr/bin/python3
[3.697s] -- Using PYTHON_INCLUDE_DIRS: /usr/include/python3.10
[3.698s] -- Using PYTHON_LIBRARIES: /usr/lib/x86_64-linux-gnu/libpython3.10.so
[3.760s] -- Found PythonExtra: .so  
[3.872s] -- Configuring done
[3.986s] -- Generating done
[4.022s] -- Build files have been written to: /ws/build/ctd_interfaces
[4.026s] Invoked command in '/ws/build/ctd_interfaces' returned '0': CMAKE_PREFIX_PATH=/opt/ros/humble /usr/bin/cmake /ws/src/ctd_interfaces -DCMAKE_INSTALL_PREFIX=/ws/install/ctd_interfaces
[4.030s] Invoking command in '/ws/build/ctd_interfaces': CMAKE_PREFIX_PATH=/opt/ros/humble /usr/bin/cmake --build /ws/build/ctd_interfaces -- -j10 -l10
[4.294s] [  2%] [34m[1mGenerating C code for ROS interfaces[0m
[4.368s] [  4%] [34m[1mGenerating C++ code for ROS interfaces[0m
[4.400s] [  4%] Built target ament_cmake_python_copy_ctd_interfaces
[4.714s] running egg_info
[4.714s] creating ctd_interfaces.egg-info
[4.714s] writing ctd_interfaces.egg-info/PKG-INFO
[4.717s] writing dependency_links to ctd_interfaces.egg-info/dependency_links.txt
[4.718s] writing top-level names to ctd_interfaces.egg-info/top_level.txt
[4.718s] writing manifest file 'ctd_interfaces.egg-info/SOURCES.txt'
[4.727s] reading manifest file 'ctd_interfaces.egg-info/SOURCES.txt'
[4.730s] writing manifest file 'ctd_interfaces.egg-info/SOURCES.txt'
[4.791s] [  4%] Built target ament_cmake_python_build_ctd_interfaces_egg
[4.974s] [  4%] Built target ctd_interfaces__cpp
[4.985s] [ 10%] [32mBuilding C object CMakeFiles/ctd_interfaces__rosidl_generator_c.dir/rosidl_generator_c/ctd_interfaces/srv/detail/set_acquisition__functions.c.o[0m
[4.987s] [ 10%] [32mBuilding C object CMakeFiles/ctd_interfaces__rosidl_generator_c.dir/rosidl_generator_c/ctd_interfaces/action/detail/acquire_data__functions.c.o[0m
[4.987s] [ 10%] [32mBuilding C object CMakeFiles/ctd_interfaces__rosidl_generator_c.dir/rosidl_generator_c/ctd_interfaces/msg/detail/ctd_measurement__functions.c.o[0m
[5.053s] [ 12%] [34m[1mGenerating C++ type support dispatch for ROS interfaces[0m
[5.055s] [ 14%] [34m[1mGenerating C++ type support for eProsima Fast-RTPS[0m
[5.064s] [ 17%] [34m[1mGenerating C++ introspection for ROS interfaces[0m
[5.357s] [ 19%] [32m[1mLinking C shared library libctd_interfaces__rosidl_generator_c.so[0m
[5.552s] [ 21%] [32mBuilding CXX object CMakeFiles/ctd_interfaces__rosidl_typesupport_cpp.dir/rosidl_typesupport_cpp/ctd_interfaces/msg/ctd_measurement__type_support.cpp.o[0m
[5.557s] [ 21%] Built target ctd_interfaces__rosidl_generator_c
[5.559s] [ 23%] [32mBuilding CXX object CMakeFiles/ctd_interfaces__rosidl_typesupport_cpp.dir/rosidl_typesupport_cpp/ctd_interfaces/action/acquire_data__type_support.cpp.o[0m
[5.562s] [ 25%] [32mBuilding CXX object CMakeFiles/ctd_interfaces__rosidl_typesupport_cpp.dir/rosidl_typesupport_cpp/ctd_interfaces/srv/set_acquisition__type_support.cpp.o[0m
[5.653s] [ 27%] [32mBuilding CXX object CMakeFiles/ctd_interfaces__rosidl_typesupport_introspection_cpp.dir/rosidl_typesupport_introspection_cpp/ctd_interfaces/msg/detail/ctd_measurement__type_support.cpp.o[0m
[5.653s] [ 31%] [34m[1mGenerating C type support dispatch for ROS interfaces[0m
[5.655s] [ 31%] [32mBuilding CXX object CMakeFiles/ctd_interfaces__rosidl_typesupport_introspection_cpp.dir/rosidl_typesupport_introspection_cpp/ctd_interfaces/srv/detail/set_acquisition__type_support.cpp.o[0m
[5.661s] [ 34%] [34m[1mGenerating C type support for eProsima Fast-RTPS[0m
[5.661s] [ 38%] [32mBuilding CXX object CMakeFiles/ctd_interfaces__rosidl_typesupport_introspection_cpp.dir/rosidl_typesupport_introspection_cpp/ctd_interfaces/action/detail/acquire_data__type_support.cpp.o[0m
[5.662s] [ 38%] [34m[1mGenerating C introspection for ROS interfaces[0m
[5.743s] [ 40%] [32mBuilding CXX object CMakeFiles/ctd_interfaces__rosidl_typesupport_fastrtps_cpp.dir/rosidl_typesupport_fastrtps_cpp/ctd_interfaces/msg/detail/dds_fastrtps/ctd_measurement__type_support.cpp.o[0m
[6.280s] [ 42%] [32mBuilding CXX object CMakeFiles/ctd_interfaces__rosidl_typesupport_fastrtps_cpp.dir/rosidl_typesupport_fastrtps_cpp/ctd_interfaces/srv/detail/dds_fastrtps/set_acquisition__type_support.cpp.o[0m
[6.308s] [ 44%] [32mBuilding CXX object CMakeFiles/ctd_interfaces__rosidl_typesupport_c.dir/rosidl_typesupport_c/ctd_interfaces/msg/ctd_measurement__type_support.cpp.o[0m
[6.319s] [ 46%] [32mBuilding CXX object CMakeFiles/ctd_interfaces__rosidl_typesupport_c.dir/rosidl_typesupport_c/ctd_interfaces/srv/set_acquisition__type_support.cpp.o[0m
[6.576s] [ 48%] [32m[1mLinking CXX shared library libctd_interfaces__rosidl_typesupport_cpp.so[0m
[6.654s] [ 51%] [32mBuilding C object CMakeFiles/ctd_interfaces__rosidl_typesupport_introspection_c.dir/rosidl_typesupport_introspection_c/ctd_interfaces/msg/detail/ctd_measurement__type_support.c.o[0m
[6.668s] [ 53%] [32mBuilding CXX object CMakeFiles/ctd_interfaces__rosidl_typesupport_fastrtps_c.dir/rosidl_typesupport_fastrtps_c/ctd_interfaces/msg/detail/ctd_measurement__type_support_c.cpp.o[0m
[6.683s] [ 55%] [32mBuilding CXX object CMakeFiles/ctd_interfaces__rosidl_typesupport_fastrtps_cpp.dir/rosidl_typesupport_fastrtps_cpp/ctd_interfaces/action/detail/dds_fastrtps/acquire_data__type_support.cpp.o[0m
[6.711s] [ 57%] [32mBuilding C object CMakeFiles/ctd_interfaces__rosidl_typesupport_introspection_c.dir/rosidl_typesupport_introspection_c/ctd_interfaces/srv/detail/set_acquisition__type_support.c.o[0m
[6.730s] [ 59%] [32mBuilding CXX object CMakeFiles/ctd_interfaces__rosidl_typesupport_c.dir/rosidl_typesupport_c/ctd_interfaces/action/acquire_data__type_support.cpp.o[0m
[6.732s] [ 61%] [32mBuilding C object CMakeFiles/ctd_interfaces__rosidl_typesupport_introspection_c.dir/rosidl_typesupport_introspection_c/ctd_interfaces/action/detail/acquire_data__type_support.c.o[0m
[6.816s] [ 63%] [32mBuilding CXX object CMakeFiles/ctd_interfaces__rosidl_typesupport_fastrtps_c.dir/rosidl_typesupport_fastrtps_c/ctd_interfaces/srv/detail/set_acquisition__type_support_c.cpp.o[0m
[6.830s] [ 63%] Built target ctd_interfaces__rosidl_typesupport_cpp
[6.879s] [ 65%] [32mBuilding CXX object CMakeFiles/ctd_interfaces__rosidl_typesupport_fastrtps_c.dir/rosidl_typesupport_fastrtps_c/ctd_interfaces/action/detail/acquire_data__type_support_c.cpp.o[0m
[6.909s] [ 68%] [32m[1mLinking CXX shared library libctd_interfaces__rosidl_typesupport_introspection_cpp.so[0m
[7.095s] [ 70%] [32m[1mLinking C shared library libctd_interfaces__rosidl_typesupport_introspection_c.so[0m
[7.098s] [ 72%] [32m[1mLinking CXX shared library libctd_interfaces__rosidl_typesupport_c.so[0m
[7.167s] [ 72%] Built target ctd_interfaces__rosidl_typesupport_introspection_cpp
[7.310s] [ 72%] Built target ctd_interfaces__rosidl_typesupport_c
[7.315s] [ 72%] Built target ctd_interfaces__rosidl_typesupport_introspection_c
[7.592s] [ 74%] [32m[1mLinking CXX shared library libctd_interfaces__rosidl_typesupport_fastrtps_cpp.so[0m
[7.656s] [ 76%] [32m[1mLinking CXX shared library libctd_interfaces__rosidl_typesupport_fastrtps_c.so[0m
[7.769s] [ 76%] Built target ctd_interfaces__rosidl_typesupport_fastrtps_cpp
[7.827s] [ 76%] Built target ctd_interfaces__rosidl_typesupport_fastrtps_c
[7.948s] [ 76%] Built target ctd_interfaces
[8.071s] [ 78%] [34m[1mGenerating Python code for ROS interfaces[0m
[8.854s] [ 78%] Built target ctd_interfaces__py
[8.983s] [ 80%] [32mBuilding C object CMakeFiles/ctd_interfaces__rosidl_generator_py.dir/rosidl_generator_py/ctd_interfaces/msg/_ctd_measurement_s.c.o[0m
[8.991s] [ 82%] [32mBuilding C object CMakeFiles/ctd_interfaces__rosidl_generator_py.dir/rosidl_generator_py/ctd_interfaces/srv/_set_acquisition_s.c.o[0m
[8.992s] [ 85%] [32mBuilding C object CMakeFiles/ctd_interfaces__rosidl_generator_py.dir/rosidl_generator_py/ctd_interfaces/action/_acquire_data_s.c.o[0m
[9.352s] [ 87%] [32m[1mLinking C shared library rosidl_generator_py/ctd_interfaces/libctd_interfaces__rosidl_generator_py.so[0m
[9.491s] [ 87%] Built target ctd_interfaces__rosidl_generator_py
[9.635s] [ 89%] [32mBuilding C object CMakeFiles/ctd_interfaces__rosidl_typesupport_c__pyext.dir/rosidl_generator_py/ctd_interfaces/_ctd_interfaces_s.ep.rosidl_typesupport_c.c.o[0m
[9.643s] [ 93%] [32mBuilding C object CMakeFiles/ctd_interfaces__rosidl_typesupport_fastrtps_c__pyext.dir/rosidl_generator_py/ctd_interfaces/_ctd_interfaces_s.ep.rosidl_typesupport_fastrtps_c.c.o[0m
[9.644s] [ 93%] [32mBuilding C object CMakeFiles/ctd_interfaces__rosidl_typesupport_introspection_c__pyext.dir/rosidl_generator_py/ctd_interfaces/_ctd_interfaces_s.ep.rosidl_typesupport_introspection_c.c.o[0m
[9.981s] [ 95%] [32m[1mLinking C shared library rosidl_generator_py/ctd_interfaces/ctd_interfaces_s__rosidl_typesupport_introspection_c.cpython-310-x86_64-linux-gnu.so[0m
[10.025s] [ 97%] [32m[1mLinking C shared library rosidl_generator_py/ctd_interfaces/ctd_interfaces_s__rosidl_typesupport_c.cpython-310-x86_64-linux-gnu.so[0m
[10.044s] [100%] [32m[1mLinking C shared library rosidl_generator_py/ctd_interfaces/ctd_interfaces_s__rosidl_typesupport_fastrtps_c.cpython-310-x86_64-linux-gnu.so[0m
[10.149s] [100%] Built target ctd_interfaces__rosidl_typesupport_introspection_c__pyext
[10.191s] [100%] Built target ctd_interfaces__rosidl_typesupport_c__pyext
[10.207s] [100%] Built target ctd_interfaces__rosidl_typesupport_fastrtps_c__pyext
[10.244s] Invoked command in '/ws/build/ctd_interfaces' returned '0': CMAKE_PREFIX_PATH=/opt/ros/humble /usr/bin/cmake --build /ws/build/ctd_interfaces -- -j10 -l10
[10.277s] Invoking command in '/ws/build/ctd_interfaces': CMAKE_PREFIX_PATH=/opt/ros/humble /usr/bin/cmake --install /ws/build/ctd_interfaces
[10.312s] -- Install configuration: ""
[10.313s] -- Installing: /ws/install/ctd_interfaces/share/ament_index/resource_index/rosidl_interfaces/ctd_interfaces
[10.316s] -- Installing: /ws/install/ctd_interfaces/include/ctd_interfaces/ctd_interfaces
[10.316s] -- Installing: /ws/install/ctd_interfaces/include/ctd_interfaces/ctd_interfaces/msg
[10.317s] -- Installing: /ws/install/ctd_interfaces/include/ctd_interfaces/ctd_interfaces/msg/rosidl_generator_c__visibility_control.h
[10.318s] -- Installing: /ws/install/ctd_interfaces/include/ctd_interfaces/ctd_interfaces/msg/ctd_measurement.h
[10.319s] -- Installing: /ws/install/ctd_interfaces/include/ctd_interfaces/ctd_interfaces/msg/detail
[10.320s] -- Installing: /ws/install/ctd_interfaces/include/ctd_interfaces/ctd_interfaces/msg/detail/ctd_measurement__struct.h
[10.321s] -- Installing: /ws/install/ctd_interfaces/include/ctd_interfaces/ctd_interfaces/msg/detail/ctd_measurement__type_support.h
[10.322s] -- Installing: /ws/install/ctd_interfaces/include/ctd_interfaces/ctd_interfaces/msg/detail/ctd_measurement__functions.c
[10.323s] -- Installing: /ws/install/ctd_interfaces/include/ctd_interfaces/ctd_interfaces/msg/detail/ctd_measurement__functions.h
[10.324s] -- Installing: /ws/install/ctd_interfaces/include/ctd_interfaces/ctd_interfaces/action
[10.325s] -- Installing: /ws/install/ctd_interfaces/include/ctd_interfaces/ctd_interfaces/action/acquire_data.h
[10.325s] -- Installing: /ws/install/ctd_interfaces/include/ctd_interfaces/ctd_interfaces/action/detail
[10.326s] -- Installing: /ws/install/ctd_interfaces/include/ctd_interfaces/ctd_interfaces/action/detail/acquire_data__functions.c
[10.327s] -- Installing: /ws/install/ctd_interfaces/include/ctd_interfaces/ctd_interfaces/action/detail/acquire_data__type_support.h
[10.328s] -- Installing: /ws/install/ctd_interfaces/include/ctd_interfaces/ctd_interfaces/action/detail/acquire_data__struct.h
[10.329s] -- Installing: /ws/install/ctd_interfaces/include/ctd_interfaces/ctd_interfaces/action/detail/acquire_data__functions.h
[10.331s] -- Installing: /ws/install/ctd_interfaces/include/ctd_interfaces/ctd_interfaces/srv
[10.331s] -- Installing: /ws/install/ctd_interfaces/include/ctd_interfaces/ctd_interfaces/srv/detail
[10.332s] -- Installing: /ws/install/ctd_interfaces/include/ctd_interfaces/ctd_interfaces/srv/detail/set_acquisition__functions.c
[10.333s] -- Installing: /ws/install/ctd_interfaces/include/ctd_interfaces/ctd_interfaces/srv/detail/set_acquisition__struct.h
[10.334s] -- Installing: /ws/install/ctd_interfaces/include/ctd_interfaces/ctd_interfaces/srv/detail/set_acquisition__functions.h
[10.335s] -- Installing: /ws/install/ctd_interfaces/include/ctd_interfaces/ctd_interfaces/srv/detail/set_acquisition__type_support.h
[10.337s] -- Installing: /ws/install/ctd_interfaces/include/ctd_interfaces/ctd_interfaces/srv/set_acquisition.h
[10.338s] -- Installing: /ws/install/ctd_interfaces/share/ctd_interfaces/environment/library_path.sh
[10.339s] -- Installing: /ws/install/ctd_interfaces/share/ctd_interfaces/environment/library_path.dsv
[10.340s] -- Installing: /ws/install/ctd_interfaces/lib/libctd_interfaces__rosidl_generator_c.so
[10.344s] -- Set runtime path of "/ws/install/ctd_interfaces/lib/libctd_interfaces__rosidl_generator_c.so" to ""
[10.344s] -- Up-to-date: /ws/install/ctd_interfaces/include/ctd_interfaces/ctd_interfaces
[10.344s] -- Up-to-date: /ws/install/ctd_interfaces/include/ctd_interfaces/ctd_interfaces/msg
[10.345s] -- Up-to-date: /ws/install/ctd_interfaces/include/ctd_interfaces/ctd_interfaces/msg/detail
[10.345s] -- Installing: /ws/install/ctd_interfaces/include/ctd_interfaces/ctd_interfaces/msg/detail/ctd_measurement__rosidl_typesupport_fastrtps_c.h
[10.346s] -- Installing: /ws/install/ctd_interfaces/include/ctd_interfaces/ctd_interfaces/msg/rosidl_typesupport_fastrtps_c__visibility_control.h
[10.347s] -- Up-to-date: /ws/install/ctd_interfaces/include/ctd_interfaces/ctd_interfaces/action
[10.347s] -- Up-to-date: /ws/install/ctd_interfaces/include/ctd_interfaces/ctd_interfaces/action/detail
[10.348s] -- Installing: /ws/install/ctd_interfaces/include/ctd_interfaces/ctd_interfaces/action/detail/acquire_data__rosidl_typesupport_fastrtps_c.h
[10.349s] -- Up-to-date: /ws/install/ctd_interfaces/include/ctd_interfaces/ctd_interfaces/srv
[10.349s] -- Up-to-date: /ws/install/ctd_interfaces/include/ctd_interfaces/ctd_interfaces/srv/detail
[10.349s] -- Installing: /ws/install/ctd_interfaces/include/ctd_interfaces/ctd_interfaces/srv/detail/set_acquisition__rosidl_typesupport_fastrtps_c.h
[10.351s] -- Installing: /ws/install/ctd_interfaces/lib/libctd_interfaces__rosidl_typesupport_fastrtps_c.so
[10.352s] -- Set runtime path of "/ws/install/ctd_interfaces/lib/libctd_interfaces__rosidl_typesupport_fastrtps_c.so" to ""
[10.352s] -- Up-to-date: /ws/install/ctd_interfaces/include/ctd_interfaces/ctd_interfaces
[10.353s] -- Up-to-date: /ws/install/ctd_interfaces/include/ctd_interfaces/ctd_interfaces/msg
[10.353s] -- Up-to-date: /ws/install/ctd_interfaces/include/ctd_interfaces/ctd_interfaces/msg/detail
[10.353s] -- Installing: /ws/install/ctd_interfaces/include/ctd_interfaces/ctd_interfaces/msg/detail/ctd_measurement__rosidl_typesupport_introspection_c.h
[10.354s] -- Installing: /ws/install/ctd_interfaces/include/ctd_interfaces/ctd_interfaces/msg/detail/ctd_measurement__type_support.c
[10.355s] -- Installing: /ws/install/ctd_interfaces/include/ctd_interfaces/ctd_interfaces/msg/rosidl_typesupport_introspection_c__visibility_control.h
[10.356s] -- Up-to-date: /ws/install/ctd_interfaces/include/ctd_interfaces/ctd_interfaces/action
[10.357s] -- Up-to-date: /ws/install/ctd_interfaces/include/ctd_interfaces/ctd_interfaces/action/detail
[10.357s] -- Installing: /ws/install/ctd_interfaces/include/ctd_interfaces/ctd_interfaces/action/detail/acquire_data__rosidl_typesupport_introspection_c.h
[10.358s] -- Installing: /ws/install/ctd_interfaces/include/ctd_interfaces/ctd_interfaces/action/detail/acquire_data__type_support.c
[10.360s] -- Up-to-date: /ws/install/ctd_interfaces/include/ctd_interfaces/ctd_interfaces/srv
[10.360s] -- Up-to-date: /ws/install/ctd_interfaces/include/ctd_interfaces/ctd_interfaces/srv/detail
[10.360s] -- Installing: /ws/install/ctd_interfaces/include/ctd_interfaces/ctd_interfaces/srv/detail/set_acquisition__type_support.c
[10.361s] -- Installing: /ws/install/ctd_interfaces/include/ctd_interfaces/ctd_interfaces/srv/detail/set_acquisition__rosidl_typesupport_introspection_c.h
[10.362s] -- Installing: /ws/install/ctd_interfaces/lib/libctd_interfaces__rosidl_typesupport_introspection_c.so
[10.364s] -- Set runtime path of "/ws/install/ctd_interfaces/lib/libctd_interfaces__rosidl_typesupport_introspection_c.so" to ""
[10.364s] -- Installing: /ws/install/ctd_interfaces/lib/libctd_interfaces__rosidl_typesupport_c.so
[10.366s] -- Set runtime path of "/ws/install/ctd_interfaces/lib/libctd_interfaces__rosidl_typesupport_c.so" to ""
[10.366s] -- Up-to-date: /ws/install/ctd_interfaces/include/ctd_interfaces/ctd_interfaces
[10.366s] -- Up-to-date: /ws/install/ctd_interfaces/include/ctd_interfaces/ctd_interfaces/msg
[10.366s] -- Up-to-date: /ws/install/ctd_interfaces/include/ctd_interfaces/ctd_interfaces/msg/detail
[10.367s] -- Installing: /ws/install/ctd_interfaces/include/ctd_interfaces/ctd_interfaces/msg/detail/ctd_measurement__builder.hpp
[10.368s] -- Installing: /ws/install/ctd_interfaces/include/ctd_interfaces/ctd_interfaces/msg/detail/ctd_measurement__struct.hpp
[10.369s] -- Installing: /ws/install/ctd_interfaces/include/ctd_interfaces/ctd_interfaces/msg/detail/ctd_measurement__type_support.hpp
[10.370s] -- Installing: /ws/install/ctd_interfaces/include/ctd_interfaces/ctd_interfaces/msg/detail/ctd_measurement__traits.hpp
[10.371s] -- Installing: /ws/install/ctd_interfaces/include/ctd_interfaces/ctd_interfaces/msg/rosidl_generator_cpp__visibility_control.hpp
[10.372s] -- Installing: /ws/install/ctd_interfaces/include/ctd_interfaces/ctd_interfaces/msg/ctd_measurement.hpp
[10.373s] -- Up-to-date: /ws/install/ctd_interfaces/include/ctd_interfaces/ctd_interfaces/action
[10.373s] -- Installing: /ws/install/ctd_interfaces/include/ctd_interfaces/ctd_interfaces/action/acquire_data.hpp
[10.374s] -- Up-to-date: /ws/install/ctd_interfaces/include/ctd_interfaces/ctd_interfaces/action/detail
[10.375s] -- Installing: /ws/install/ctd_interfaces/include/ctd_interfaces/ctd_interfaces/action/detail/acquire_data__traits.hpp
[10.376s] -- Installing: /ws/install/ctd_interfaces/include/ctd_interfaces/ctd_interfaces/action/detail/acquire_data__builder.hpp
[10.377s] -- Installing: /ws/install/ctd_interfaces/include/ctd_interfaces/ctd_interfaces/action/detail/acquire_data__type_support.hpp
[10.378s] -- Installing: /ws/install/ctd_interfaces/include/ctd_interfaces/ctd_interfaces/action/detail/acquire_data__struct.hpp
[10.379s] -- Up-to-date: /ws/install/ctd_interfaces/include/ctd_interfaces/ctd_interfaces/srv
[10.380s] -- Installing: /ws/install/ctd_interfaces/include/ctd_interfaces/ctd_interfaces/srv/set_acquisition.hpp
[10.381s] -- Up-to-date: /ws/install/ctd_interfaces/include/ctd_interfaces/ctd_interfaces/srv/detail
[10.381s] -- Installing: /ws/install/ctd_interfaces/include/ctd_interfaces/ctd_interfaces/srv/detail/set_acquisition__struct.hpp
[10.382s] -- Installing: /ws/install/ctd_interfaces/include/ctd_interfaces/ctd_interfaces/srv/detail/set_acquisition__type_support.hpp
[10.383s] -- Installing: /ws/install/ctd_interfaces/include/ctd_interfaces/ctd_interfaces/srv/detail/set_acquisition__builder.hpp
[10.384s] -- Installing: /ws/install/ctd_interfaces/include/ctd_interfaces/ctd_interfaces/srv/detail/set_acquisition__traits.hpp
[10.385s] -- Up-to-date: /ws/install/ctd_interfaces/include/ctd_interfaces/ctd_interfaces
[10.386s] -- Up-to-date: /ws/install/ctd_interfaces/include/ctd_interfaces/ctd_interfaces/msg
[10.386s] -- Installing: /ws/install/ctd_interfaces/include/ctd_interfaces/ctd_interfaces/msg/rosidl_typesupport_fastrtps_cpp__visibility_control.h
[10.387s] -- Up-to-date: /ws/install/ctd_interfaces/include/ctd_interfaces/ctd_interfaces/msg/detail
[10.387s] -- Installing: /ws/install/ctd_interfaces/include/ctd_interfaces/ctd_interfaces/msg/detail/ctd_measurement__rosidl_typesupport_fastrtps_cpp.hpp
[10.388s] -- Installing: /ws/install/ctd_interfaces/include/ctd_interfaces/ctd_interfaces/msg/detail/dds_fastrtps
[10.389s] -- Up-to-date: /ws/install/ctd_interfaces/include/ctd_interfaces/ctd_interfaces/action
[10.389s] -- Up-to-date: /ws/install/ctd_interfaces/include/ctd_interfaces/ctd_interfaces/action/detail
[10.389s] -- Installing: /ws/install/ctd_interfaces/include/ctd_interfaces/ctd_interfaces/action/detail/dds_fastrtps
[10.390s] -- Installing: /ws/install/ctd_interfaces/include/ctd_interfaces/ctd_interfaces/action/detail/acquire_data__rosidl_typesupport_fastrtps_cpp.hpp
[10.391s] -- Up-to-date: /ws/install/ctd_interfaces/include/ctd_interfaces/ctd_interfaces/srv
[10.391s] -- Up-to-date: /ws/install/ctd_interfaces/include/ctd_interfaces/ctd_interfaces/srv/detail
[10.392s] -- Installing: /ws/install/ctd_interfaces/include/ctd_interfaces/ctd_interfaces/srv/detail/set_acquisition__rosidl_typesupport_fastrtps_cpp.hpp
[10.393s] -- Installing: /ws/install/ctd_interfaces/include/ctd_interfaces/ctd_interfaces/srv/detail/dds_fastrtps
[10.394s] -- Installing: /ws/install/ctd_interfaces/lib/libctd_interfaces__rosidl_typesupport_fastrtps_cpp.so
[10.395s] -- Set runtime path of "/ws/install/ctd_interfaces/lib/libctd_interfaces__rosidl_typesupport_fastrtps_cpp.so" to ""
[10.395s] -- Up-to-date: /ws/install/ctd_interfaces/include/ctd_interfaces/ctd_interfaces
[10.396s] -- Up-to-date: /ws/install/ctd_interfaces/include/ctd_interfaces/ctd_interfaces/msg
[10.396s] -- Up-to-date: /ws/install/ctd_interfaces/include/ctd_interfaces/ctd_interfaces/msg/detail
[10.396s] -- Installing: /ws/install/ctd_interfaces/include/ctd_interfaces/ctd_interfaces/msg/detail/ctd_measurement__rosidl_typesupport_introspection_cpp.hpp
[10.397s] -- Installing: /ws/install/ctd_interfaces/include/ctd_interfaces/ctd_interfaces/msg/detail/ctd_measurement__type_support.cpp
[10.398s] -- Up-to-date: /ws/install/ctd_interfaces/include/ctd_interfaces/ctd_interfaces/action
[10.399s] -- Up-to-date: /ws/install/ctd_interfaces/include/ctd_interfaces/ctd_interfaces/action/detail
[10.399s] -- Installing: /ws/install/ctd_interfaces/include/ctd_interfaces/ctd_interfaces/action/detail/acquire_data__rosidl_typesupport_introspection_cpp.hpp
[10.400s] -- Installing: /ws/install/ctd_interfaces/include/ctd_interfaces/ctd_interfaces/action/detail/acquire_data__type_support.cpp
[10.401s] -- Up-to-date: /ws/install/ctd_interfaces/include/ctd_interfaces/ctd_interfaces/srv
[10.402s] -- Up-to-date: /ws/install/ctd_interfaces/include/ctd_interfaces/ctd_interfaces/srv/detail
[10.402s] -- Installing: /ws/install/ctd_interfaces/include/ctd_interfaces/ctd_interfaces/srv/detail/set_acquisition__type_support.cpp
[10.403s] -- Installing: /ws/install/ctd_interfaces/include/ctd_interfaces/ctd_interfaces/srv/detail/set_acquisition__rosidl_typesupport_introspection_cpp.hpp
[10.404s] -- Installing: /ws/install/ctd_interfaces/lib/libctd_interfaces__rosidl_typesupport_introspection_cpp.so
[10.406s] -- Set runtime path of "/ws/install/ctd_interfaces/lib/libctd_interfaces__rosidl_typesupport_introspection_cpp.so" to ""
[10.406s] -- Installing: /ws/install/ctd_interfaces/lib/libctd_interfaces__rosidl_typesupport_cpp.so
[10.408s] -- Set runtime path of "/ws/install/ctd_interfaces/lib/libctd_interfaces__rosidl_typesupport_cpp.so" to ""
[10.408s] -- Installing: /ws/install/ctd_interfaces/share/ctd_interfaces/environment/pythonpath.sh
[10.409s] -- Installing: /ws/install/ctd_interfaces/share/ctd_interfaces/environment/pythonpath.dsv
[10.410s] -- Installing: /ws/install/ctd_interfaces/local/lib/python3.10/dist-packages/ctd_interfaces-0.0.1-py3.10.egg-info
[10.411s] -- Installing: /ws/install/ctd_interfaces/local/lib/python3.10/dist-packages/ctd_interfaces-0.0.1-py3.10.egg-info/PKG-INFO
[10.412s] -- Installing: /ws/install/ctd_interfaces/local/lib/python3.10/dist-packages/ctd_interfaces-0.0.1-py3.10.egg-info/SOURCES.txt
[10.413s] -- Installing: /ws/install/ctd_interfaces/local/lib/python3.10/dist-packages/ctd_interfaces-0.0.1-py3.10.egg-info/top_level.txt
[10.414s] -- Installing: /ws/install/ctd_interfaces/local/lib/python3.10/dist-packages/ctd_interfaces-0.0.1-py3.10.egg-info/dependency_links.txt
[10.415s] -- Installing: /ws/install/ctd_interfaces/local/lib/python3.10/dist-packages/ctd_interfaces
[10.416s] -- Installing: /ws/install/ctd_interfaces/local/lib/python3.10/dist-packages/ctd_interfaces/ctd_interfaces_s__rosidl_typesupport_c.cpython-310-x86_64-linux-gnu.so
[10.417s] -- Installing: /ws/install/ctd_interfaces/local/lib/python3.10/dist-packages/ctd_interfaces/msg
[10.417s] -- Installing: /ws/install/ctd_interfaces/local/lib/python3.10/dist-packages/ctd_interfaces/msg/_ctd_measurement.py
[10.418s] -- Installing: /ws/install/ctd_interfaces/local/lib/python3.10/dist-packages/ctd_interfaces/msg/__init__.py
[10.419s] -- Installing: /ws/install/ctd_interfaces/local/lib/python3.10/dist-packages/ctd_interfaces/msg/_ctd_measurement_s.c
[10.420s] -- Installing: /ws/install/ctd_interfaces/local/lib/python3.10/dist-packages/ctd_interfaces/libctd_interfaces__rosidl_generator_py.so
[10.421s] -- Installing: /ws/install/ctd_interfaces/local/lib/python3.10/dist-packages/ctd_interfaces/__init__.py
[10.422s] -- Installing: /ws/install/ctd_interfaces/local/lib/python3.10/dist-packages/ctd_interfaces/ctd_interfaces_s__rosidl_typesupport_introspection_c.cpython-310-x86_64-linux-gnu.so
[10.424s] -- Installing: /ws/install/ctd_interfaces/local/lib/python3.10/dist-packages/ctd_interfaces/_ctd_interfaces_s.ep.rosidl_typesupport_c.c
[10.425s] -- Installing: /ws/install/ctd_interfaces/local/lib/python3.10/dist-packages/ctd_interfaces/action
[10.426s] -- Installing: /ws/install/ctd_interfaces/local/lib/python3.10/dist-packages/ctd_interfaces/action/_acquire_data.py
[10.427s] -- Installing: /ws/install/ctd_interfaces/local/lib/python3.10/dist-packages/ctd_interfaces/action/__init__.py
[10.428s] -- Installing: /ws/install/ctd_interfaces/local/lib/python3.10/dist-packages/ctd_interfaces/action/_acquire_data_s.c
[10.429s] -- Installing: /ws/install/ctd_interfaces/local/lib/python3.10/dist-packages/ctd_interfaces/ctd_interfaces_s__rosidl_typesupport_fastrtps_c.cpython-310-x86_64-linux-gnu.so
[10.430s] -- Installing: /ws/install/ctd_interfaces/local/lib/python3.10/dist-packages/ctd_interfaces/_ctd_interfaces_s.ep.rosidl_typesupport_fastrtps_c.c
[10.431s] -- Installing: /ws/install/ctd_interfaces/local/lib/python3.10/dist-packages/ctd_interfaces/srv
[10.432s] -- Installing: /ws/install/ctd_interfaces/local/lib/python3.10/dist-packages/ctd_interfaces/srv/_set_acquisition_s.c
[10.433s] -- Installing: /ws/install/ctd_interfaces/local/lib/python3.10/dist-packages/ctd_interfaces/srv/__init__.py
[10.434s] -- Installing: /ws/install/ctd_interfaces/local/lib/python3.10/dist-packages/ctd_interfaces/srv/_set_acquisition.py
[10.435s] -- Installing: /ws/install/ctd_interfaces/local/lib/python3.10/dist-packages/ctd_interfaces/_ctd_interfaces_s.ep.rosidl_typesupport_introspection_c.c
[10.530s] Listing '/ws/install/ctd_interfaces/local/lib/python3.10/dist-packages/ctd_interfaces'...
[10.530s] Compiling '/ws/install/ctd_interfaces/local/lib/python3.10/dist-packages/ctd_interfaces/__init__.py'...
[10.530s] Listing '/ws/install/ctd_interfaces/local/lib/python3.10/dist-packages/ctd_interfaces/action'...
[10.530s] Compiling '/ws/install/ctd_interfaces/local/lib/python3.10/dist-packages/ctd_interfaces/action/__init__.py'...
[10.531s] Compiling '/ws/install/ctd_interfaces/local/lib/python3.10/dist-packages/ctd_interfaces/action/_acquire_data.py'...
[10.531s] Listing '/ws/install/ctd_interfaces/local/lib/python3.10/dist-packages/ctd_interfaces/msg'...
[10.531s] Compiling '/ws/install/ctd_interfaces/local/lib/python3.10/dist-packages/ctd_interfaces/msg/__init__.py'...
[10.531s] Compiling '/ws/install/ctd_interfaces/local/lib/python3.10/dist-packages/ctd_interfaces/msg/_ctd_measurement.py'...
[10.531s] Listing '/ws/install/ctd_interfaces/local/lib/python3.10/dist-packages/ctd_interfaces/srv'...
[10.531s] Compiling '/ws/install/ctd_interfaces/local/lib/python3.10/dist-packages/ctd_interfaces/srv/__init__.py'...
[10.531s] Compiling '/ws/install/ctd_interfaces/local/lib/python3.10/dist-packages/ctd_interfaces/srv/_set_acquisition.py'...
[10.536s] -- Installing: /ws/install/ctd_interfaces/local/lib/python3.10/dist-packages/ctd_interfaces/ctd_interfaces_s__rosidl_typesupport_fastrtps_c.cpython-310-x86_64-linux-gnu.so
[10.538s] -- Set runtime path of "/ws/install/ctd_interfaces/local/lib/python3.10/dist-packages/ctd_interfaces/ctd_interfaces_s__rosidl_typesupport_fastrtps_c.cpython-310-x86_64-linux-gnu.so" to ""
[10.539s] -- Installing: /ws/install/ctd_interfaces/local/lib/python3.10/dist-packages/ctd_interfaces/ctd_interfaces_s__rosidl_typesupport_introspection_c.cpython-310-x86_64-linux-gnu.so
[10.540s] -- Set runtime path of "/ws/install/ctd_interfaces/local/lib/python3.10/dist-packages/ctd_interfaces/ctd_interfaces_s__rosidl_typesupport_introspection_c.cpython-310-x86_64-linux-gnu.so" to ""
[10.541s] -- Installing: /ws/install/ctd_interfaces/local/lib/python3.10/dist-packages/ctd_interfaces/ctd_interfaces_s__rosidl_typesupport_c.cpython-310-x86_64-linux-gnu.so
[10.542s] -- Set runtime path of "/ws/install/ctd_interfaces/local/lib/python3.10/dist-packages/ctd_interfaces/ctd_interfaces_s__rosidl_typesupport_c.cpython-310-x86_64-linux-gnu.so" to ""
[10.542s] -- Installing: /ws/install/ctd_interfaces/lib/libctd_interfaces__rosidl_generator_py.so
[10.544s] -- Set runtime path of "/ws/install/ctd_interfaces/lib/libctd_interfaces__rosidl_generator_py.so" to ""
[10.544s] -- Installing: /ws/install/ctd_interfaces/share/ctd_interfaces/msg/CtdMeasurement.idl
[10.545s] -- Installing: /ws/install/ctd_interfaces/share/ctd_interfaces/srv/SetAcquisition.idl
[10.547s] -- Installing: /ws/install/ctd_interfaces/share/ctd_interfaces/action/AcquireData.idl
[10.548s] -- Installing: /ws/install/ctd_interfaces/share/ctd_interfaces/msg/CtdMeasurement.msg
[10.549s] -- Installing: /ws/install/ctd_interfaces/share/ctd_interfaces/srv/SetAcquisition.srv
[10.550s] -- Installing: /ws/install/ctd_interfaces/share/ctd_interfaces/srv/SetAcquisition_Request.msg
[10.550s] -- Installing: /ws/install/ctd_interfaces/share/ctd_interfaces/srv/SetAcquisition_Response.msg
[10.551s] -- Installing: /ws/install/ctd_interfaces/share/ctd_interfaces/action/AcquireData.action
[10.553s] -- Installing: /ws/install/ctd_interfaces/share/ament_index/resource_index/package_run_dependencies/ctd_interfaces
[10.554s] -- Installing: /ws/install/ctd_interfaces/share/ament_index/resource_index/parent_prefix_path/ctd_interfaces
[10.555s] -- Installing: /ws/install/ctd_interfaces/share/ctd_interfaces/environment/ament_prefix_path.sh
[10.556s] -- Installing: /ws/install/ctd_interfaces/share/ctd_interfaces/environment/ament_prefix_path.dsv
[10.557s] -- Installing: /ws/install/ctd_interfaces/share/ctd_interfaces/environment/path.sh
[10.558s] -- Installing: /ws/install/ctd_interfaces/share/ctd_interfaces/environment/path.dsv
[10.559s] -- Installing: /ws/install/ctd_interfaces/share/ctd_interfaces/local_setup.bash
[10.560s] -- Installing: /ws/install/ctd_interfaces/share/ctd_interfaces/local_setup.sh
[10.561s] -- Installing: /ws/install/ctd_interfaces/share/ctd_interfaces/local_setup.zsh
[10.562s] -- Installing: /ws/install/ctd_interfaces/share/ctd_interfaces/local_setup.dsv
[10.563s] -- Installing: /ws/install/ctd_interfaces/share/ctd_interfaces/package.dsv
[10.564s] -- Installing: /ws/install/ctd_interfaces/share/ament_index/resource_index/packages/ctd_interfaces
[10.565s] -- Installing: /ws/install/ctd_interfaces/share/ctd_interfaces/cmake/export_ctd_interfaces__rosidl_generator_cExport.cmake
[10.566s] -- Installing: /ws/install/ctd_interfaces/share/ctd_interfaces/cmake/export_ctd_interfaces__rosidl_generator_cExport-noconfig.cmake
[10.567s] -- Installing: /ws/install/ctd_interfaces/share/ctd_interfaces/cmake/export_ctd_interfaces__rosidl_typesupport_fastrtps_cExport.cmake
[10.568s] -- Installing: /ws/install/ctd_interfaces/share/ctd_interfaces/cmake/export_ctd_interfaces__rosidl_typesupport_fastrtps_cExport-noconfig.cmake
[10.570s] -- Installing: /ws/install/ctd_interfaces/share/ctd_interfaces/cmake/ctd_interfaces__rosidl_typesupport_introspection_cExport.cmake
[10.571s] -- Installing: /ws/install/ctd_interfaces/share/ctd_interfaces/cmake/ctd_interfaces__rosidl_typesupport_introspection_cExport-noconfig.cmake
[10.572s] -- Installing: /ws/install/ctd_interfaces/share/ctd_interfaces/cmake/ctd_interfaces__rosidl_typesupport_cExport.cmake
[10.573s] -- Installing: /ws/install/ctd_interfaces/share/ctd_interfaces/cmake/ctd_interfaces__rosidl_typesupport_cExport-noconfig.cmake
[10.574s] -- Installing: /ws/install/ctd_interfaces/share/ctd_interfaces/cmake/export_ctd_interfaces__rosidl_generator_cppExport.cmake
[10.575s] -- Installing: /ws/install/ctd_interfaces/share/ctd_interfaces/cmake/export_ctd_interfaces__rosidl_typesupport_fastrtps_cppExport.cmake
[10.576s] -- Installing: /ws/install/ctd_interfaces/share/ctd_interfaces/cmake/export_ctd_interfaces__rosidl_typesupport_fastrtps_cppExport-noconfig.cmake
[10.577s] -- Installing: /ws/install/ctd_interfaces/share/ctd_interfaces/cmake/ctd_interfaces__rosidl_typesupport_introspection_cppExport.cmake
[10.578s] -- Installing: /ws/install/ctd_interfaces/share/ctd_interfaces/cmake/ctd_interfaces__rosidl_typesupport_introspection_cppExport-noconfig.cmake
[10.579s] -- Installing: /ws/install/ctd_interfaces/share/ctd_interfaces/cmake/ctd_interfaces__rosidl_typesupport_cppExport.cmake
[10.581s] -- Installing: /ws/install/ctd_interfaces/share/ctd_interfaces/cmake/ctd_interfaces__rosidl_typesupport_cppExport-noconfig.cmake
[10.582s] -- Installing: /ws/install/ctd_interfaces/share/ctd_interfaces/cmake/export_ctd_interfaces__rosidl_generator_pyExport.cmake
[10.583s] -- Installing: /ws/install/ctd_interfaces/share/ctd_interfaces/cmake/export_ctd_interfaces__rosidl_generator_pyExport-noconfig.cmake
[10.584s] -- Installing: /ws/install/ctd_interfaces/share/ctd_interfaces/cmake/rosidl_cmake-extras.cmake
[10.585s] -- Installing: /ws/install/ctd_interfaces/share/ctd_interfaces/cmake/ament_cmake_export_dependencies-extras.cmake
[10.586s] -- Installing: /ws/install/ctd_interfaces/share/ctd_interfaces/cmake/ament_cmake_export_include_directories-extras.cmake
[10.587s] -- Installing: /ws/install/ctd_interfaces/share/ctd_interfaces/cmake/ament_cmake_export_libraries-extras.cmake
[10.588s] -- Installing: /ws/install/ctd_interfaces/share/ctd_interfaces/cmake/ament_cmake_export_targets-extras.cmake
[10.589s] -- Installing: /ws/install/ctd_interfaces/share/ctd_interfaces/cmake/rosidl_cmake_export_typesupport_targets-extras.cmake
[10.590s] -- Installing: /ws/install/ctd_interfaces/share/ctd_interfaces/cmake/rosidl_cmake_export_typesupport_libraries-extras.cmake
[10.591s] -- Installing: /ws/install/ctd_interfaces/share/ctd_interfaces/cmake/ctd_interfacesConfig.cmake
[10.592s] -- Installing: /ws/install/ctd_interfaces/share/ctd_interfaces/cmake/ctd_interfacesConfig-version.cmake
[10.593s] -- Installing: /ws/install/ctd_interfaces/share/ctd_interfaces/package.xml
[10.601s] Invoked command in '/ws/build/ctd_interfaces' returned '0': CMAKE_PREFIX_PATH=/opt/ros/humble /usr/bin/cmake --install /ws/build/ctd_interfaces
