[0.077s] DEBUG:colcon:Command line arguments: ['/usr/bin/colcon', 'build', '--packages-select', 'ctd_interfaces']
[0.078s] DEBUG:colcon:Parsed command line arguments: Namespace(log_base=None, log_level=None, verb_name='build', build_base='build', install_base='install', merge_install=False, symlink_install=False, test_result_base=None, continue_on_error=False, executor='parallel', parallel_workers=10, event_handlers=None, ignore_user_meta=False, metas=['./colcon.meta'], base_paths=['.'], packages_ignore=None, packages_ignore_regex=None, paths=None, packages_up_to=None, packages_up_to_regex=None, packages_above=None, packages_above_and_dependencies=None, packages_above_depth=None, packages_select_by_dep=None, packages_skip_by_dep=None, packages_skip_up_to=None, packages_select_build_failed=False, packages_skip_build_finished=False, packages_select_test_failures=False, packages_skip_test_passed=False, packages_select=['ctd_interfaces'], packages_skip=None, packages_select_regex=None, packages_skip_regex=None, packages_start=None, packages_end=None, cmake_args=None, cmake_target=None, cmake_target_skip_unavailable=False, cmake_clean_cache=False, cmake_clean_first=False, cmake_force_configure=False, ament_cmake_args=None, catkin_cmake_args=None, catkin_skip_building_tests=False, mixin_files=None, mixin=None, verb_parser=<colcon_mixin.mixin.mixin_argument.MixinArgumentDecorator object at 0x7ffffe1f3220>, verb_extension=<colcon_core.verb.build.BuildVerb object at 0x7ffffe3a8c10>, main=<bound method BuildVerb.main of <colcon_core.verb.build.BuildVerb object at 0x7ffffe3a8c10>>, mixin_verb=('build',))
[0.151s] Level 1:colcon.colcon_core.package_discovery:discover_packages(colcon_meta) check parameters
[0.152s] INFO:colcon.colcon_metadata.package_discovery.colcon_meta:Using configuration from '/root/.colcon/metadata/default/Gazebo.meta'
[0.152s] INFO:colcon.colcon_metadata.package_discovery.colcon_meta:Using configuration from '/root/.colcon/metadata/default/fastdds.meta'
[0.153s] INFO:colcon.colcon_metadata.package_discovery.colcon_meta:Using configuration from '/root/.colcon/metadata/default/fastrtps.meta'
[0.153s] Level 1:colcon.colcon_core.package_discovery:discover_packages(recursive) check parameters
[0.153s] Level 1:colcon.colcon_core.package_discovery:discover_packages(ignore) check parameters
[0.153s] Level 1:colcon.colcon_core.package_discovery:discover_packages(path) check parameters
[0.153s] Level 1:colcon.colcon_core.package_discovery:discover_packages(colcon_meta) discover
[0.153s] Level 1:colcon.colcon_core.package_discovery:discover_packages(recursive) discover
[0.153s] INFO:colcon.colcon_core.package_discovery:Crawling recursively for packages in '/ws'
[0.153s] Level 1:colcon.colcon_core.package_identification:_identify(.) by extensions ['ignore', 'ignore_ament_install']
[0.154s] Level 1:colcon.colcon_core.package_identification:_identify(.) by extension 'ignore'
[0.154s] Level 1:colcon.colcon_core.package_identification:_identify(.) by extension 'ignore_ament_install'
[0.154s] Level 1:colcon.colcon_core.package_identification:_identify(.) by extensions ['colcon_pkg']
[0.154s] Level 1:colcon.colcon_core.package_identification:_identify(.) by extension 'colcon_pkg'
[0.154s] Level 1:colcon.colcon_core.package_identification:_identify(.) by extensions ['colcon_meta']
[0.154s] Level 1:colcon.colcon_core.package_identification:_identify(.) by extension 'colcon_meta'
[0.154s] Level 1:colcon.colcon_core.package_identification:_identify(.) by extensions ['ros']
[0.154s] Level 1:colcon.colcon_core.package_identification:_identify(.) by extension 'ros'
[0.161s] Level 1:colcon.colcon_core.package_identification:_identify(.) by extensions ['cmake', 'python']
[0.161s] Level 1:colcon.colcon_core.package_identification:_identify(.) by extension 'cmake'
[0.161s] Level 1:colcon.colcon_core.package_identification:_identify(.) by extension 'python'
[0.161s] Level 1:colcon.colcon_core.package_identification:_identify(.) by extensions ['python_setup_py']
[0.161s] Level 1:colcon.colcon_core.package_identification:_identify(.) by extension 'python_setup_py'
[0.161s] Level 1:colcon.colcon_core.package_identification:_identify(build) by extensions ['ignore', 'ignore_ament_install']
[0.161s] Level 1:colcon.colcon_core.package_identification:_identify(build) by extension 'ignore'
[0.161s] Level 1:colcon.colcon_core.package_identification:_identify(build) ignored
[0.162s] Level 1:colcon.colcon_core.package_identification:_identify(install) by extensions ['ignore', 'ignore_ament_install']
[0.162s] Level 1:colcon.colcon_core.package_identification:_identify(install) by extension 'ignore'
[0.162s] Level 1:colcon.colcon_core.package_identification:_identify(install) ignored
[0.162s] Level 1:colcon.colcon_core.package_identification:_identify(log) by extensions ['ignore', 'ignore_ament_install']
[0.162s] Level 1:colcon.colcon_core.package_identification:_identify(log) by extension 'ignore'
[0.162s] Level 1:colcon.colcon_core.package_identification:_identify(log) ignored
[0.162s] Level 1:colcon.colcon_core.package_identification:_identify(src) by extensions ['ignore', 'ignore_ament_install']
[0.162s] Level 1:colcon.colcon_core.package_identification:_identify(src) by extension 'ignore'
[0.162s] Level 1:colcon.colcon_core.package_identification:_identify(src) by extension 'ignore_ament_install'
[0.163s] Level 1:colcon.colcon_core.package_identification:_identify(src) by extensions ['colcon_pkg']
[0.163s] Level 1:colcon.colcon_core.package_identification:_identify(src) by extension 'colcon_pkg'
[0.163s] Level 1:colcon.colcon_core.package_identification:_identify(src) by extensions ['colcon_meta']
[0.163s] Level 1:colcon.colcon_core.package_identification:_identify(src) by extension 'colcon_meta'
[0.163s] Level 1:colcon.colcon_core.package_identification:_identify(src) by extensions ['ros']
[0.163s] Level 1:colcon.colcon_core.package_identification:_identify(src) by extension 'ros'
[0.163s] Level 1:colcon.colcon_core.package_identification:_identify(src) by extensions ['cmake', 'python']
[0.163s] Level 1:colcon.colcon_core.package_identification:_identify(src) by extension 'cmake'
[0.163s] Level 1:colcon.colcon_core.package_identification:_identify(src) by extension 'python'
[0.163s] Level 1:colcon.colcon_core.package_identification:_identify(src) by extensions ['python_setup_py']
[0.163s] Level 1:colcon.colcon_core.package_identification:_identify(src) by extension 'python_setup_py'
[0.163s] Level 1:colcon.colcon_core.package_identification:_identify(src/ctd_interfaces) by extensions ['ignore', 'ignore_ament_install']
[0.164s] Level 1:colcon.colcon_core.package_identification:_identify(src/ctd_interfaces) by extension 'ignore'
[0.164s] Level 1:colcon.colcon_core.package_identification:_identify(src/ctd_interfaces) by extension 'ignore_ament_install'
[0.164s] Level 1:colcon.colcon_core.package_identification:_identify(src/ctd_interfaces) by extensions ['colcon_pkg']
[0.164s] Level 1:colcon.colcon_core.package_identification:_identify(src/ctd_interfaces) by extension 'colcon_pkg'
[0.164s] Level 1:colcon.colcon_core.package_identification:_identify(src/ctd_interfaces) by extensions ['colcon_meta']
[0.164s] Level 1:colcon.colcon_core.package_identification:_identify(src/ctd_interfaces) by extension 'colcon_meta'
[0.164s] Level 1:colcon.colcon_core.package_identification:_identify(src/ctd_interfaces) by extensions ['ros']
[0.164s] Level 1:colcon.colcon_core.package_identification:_identify(src/ctd_interfaces) by extension 'ros'
[0.169s] DEBUG:colcon.colcon_core.package_identification:Package 'src/ctd_interfaces' with type 'ros.ament_cmake' and name 'ctd_interfaces'
[0.169s] Level 1:colcon.colcon_core.package_identification:_identify(src/ctd_system) by extensions ['ignore', 'ignore_ament_install']
[0.169s] Level 1:colcon.colcon_core.package_identification:_identify(src/ctd_system) by extension 'ignore'
[0.169s] Level 1:colcon.colcon_core.package_identification:_identify(src/ctd_system) by extension 'ignore_ament_install'
[0.169s] Level 1:colcon.colcon_core.package_identification:_identify(src/ctd_system) by extensions ['colcon_pkg']
[0.169s] Level 1:colcon.colcon_core.package_identification:_identify(src/ctd_system) by extension 'colcon_pkg'
[0.169s] Level 1:colcon.colcon_core.package_identification:_identify(src/ctd_system) by extensions ['colcon_meta']
[0.169s] Level 1:colcon.colcon_core.package_identification:_identify(src/ctd_system) by extension 'colcon_meta'
[0.169s] Level 1:colcon.colcon_core.package_identification:_identify(src/ctd_system) by extensions ['ros']
[0.170s] Level 1:colcon.colcon_core.package_identification:_identify(src/ctd_system) by extension 'ros'
[0.170s] DEBUG:colcon.colcon_core.package_identification:Package 'src/ctd_system' with type 'ros.ament_python' and name 'ctd_system'
[0.170s] Level 1:colcon.colcon_core.package_discovery:discover_packages(recursive) using defaults
[0.170s] Level 1:colcon.colcon_core.package_discovery:discover_packages(ignore) discover
[0.170s] Level 1:colcon.colcon_core.package_discovery:discover_packages(ignore) using defaults
[0.170s] Level 1:colcon.colcon_core.package_discovery:discover_packages(path) discover
[0.171s] Level 1:colcon.colcon_core.package_discovery:discover_packages(path) using defaults
[0.183s] INFO:colcon.colcon_core.package_selection:Skipping not selected package 'ctd_system' in 'src/ctd_system'
[0.183s] Level 5:colcon.colcon_core.verb:set package 'ctd_interfaces' build argument 'cmake_args' from command line to 'None'
[0.183s] Level 5:colcon.colcon_core.verb:set package 'ctd_interfaces' build argument 'cmake_target' from command line to 'None'
[0.183s] Level 5:colcon.colcon_core.verb:set package 'ctd_interfaces' build argument 'cmake_target_skip_unavailable' from command line to 'False'
[0.183s] Level 5:colcon.colcon_core.verb:set package 'ctd_interfaces' build argument 'cmake_clean_cache' from command line to 'False'
[0.183s] Level 5:colcon.colcon_core.verb:set package 'ctd_interfaces' build argument 'cmake_clean_first' from command line to 'False'
[0.183s] Level 5:colcon.colcon_core.verb:set package 'ctd_interfaces' build argument 'cmake_force_configure' from command line to 'False'
[0.183s] Level 5:colcon.colcon_core.verb:set package 'ctd_interfaces' build argument 'ament_cmake_args' from command line to 'None'
[0.183s] Level 5:colcon.colcon_core.verb:set package 'ctd_interfaces' build argument 'catkin_cmake_args' from command line to 'None'
[0.183s] Level 5:colcon.colcon_core.verb:set package 'ctd_interfaces' build argument 'catkin_skip_building_tests' from command line to 'False'
[0.183s] DEBUG:colcon.colcon_core.verb:Building package 'ctd_interfaces' with the following arguments: {'ament_cmake_args': None, 'build_base': '/ws/build/ctd_interfaces', 'catkin_cmake_args': None, 'catkin_skip_building_tests': False, 'cmake_args': None, 'cmake_clean_cache': False, 'cmake_clean_first': False, 'cmake_force_configure': False, 'cmake_target': None, 'cmake_target_skip_unavailable': False, 'install_base': '/ws/install/ctd_interfaces', 'merge_install': False, 'path': '/ws/src/ctd_interfaces', 'symlink_install': False, 'test_result_base': None}
[0.183s] INFO:colcon.colcon_core.executor:Executing jobs using 'parallel' executor
[0.185s] DEBUG:colcon.colcon_parallel_executor.executor.parallel:run_until_complete
[0.186s] INFO:colcon.colcon_ros.task.ament_cmake.build:Building ROS package in '/ws/src/ctd_interfaces' with build type 'ament_cmake'
[0.186s] INFO:colcon.colcon_cmake.task.cmake.build:Building CMake package in '/ws/src/ctd_interfaces'
[0.188s] INFO:colcon.colcon_core.plugin_system:Skipping extension 'colcon_core.shell.bat': Not used on non-Windows systems
[0.188s] INFO:colcon.colcon_core.shell:Skip shell extension 'powershell' for command environment: Not usable outside of PowerShell
[0.188s] DEBUG:colcon.colcon_core.shell:Skip shell extension 'dsv' for command environment
[0.227s] DEBUG:colcon.colcon_core.event_handler.log_command:Invoking command in '/ws/build/ctd_interfaces': CMAKE_PREFIX_PATH=/opt/ros/humble /usr/bin/cmake /ws/src/ctd_interfaces -DCMAKE_INSTALL_PREFIX=/ws/install/ctd_interfaces
[4.216s] DEBUG:colcon.colcon_core.event_handler.log_command:Invoked command in '/ws/build/ctd_interfaces' returned '0': CMAKE_PREFIX_PATH=/opt/ros/humble /usr/bin/cmake /ws/src/ctd_interfaces -DCMAKE_INSTALL_PREFIX=/ws/install/ctd_interfaces
[4.222s] DEBUG:colcon.colcon_core.event_handler.log_command:Invoking command in '/ws/build/ctd_interfaces': CMAKE_PREFIX_PATH=/opt/ros/humble /usr/bin/cmake --build /ws/build/ctd_interfaces -- -j10 -l10
[10.434s] DEBUG:colcon.colcon_core.event_handler.log_command:Invoked command in '/ws/build/ctd_interfaces' returned '0': CMAKE_PREFIX_PATH=/opt/ros/humble /usr/bin/cmake --build /ws/build/ctd_interfaces -- -j10 -l10
[10.467s] DEBUG:colcon.colcon_core.event_handler.log_command:Invoking command in '/ws/build/ctd_interfaces': CMAKE_PREFIX_PATH=/opt/ros/humble /usr/bin/cmake --install /ws/build/ctd_interfaces
[10.790s] Level 1:colcon.colcon_core.environment:create_environment_scripts_only(ctd_interfaces)
[10.791s] Level 1:colcon.colcon_core.environment:checking '/ws/install/ctd_interfaces' for CMake module files
[10.792s] DEBUG:colcon.colcon_core.event_handler.log_command:Invoked command in '/ws/build/ctd_interfaces' returned '0': CMAKE_PREFIX_PATH=/opt/ros/humble /usr/bin/cmake --install /ws/build/ctd_interfaces
[10.794s] Level 1:colcon.colcon_core.environment:checking '/ws/install/ctd_interfaces' for CMake config files
[10.797s] Level 1:colcon.colcon_core.shell:create_environment_hook('ctd_interfaces', 'cmake_prefix_path')
[10.797s] INFO:colcon.colcon_core.shell:Creating environment hook '/ws/install/ctd_interfaces/share/ctd_interfaces/hook/cmake_prefix_path.ps1'
[10.799s] INFO:colcon.colcon_core.shell:Creating environment descriptor '/ws/install/ctd_interfaces/share/ctd_interfaces/hook/cmake_prefix_path.dsv'
[10.799s] INFO:colcon.colcon_core.shell:Creating environment hook '/ws/install/ctd_interfaces/share/ctd_interfaces/hook/cmake_prefix_path.sh'
[10.800s] Level 1:colcon.colcon_core.environment:checking '/ws/install/ctd_interfaces/lib'
[10.800s] Level 1:colcon.colcon_core.shell:create_environment_hook('ctd_interfaces', 'ld_library_path_lib')
[10.800s] INFO:colcon.colcon_core.shell:Creating environment hook '/ws/install/ctd_interfaces/share/ctd_interfaces/hook/ld_library_path_lib.ps1'
[10.801s] INFO:colcon.colcon_core.shell:Creating environment descriptor '/ws/install/ctd_interfaces/share/ctd_interfaces/hook/ld_library_path_lib.dsv'
[10.801s] INFO:colcon.colcon_core.shell:Creating environment hook '/ws/install/ctd_interfaces/share/ctd_interfaces/hook/ld_library_path_lib.sh'
[10.802s] Level 1:colcon.colcon_core.environment:checking '/ws/install/ctd_interfaces/bin'
[10.802s] Level 1:colcon.colcon_core.environment:checking '/ws/install/ctd_interfaces/lib/pkgconfig/ctd_interfaces.pc'
[10.803s] Level 1:colcon.colcon_core.environment:checking '/ws/install/ctd_interfaces/lib/python3.10/site-packages'
[10.803s] Level 1:colcon.colcon_core.environment:checking '/ws/install/ctd_interfaces/bin'
[10.803s] INFO:colcon.colcon_core.shell:Creating package script '/ws/install/ctd_interfaces/share/ctd_interfaces/package.ps1'
[10.804s] INFO:colcon.colcon_core.shell:Creating package descriptor '/ws/install/ctd_interfaces/share/ctd_interfaces/package.dsv'
[10.804s] INFO:colcon.colcon_core.shell:Creating package script '/ws/install/ctd_interfaces/share/ctd_interfaces/package.sh'
[10.805s] INFO:colcon.colcon_core.shell:Creating package script '/ws/install/ctd_interfaces/share/ctd_interfaces/package.bash'
[10.806s] INFO:colcon.colcon_core.shell:Creating package script '/ws/install/ctd_interfaces/share/ctd_interfaces/package.zsh'
[10.806s] Level 1:colcon.colcon_core.environment:create_file_with_runtime_dependencies(/ws/install/ctd_interfaces/share/colcon-core/packages/ctd_interfaces)
[10.808s] Level 1:colcon.colcon_core.environment:create_environment_scripts_only(ctd_interfaces)
[10.808s] Level 1:colcon.colcon_core.environment:checking '/ws/install/ctd_interfaces' for CMake module files
[10.809s] Level 1:colcon.colcon_core.environment:checking '/ws/install/ctd_interfaces' for CMake config files
[10.812s] Level 1:colcon.colcon_core.shell:create_environment_hook('ctd_interfaces', 'cmake_prefix_path')
[10.812s] INFO:colcon.colcon_core.shell:Creating environment hook '/ws/install/ctd_interfaces/share/ctd_interfaces/hook/cmake_prefix_path.ps1'
[10.813s] INFO:colcon.colcon_core.shell:Creating environment descriptor '/ws/install/ctd_interfaces/share/ctd_interfaces/hook/cmake_prefix_path.dsv'
[10.813s] INFO:colcon.colcon_core.shell:Creating environment hook '/ws/install/ctd_interfaces/share/ctd_interfaces/hook/cmake_prefix_path.sh'
[10.813s] Level 1:colcon.colcon_core.environment:checking '/ws/install/ctd_interfaces/lib'
[10.814s] Level 1:colcon.colcon_core.shell:create_environment_hook('ctd_interfaces', 'ld_library_path_lib')
[10.814s] INFO:colcon.colcon_core.shell:Creating environment hook '/ws/install/ctd_interfaces/share/ctd_interfaces/hook/ld_library_path_lib.ps1'
[10.814s] INFO:colcon.colcon_core.shell:Creating environment descriptor '/ws/install/ctd_interfaces/share/ctd_interfaces/hook/ld_library_path_lib.dsv'
[10.814s] INFO:colcon.colcon_core.shell:Creating environment hook '/ws/install/ctd_interfaces/share/ctd_interfaces/hook/ld_library_path_lib.sh'
[10.815s] Level 1:colcon.colcon_core.environment:checking '/ws/install/ctd_interfaces/bin'
[10.815s] Level 1:colcon.colcon_core.environment:checking '/ws/install/ctd_interfaces/lib/pkgconfig/ctd_interfaces.pc'
[10.815s] Level 1:colcon.colcon_core.environment:checking '/ws/install/ctd_interfaces/lib/python3.10/site-packages'
[10.815s] Level 1:colcon.colcon_core.environment:checking '/ws/install/ctd_interfaces/bin'
[10.815s] INFO:colcon.colcon_core.shell:Creating package script '/ws/install/ctd_interfaces/share/ctd_interfaces/package.ps1'
[10.816s] INFO:colcon.colcon_core.shell:Creating package descriptor '/ws/install/ctd_interfaces/share/ctd_interfaces/package.dsv'
[10.816s] INFO:colcon.colcon_core.shell:Creating package script '/ws/install/ctd_interfaces/share/ctd_interfaces/package.sh'
[10.816s] INFO:colcon.colcon_core.shell:Creating package script '/ws/install/ctd_interfaces/share/ctd_interfaces/package.bash'
[10.817s] INFO:colcon.colcon_core.shell:Creating package script '/ws/install/ctd_interfaces/share/ctd_interfaces/package.zsh'
[10.817s] Level 1:colcon.colcon_core.environment:create_file_with_runtime_dependencies(/ws/install/ctd_interfaces/share/colcon-core/packages/ctd_interfaces)
[10.818s] DEBUG:colcon.colcon_parallel_executor.executor.parallel:closing loop
[10.818s] DEBUG:colcon.colcon_parallel_executor.executor.parallel:loop closed
[10.818s] DEBUG:colcon.colcon_parallel_executor.executor.parallel:run_until_complete finished with '0'
[10.818s] DEBUG:colcon.colcon_core.event_reactor:joining thread
[10.823s] INFO:colcon.colcon_core.plugin_system:Skipping extension 'colcon_notification.desktop_notification.notify_send': Could not find 'notify-send'
[10.823s] INFO:colcon.colcon_core.plugin_system:Skipping extension 'colcon_notification.desktop_notification.terminal_notifier': Not used on non-Darwin systems
[10.823s] INFO:colcon.colcon_core.plugin_system:Skipping extension 'colcon_notification.desktop_notification.win32': Not used on non-Windows systems
[10.823s] INFO:colcon.colcon_notification.desktop_notification:Sending desktop notification using 'notify2'
[10.824s] DEBUG:colcon.colcon_notification.desktop_notification.notify2:Failed to initialize notify2: org.freedesktop.DBus.Error.NotSupported: Unable to autolaunch a dbus-daemon without a $DISPLAY for X11
[10.824s] DEBUG:colcon.colcon_core.event_reactor:joined thread
[10.825s] INFO:colcon.colcon_core.shell:Creating prefix script '/ws/install/local_setup.ps1'
[10.826s] INFO:colcon.colcon_core.shell:Creating prefix util module '/ws/install/_local_setup_util_ps1.py'
[10.828s] INFO:colcon.colcon_core.shell:Creating prefix chain script '/ws/install/setup.ps1'
[10.828s] INFO:colcon.colcon_core.shell:Creating prefix script '/ws/install/local_setup.sh'
[10.829s] INFO:colcon.colcon_core.shell:Creating prefix util module '/ws/install/_local_setup_util_sh.py'
[10.829s] INFO:colcon.colcon_core.shell:Creating prefix chain script '/ws/install/setup.sh'
[10.830s] INFO:colcon.colcon_core.shell:Creating prefix script '/ws/install/local_setup.bash'
[10.831s] INFO:colcon.colcon_core.shell:Creating prefix chain script '/ws/install/setup.bash'
[10.831s] INFO:colcon.colcon_core.shell:Creating prefix script '/ws/install/local_setup.zsh'
[10.832s] INFO:colcon.colcon_core.shell:Creating prefix chain script '/ws/install/setup.zsh'
