running egg_info
writing ../../build/ctd_system/ctd_system.egg-info/PKG-INFO
writing dependency_links to ../../build/ctd_system/ctd_system.egg-info/dependency_links.txt
writing entry points to ../../build/ctd_system/ctd_system.egg-info/entry_points.txt
writing requirements to ../../build/ctd_system/ctd_system.egg-info/requires.txt
writing top-level names to ../../build/ctd_system/ctd_system.egg-info/top_level.txt
reading manifest file '../../build/ctd_system/ctd_system.egg-info/SOURCES.txt'
writing manifest file '../../build/ctd_system/ctd_system.egg-info/SOURCES.txt'
running build
running build_py
copying ctd_system/web_app.py -> /ws/build/ctd_system/build/lib/ctd_system
copying ctd_system/sensor_bridge_node.py -> /ws/build/ctd_system/build/lib/ctd_system
copying ctd_system/acquire_action_server.py -> /ws/build/ctd_system/build/lib/ctd_system
creating /ws/build/ctd_system/build/lib/ctd_system/templates
copying ctd_system/templates/index.html -> /ws/build/ctd_system/build/lib/ctd_system/templates
running install
running install_lib
copying /ws/build/ctd_system/build/lib/ctd_system/web_app.py -> /ws/install/ctd_system/lib/python3.10/site-packages/ctd_system
copying /ws/build/ctd_system/build/lib/ctd_system/sensor_bridge_node.py -> /ws/install/ctd_system/lib/python3.10/site-packages/ctd_system
copying /ws/build/ctd_system/build/lib/ctd_system/acquire_action_server.py -> /ws/install/ctd_system/lib/python3.10/site-packages/ctd_system
creating /ws/install/ctd_system/lib/python3.10/site-packages/ctd_system/templates
copying /ws/build/ctd_system/build/lib/ctd_system/templates/index.html -> /ws/install/ctd_system/lib/python3.10/site-packages/ctd_system/templates
byte-compiling /ws/install/ctd_system/lib/python3.10/site-packages/ctd_system/web_app.py to web_app.cpython-310.pyc
byte-compiling /ws/install/ctd_system/lib/python3.10/site-packages/ctd_system/sensor_bridge_node.py to sensor_bridge_node.cpython-310.pyc
byte-compiling /ws/install/ctd_system/lib/python3.10/site-packages/ctd_system/acquire_action_server.py to acquire_action_server.cpython-310.pyc
running install_data
error: can't copy 'resource/ctd_system': doesn't exist or not a regular file
