[0.520s] Invoking command in '/ws/src/ctd_system': PYTHONPATH=/ws/build/ctd_system/prefix_override:/usr/lib/python3/dist-packages/colcon_core/task/python/colcon_distutils_commands:/ws/install/ctd_system/lib/python3.10/site-packages:${PYTHONPATH} /usr/bin/python3 -W ignore:setup.py install is deprecated -W ignore:easy_install command is deprecated setup.py egg_info --egg-base ../../build/ctd_system build --build-base /ws/build/ctd_system/build install --record /ws/build/ctd_system/install.log --single-version-externally-managed install_data
[0.694s] running egg_info
[0.695s] writing ../../build/ctd_system/ctd_system.egg-info/PKG-INFO
[0.695s] writing dependency_links to ../../build/ctd_system/ctd_system.egg-info/dependency_links.txt
[0.696s] writing entry points to ../../build/ctd_system/ctd_system.egg-info/entry_points.txt
[0.696s] writing requirements to ../../build/ctd_system/ctd_system.egg-info/requires.txt
[0.696s] writing top-level names to ../../build/ctd_system/ctd_system.egg-info/top_level.txt
[0.698s] reading manifest file '../../build/ctd_system/ctd_system.egg-info/SOURCES.txt'
[0.699s] writing manifest file '../../build/ctd_system/ctd_system.egg-info/SOURCES.txt'
[0.699s] running build
[0.699s] running build_py
[0.700s] copying ctd_system/command_service.py -> /ws/build/ctd_system/build/lib/ctd_system
[0.700s] copying ctd_system/web_app.py -> /ws/build/ctd_system/build/lib/ctd_system
[0.701s] copying ctd_system/sensor_bridge_node.py -> /ws/build/ctd_system/build/lib/ctd_system
[0.702s] copying ctd_system/state.py -> /ws/build/ctd_system/build/lib/ctd_system
[0.703s] running install
[0.703s] running install_lib
[0.703s] copying /ws/build/ctd_system/build/lib/ctd_system/command_service.py -> /ws/install/ctd_system/lib/python3.10/site-packages/ctd_system
[0.704s] copying /ws/build/ctd_system/build/lib/ctd_system/web_app.py -> /ws/install/ctd_system/lib/python3.10/site-packages/ctd_system
[0.705s] copying /ws/build/ctd_system/build/lib/ctd_system/sensor_bridge_node.py -> /ws/install/ctd_system/lib/python3.10/site-packages/ctd_system
[0.706s] copying /ws/build/ctd_system/build/lib/ctd_system/state.py -> /ws/install/ctd_system/lib/python3.10/site-packages/ctd_system
[0.707s] byte-compiling /ws/install/ctd_system/lib/python3.10/site-packages/ctd_system/command_service.py to command_service.cpython-310.pyc
[0.711s] byte-compiling /ws/install/ctd_system/lib/python3.10/site-packages/ctd_system/web_app.py to web_app.cpython-310.pyc
[0.712s] byte-compiling /ws/install/ctd_system/lib/python3.10/site-packages/ctd_system/sensor_bridge_node.py to sensor_bridge_node.cpython-310.pyc
[0.713s] byte-compiling /ws/install/ctd_system/lib/python3.10/site-packages/ctd_system/state.py to state.cpython-310.pyc
[0.715s] running install_data
[0.715s] copying launch/system.launch.py -> /ws/install/ctd_system/share/ctd_system/launch
[0.717s] running install_egg_info
[0.717s] removing '/ws/install/ctd_system/lib/python3.10/site-packages/ctd_system-0.0.1-py3.10.egg-info' (and everything under it)
[0.718s] Copying ../../build/ctd_system/ctd_system.egg-info to /ws/install/ctd_system/lib/python3.10/site-packages/ctd_system-0.0.1-py3.10.egg-info
[0.723s] running install_scripts
[0.741s] Installing acquire_action_client script to /ws/install/ctd_system/lib/ctd_system
[0.742s] Installing acquire_action_server script to /ws/install/ctd_system/lib/ctd_system
[0.742s] Installing command_client script to /ws/install/ctd_system/lib/ctd_system
[0.743s] Installing command_service script to /ws/install/ctd_system/lib/ctd_system
[0.743s] Installing sensor_bridge script to /ws/install/ctd_system/lib/ctd_system
[0.743s] Installing web_app script to /ws/install/ctd_system/lib/ctd_system
[0.745s] writing list of installed files to '/ws/build/ctd_system/install.log'
[0.761s] Invoked command in '/ws/src/ctd_system' returned '0': PYTHONPATH=/ws/build/ctd_system/prefix_override:/usr/lib/python3/dist-packages/colcon_core/task/python/colcon_distutils_commands:/ws/install/ctd_system/lib/python3.10/site-packages:${PYTHONPATH} /usr/bin/python3 -W ignore:setup.py install is deprecated -W ignore:easy_install command is deprecated setup.py egg_info --egg-base ../../build/ctd_system build --build-base /ws/build/ctd_system/build install --record /ws/build/ctd_system/install.log --single-version-externally-managed install_data
