running egg_info
creating ../../build/ctd_system/ctd_system.egg-info
writing ../../build/ctd_system/ctd_system.egg-info/PKG-INFO
writing dependency_links to ../../build/ctd_system/ctd_system.egg-info/dependency_links.txt
writing entry points to ../../build/ctd_system/ctd_system.egg-info/entry_points.txt
writing requirements to ../../build/ctd_system/ctd_system.egg-info/requires.txt
writing top-level names to ../../build/ctd_system/ctd_system.egg-info/top_level.txt
writing manifest file '../../build/ctd_system/ctd_system.egg-info/SOURCES.txt'
reading manifest file '../../build/ctd_system/ctd_system.egg-info/SOURCES.txt'
writing manifest file '../../build/ctd_system/ctd_system.egg-info/SOURCES.txt'
running build
running build_py
creating /ws/build/ctd_system/build
creating /ws/build/ctd_system/build/lib
creating /ws/build/ctd_system/build/lib/ctd_system
copying ctd_system/__init__.py -> /ws/build/ctd_system/build/lib/ctd_system
running install
running install_lib
creating /ws/install/ctd_system/lib/python3.10/site-packages/ctd_system
copying /ws/build/ctd_system/build/lib/ctd_system/__init__.py -> /ws/install/ctd_system/lib/python3.10/site-packages/ctd_system
byte-compiling /ws/install/ctd_system/lib/python3.10/site-packages/ctd_system/__init__.py to __init__.cpython-310.pyc
running install_data
creating /ws/install/ctd_system/share/ament_index
creating /ws/install/ctd_system/share/ament_index/resource_index
creating /ws/install/ctd_system/share/ament_index/resource_index/packages
copying resource/ctd_system -> /ws/install/ctd_system/share/ament_index/resource_index/packages
copying package.xml -> /ws/install/ctd_system/share/ctd_system
creating /ws/install/ctd_system/share/ctd_system/launch
running install_egg_info
Copying ../../build/ctd_system/ctd_system.egg-info to /ws/install/ctd_system/lib/python3.10/site-packages/ctd_system-0.0.1-py3.10.egg-info
running install_scripts
Installing acquire_action_client script to /ws/install/ctd_system/lib/ctd_system
Installing acquire_action_server script to /ws/install/ctd_system/lib/ctd_system
Installing command_client script to /ws/install/ctd_system/lib/ctd_system
Installing command_service script to /ws/install/ctd_system/lib/ctd_system
Installing sensor_bridge script to /ws/install/ctd_system/lib/ctd_system
writing list of installed files to '/ws/build/ctd_system/install.log'
