/ws/install/ctd_system/lib/python3.10/site-packages/ctd_system/command_service.py
/ws/install/ctd_system/lib/python3.10/site-packages/ctd_system/web_app.py
/ws/install/ctd_system/lib/python3.10/site-packages/ctd_system/command_client.py
/ws/install/ctd_system/lib/python3.10/site-packages/ctd_system/acquire_action_client.py
/ws/install/ctd_system/lib/python3.10/site-packages/ctd_system/sensor_bridge_node.py
/ws/install/ctd_system/lib/python3.10/site-packages/ctd_system/__init__.py
/ws/install/ctd_system/lib/python3.10/site-packages/ctd_system/acquire_action_server.py
/ws/install/ctd_system/lib/python3.10/site-packages/ctd_system/state.py
/ws/install/ctd_system/lib/python3.10/site-packages/ctd_system/__pycache__/command_service.cpython-310.pyc
/ws/install/ctd_system/lib/python3.10/site-packages/ctd_system/__pycache__/web_app.cpython-310.pyc
/ws/install/ctd_system/lib/python3.10/site-packages/ctd_system/__pycache__/command_client.cpython-310.pyc
/ws/install/ctd_system/lib/python3.10/site-packages/ctd_system/__pycache__/acquire_action_client.cpython-310.pyc
/ws/install/ctd_system/lib/python3.10/site-packages/ctd_system/__pycache__/sensor_bridge_node.cpython-310.pyc
/ws/install/ctd_system/lib/python3.10/site-packages/ctd_system/__pycache__/__init__.cpython-310.pyc
/ws/install/ctd_system/lib/python3.10/site-packages/ctd_system/__pycache__/acquire_action_server.cpython-310.pyc
/ws/install/ctd_system/lib/python3.10/site-packages/ctd_system/__pycache__/state.cpython-310.pyc
/ws/install/ctd_system/share/ament_index/resource_index/packages/ctd_system
/ws/install/ctd_system/share/ctd_system/package.xml
/ws/install/ctd_system/share/ctd_system/launch/system.launch.py
/ws/install/ctd_system/lib/python3.10/site-packages/ctd_system-0.0.1-py3.10.egg-info/PKG-INFO
/ws/install/ctd_system/lib/python3.10/site-packages/ctd_system-0.0.1-py3.10.egg-info/zip-safe
/ws/install/ctd_system/lib/python3.10/site-packages/ctd_system-0.0.1-py3.10.egg-info/SOURCES.txt
/ws/install/ctd_system/lib/python3.10/site-packages/ctd_system-0.0.1-py3.10.egg-info/entry_points.txt
/ws/install/ctd_system/lib/python3.10/site-packages/ctd_system-0.0.1-py3.10.egg-info/requires.txt
/ws/install/ctd_system/lib/python3.10/site-packages/ctd_system-0.0.1-py3.10.egg-info/top_level.txt
/ws/install/ctd_system/lib/python3.10/site-packages/ctd_system-0.0.1-py3.10.egg-info/dependency_links.txt
/ws/install/ctd_system/lib/ctd_system/acquire_action_client
/ws/install/ctd_system/lib/ctd_system/acquire_action_server
/ws/install/ctd_system/lib/ctd_system/command_client
/ws/install/ctd_system/lib/ctd_system/command_service
/ws/install/ctd_system/lib/ctd_system/sensor_bridge
/ws/install/ctd_system/lib/ctd_system/web_app
