[0.083s] DEBUG:colcon:Command line arguments: ['/usr/bin/colcon', 'build', '--packages-select', 'ctd_interfaces', 'ctd_system']
[0.084s] DEBUG:colcon:Parsed command line arguments: Namespace(log_base=None, log_level=None, verb_name='build', build_base='build', install_base='install', merge_install=False, symlink_install=False, test_result_base=None, continue_on_error=False, executor='parallel', parallel_workers=10, event_handlers=None, ignore_user_meta=False, metas=['./colcon.meta'], base_paths=['.'], packages_ignore=None, packages_ignore_regex=None, paths=None, packages_up_to=None, packages_up_to_regex=None, packages_above=None, packages_above_and_dependencies=None, packages_above_depth=None, packages_select_by_dep=None, packages_skip_by_dep=None, packages_skip_up_to=None, packages_select_build_failed=False, packages_skip_build_finished=False, packages_select_test_failures=False, packages_skip_test_passed=False, packages_select=['ctd_interfaces', 'ctd_system'], packages_skip=None, packages_select_regex=None, packages_skip_regex=None, packages_start=None, packages_end=None, cmake_args=None, cmake_target=None, cmake_target_skip_unavailable=False, cmake_clean_cache=False, cmake_clean_first=False, cmake_force_configure=False, ament_cmake_args=None, catkin_cmake_args=None, catkin_skip_building_tests=False, mixin_files=None, mixin=None, verb_parser=<colcon_mixin.mixin.mixin_argument.MixinArgumentDecorator object at 0x7ffffe1f3610>, verb_extension=<colcon_core.verb.build.BuildVerb object at 0x7ffffe3a1000>, main=<bound method BuildVerb.main of <colcon_core.verb.build.BuildVerb object at 0x7ffffe3a1000>>, mixin_verb=('build',))
[0.167s] Level 1:colcon.colcon_core.package_discovery:discover_packages(colcon_meta) check parameters
[0.168s] INFO:colcon.colcon_metadata.package_discovery.colcon_meta:Using configuration from '/root/.colcon/metadata/default/Gazebo.meta'
[0.168s] INFO:colcon.colcon_metadata.package_discovery.colcon_meta:Using configuration from '/root/.colcon/metadata/default/fastdds.meta'
[0.168s] INFO:colcon.colcon_metadata.package_discovery.colcon_meta:Using configuration from '/root/.colcon/metadata/default/fastrtps.meta'
[0.169s] Level 1:colcon.colcon_core.package_discovery:discover_packages(recursive) check parameters
[0.169s] Level 1:colcon.colcon_core.package_discovery:discover_packages(ignore) check parameters
[0.169s] Level 1:colcon.colcon_core.package_discovery:discover_packages(path) check parameters
[0.169s] Level 1:colcon.colcon_core.package_discovery:discover_packages(colcon_meta) discover
[0.169s] Level 1:colcon.colcon_core.package_discovery:discover_packages(recursive) discover
[0.169s] INFO:colcon.colcon_core.package_discovery:Crawling recursively for packages in '/ws'
[0.169s] Level 1:colcon.colcon_core.package_identification:_identify(.) by extensions ['ignore', 'ignore_ament_install']
[0.169s] Level 1:colcon.colcon_core.package_identification:_identify(.) by extension 'ignore'
[0.170s] Level 1:colcon.colcon_core.package_identification:_identify(.) by extension 'ignore_ament_install'
[0.170s] Level 1:colcon.colcon_core.package_identification:_identify(.) by extensions ['colcon_pkg']
[0.170s] Level 1:colcon.colcon_core.package_identification:_identify(.) by extension 'colcon_pkg'
[0.170s] Level 1:colcon.colcon_core.package_identification:_identify(.) by extensions ['colcon_meta']
[0.170s] Level 1:colcon.colcon_core.package_identification:_identify(.) by extension 'colcon_meta'
[0.170s] Level 1:colcon.colcon_core.package_identification:_identify(.) by extensions ['ros']
[0.170s] Level 1:colcon.colcon_core.package_identification:_identify(.) by extension 'ros'
[0.177s] Level 1:colcon.colcon_core.package_identification:_identify(.) by extensions ['cmake', 'python']
[0.177s] Level 1:colcon.colcon_core.package_identification:_identify(.) by extension 'cmake'
[0.177s] Level 1:colcon.colcon_core.package_identification:_identify(.) by extension 'python'
[0.177s] Level 1:colcon.colcon_core.package_identification:_identify(.) by extensions ['python_setup_py']
[0.177s] Level 1:colcon.colcon_core.package_identification:_identify(.) by extension 'python_setup_py'
[0.177s] Level 1:colcon.colcon_core.package_identification:_identify(build) by extensions ['ignore', 'ignore_ament_install']
[0.177s] Level 1:colcon.colcon_core.package_identification:_identify(build) by extension 'ignore'
[0.177s] Level 1:colcon.colcon_core.package_identification:_identify(build) ignored
[0.177s] Level 1:colcon.colcon_core.package_identification:_identify(install) by extensions ['ignore', 'ignore_ament_install']
[0.178s] Level 1:colcon.colcon_core.package_identification:_identify(install) by extension 'ignore'
[0.178s] Level 1:colcon.colcon_core.package_identification:_identify(install) ignored
[0.178s] Level 1:colcon.colcon_core.package_identification:_identify(log) by extensions ['ignore', 'ignore_ament_install']
[0.178s] Level 1:colcon.colcon_core.package_identification:_identify(log) by extension 'ignore'
[0.178s] Level 1:colcon.colcon_core.package_identification:_identify(log) ignored
[0.178s] Level 1:colcon.colcon_core.package_identification:_identify(src) by extensions ['ignore', 'ignore_ament_install']
[0.178s] Level 1:colcon.colcon_core.package_identification:_identify(src) by extension 'ignore'
[0.178s] Level 1:colcon.colcon_core.package_identification:_identify(src) by extension 'ignore_ament_install'
[0.179s] Level 1:colcon.colcon_core.package_identification:_identify(src) by extensions ['colcon_pkg']
[0.179s] Level 1:colcon.colcon_core.package_identification:_identify(src) by extension 'colcon_pkg'
[0.179s] Level 1:colcon.colcon_core.package_identification:_identify(src) by extensions ['colcon_meta']
[0.179s] Level 1:colcon.colcon_core.package_identification:_identify(src) by extension 'colcon_meta'
[0.179s] Level 1:colcon.colcon_core.package_identification:_identify(src) by extensions ['ros']
[0.179s] Level 1:colcon.colcon_core.package_identification:_identify(src) by extension 'ros'
[0.179s] Level 1:colcon.colcon_core.package_identification:_identify(src) by extensions ['cmake', 'python']
[0.179s] Level 1:colcon.colcon_core.package_identification:_identify(src) by extension 'cmake'
[0.179s] Level 1:colcon.colcon_core.package_identification:_identify(src) by extension 'python'
[0.179s] Level 1:colcon.colcon_core.package_identification:_identify(src) by extensions ['python_setup_py']
[0.179s] Level 1:colcon.colcon_core.package_identification:_identify(src) by extension 'python_setup_py'
[0.179s] Level 1:colcon.colcon_core.package_identification:_identify(src/ctd_interfaces) by extensions ['ignore', 'ignore_ament_install']
[0.179s] Level 1:colcon.colcon_core.package_identification:_identify(src/ctd_interfaces) by extension 'ignore'
[0.179s] Level 1:colcon.colcon_core.package_identification:_identify(src/ctd_interfaces) by extension 'ignore_ament_install'
[0.179s] Level 1:colcon.colcon_core.package_identification:_identify(src/ctd_interfaces) by extensions ['colcon_pkg']
[0.179s] Level 1:colcon.colcon_core.package_identification:_identify(src/ctd_interfaces) by extension 'colcon_pkg'
[0.180s] Level 1:colcon.colcon_core.package_identification:_identify(src/ctd_interfaces) by extensions ['colcon_meta']
[0.180s] Level 1:colcon.colcon_core.package_identification:_identify(src/ctd_interfaces) by extension 'colcon_meta'
[0.180s] Level 1:colcon.colcon_core.package_identification:_identify(src/ctd_interfaces) by extensions ['ros']
[0.180s] Level 1:colcon.colcon_core.package_identification:_identify(src/ctd_interfaces) by extension 'ros'
[0.184s] DEBUG:colcon.colcon_core.package_identification:Package 'src/ctd_interfaces' with type 'ros.ament_cmake' and name 'ctd_interfaces'
[0.184s] Level 1:colcon.colcon_core.package_identification:_identify(src/ctd_system) by extensions ['ignore', 'ignore_ament_install']
[0.184s] Level 1:colcon.colcon_core.package_identification:_identify(src/ctd_system) by extension 'ignore'
[0.184s] Level 1:colcon.colcon_core.package_identification:_identify(src/ctd_system) by extension 'ignore_ament_install'
[0.184s] Level 1:colcon.colcon_core.package_identification:_identify(src/ctd_system) by extensions ['colcon_pkg']
[0.184s] Level 1:colcon.colcon_core.package_identification:_identify(src/ctd_system) by extension 'colcon_pkg'
[0.184s] Level 1:colcon.colcon_core.package_identification:_identify(src/ctd_system) by extensions ['colcon_meta']
[0.184s] Level 1:colcon.colcon_core.package_identification:_identify(src/ctd_system) by extension 'colcon_meta'
[0.184s] Level 1:colcon.colcon_core.package_identification:_identify(src/ctd_system) by extensions ['ros']
[0.184s] Level 1:colcon.colcon_core.package_identification:_identify(src/ctd_system) by extension 'ros'
[0.185s] DEBUG:colcon.colcon_core.package_identification:Package 'src/ctd_system' with type 'ros.ament_python' and name 'ctd_system'
[0.185s] Level 1:colcon.colcon_core.package_discovery:discover_packages(recursive) using defaults
[0.185s] Level 1:colcon.colcon_core.package_discovery:discover_packages(ignore) discover
[0.185s] Level 1:colcon.colcon_core.package_discovery:discover_packages(ignore) using defaults
[0.185s] Level 1:colcon.colcon_core.package_discovery:discover_packages(path) discover
[0.185s] Level 1:colcon.colcon_core.package_discovery:discover_packages(path) using defaults
[0.198s] Level 5:colcon.colcon_core.verb:set package 'ctd_interfaces' build argument 'cmake_args' from command line to 'None'
[0.198s] Level 5:colcon.colcon_core.verb:set package 'ctd_interfaces' build argument 'cmake_target' from command line to 'None'
[0.198s] Level 5:colcon.colcon_core.verb:set package 'ctd_interfaces' build argument 'cmake_target_skip_unavailable' from command line to 'False'
[0.198s] Level 5:colcon.colcon_core.verb:set package 'ctd_interfaces' build argument 'cmake_clean_cache' from command line to 'False'
[0.198s] Level 5:colcon.colcon_core.verb:set package 'ctd_interfaces' build argument 'cmake_clean_first' from command line to 'False'
[0.198s] Level 5:colcon.colcon_core.verb:set package 'ctd_interfaces' build argument 'cmake_force_configure' from command line to 'False'
[0.198s] Level 5:colcon.colcon_core.verb:set package 'ctd_interfaces' build argument 'ament_cmake_args' from command line to 'None'
[0.198s] Level 5:colcon.colcon_core.verb:set package 'ctd_interfaces' build argument 'catkin_cmake_args' from command line to 'None'
[0.198s] Level 5:colcon.colcon_core.verb:set package 'ctd_interfaces' build argument 'catkin_skip_building_tests' from command line to 'False'
[0.198s] DEBUG:colcon.colcon_core.verb:Building package 'ctd_interfaces' with the following arguments: {'ament_cmake_args': None, 'build_base': '/ws/build/ctd_interfaces', 'catkin_cmake_args': None, 'catkin_skip_building_tests': False, 'cmake_args': None, 'cmake_clean_cache': False, 'cmake_clean_first': False, 'cmake_force_configure': False, 'cmake_target': None, 'cmake_target_skip_unavailable': False, 'install_base': '/ws/install/ctd_interfaces', 'merge_install': False, 'path': '/ws/src/ctd_interfaces', 'symlink_install': False, 'test_result_base': None}
[0.198s] Level 5:colcon.colcon_core.verb:set package 'ctd_system' build argument 'cmake_args' from command line to 'None'
[0.198s] Level 5:colcon.colcon_core.verb:set package 'ctd_system' build argument 'cmake_target' from command line to 'None'
[0.198s] Level 5:colcon.colcon_core.verb:set package 'ctd_system' build argument 'cmake_target_skip_unavailable' from command line to 'False'
[0.198s] Level 5:colcon.colcon_core.verb:set package 'ctd_system' build argument 'cmake_clean_cache' from command line to 'False'
[0.198s] Level 5:colcon.colcon_core.verb:set package 'ctd_system' build argument 'cmake_clean_first' from command line to 'False'
[0.198s] Level 5:colcon.colcon_core.verb:set package 'ctd_system' build argument 'cmake_force_configure' from command line to 'False'
[0.198s] Level 5:colcon.colcon_core.verb:set package 'ctd_system' build argument 'ament_cmake_args' from command line to 'None'
[0.199s] Level 5:colcon.colcon_core.verb:set package 'ctd_system' build argument 'catkin_cmake_args' from command line to 'None'
[0.199s] Level 5:colcon.colcon_core.verb:set package 'ctd_system' build argument 'catkin_skip_building_tests' from command line to 'False'
[0.199s] DEBUG:colcon.colcon_core.verb:Building package 'ctd_system' with the following arguments: {'ament_cmake_args': None, 'build_base': '/ws/build/ctd_system', 'catkin_cmake_args': None, 'catkin_skip_building_tests': False, 'cmake_args': None, 'cmake_clean_cache': False, 'cmake_clean_first': False, 'cmake_force_configure': False, 'cmake_target': None, 'cmake_target_skip_unavailable': False, 'install_base': '/ws/install/ctd_system', 'merge_install': False, 'path': '/ws/src/ctd_system', 'symlink_install': False, 'test_result_base': None}
[0.199s] INFO:colcon.colcon_core.executor:Executing jobs using 'parallel' executor
[0.201s] DEBUG:colcon.colcon_parallel_executor.executor.parallel:run_until_complete
[0.202s] INFO:colcon.colcon_ros.task.ament_cmake.build:Building ROS package in '/ws/src/ctd_interfaces' with build type 'ament_cmake'
[0.202s] INFO:colcon.colcon_cmake.task.cmake.build:Building CMake package in '/ws/src/ctd_interfaces'
[0.203s] INFO:colcon.colcon_core.plugin_system:Skipping extension 'colcon_core.shell.bat': Not used on non-Windows systems
[0.204s] INFO:colcon.colcon_core.shell:Skip shell extension 'powershell' for command environment: Not usable outside of PowerShell
[0.204s] DEBUG:colcon.colcon_core.shell:Skip shell extension 'dsv' for command environment
[0.244s] DEBUG:colcon.colcon_core.event_handler.log_command:Invoking command in '/ws/build/ctd_interfaces': CMAKE_PREFIX_PATH=/opt/ros/humble /usr/bin/cmake --build /ws/build/ctd_interfaces -- -j10 -l10
[1.392s] DEBUG:colcon.colcon_core.event_handler.log_command:Invoked command in '/ws/build/ctd_interfaces' returned '0': CMAKE_PREFIX_PATH=/opt/ros/humble /usr/bin/cmake --build /ws/build/ctd_interfaces -- -j10 -l10
[1.428s] DEBUG:colcon.colcon_core.event_handler.log_command:Invoking command in '/ws/build/ctd_interfaces': CMAKE_PREFIX_PATH=/opt/ros/humble /usr/bin/cmake --install /ws/build/ctd_interfaces
[1.633s] Level 1:colcon.colcon_core.environment:create_environment_scripts_only(ctd_interfaces)
[1.634s] DEBUG:colcon.colcon_core.event_handler.log_command:Invoked command in '/ws/build/ctd_interfaces' returned '0': CMAKE_PREFIX_PATH=/opt/ros/humble /usr/bin/cmake --install /ws/build/ctd_interfaces
[1.635s] Level 1:colcon.colcon_core.environment:checking '/ws/install/ctd_interfaces' for CMake module files
[1.637s] Level 1:colcon.colcon_core.environment:checking '/ws/install/ctd_interfaces' for CMake config files
[1.641s] Level 1:colcon.colcon_core.shell:create_environment_hook('ctd_interfaces', 'cmake_prefix_path')
[1.641s] INFO:colcon.colcon_core.shell:Creating environment hook '/ws/install/ctd_interfaces/share/ctd_interfaces/hook/cmake_prefix_path.ps1'
[1.642s] INFO:colcon.colcon_core.shell:Creating environment descriptor '/ws/install/ctd_interfaces/share/ctd_interfaces/hook/cmake_prefix_path.dsv'
[1.642s] INFO:colcon.colcon_core.shell:Creating environment hook '/ws/install/ctd_interfaces/share/ctd_interfaces/hook/cmake_prefix_path.sh'
[1.644s] Level 1:colcon.colcon_core.environment:checking '/ws/install/ctd_interfaces/lib'
[1.644s] Level 1:colcon.colcon_core.shell:create_environment_hook('ctd_interfaces', 'ld_library_path_lib')
[1.644s] INFO:colcon.colcon_core.shell:Creating environment hook '/ws/install/ctd_interfaces/share/ctd_interfaces/hook/ld_library_path_lib.ps1'
[1.644s] INFO:colcon.colcon_core.shell:Creating environment descriptor '/ws/install/ctd_interfaces/share/ctd_interfaces/hook/ld_library_path_lib.dsv'
[1.645s] INFO:colcon.colcon_core.shell:Creating environment hook '/ws/install/ctd_interfaces/share/ctd_interfaces/hook/ld_library_path_lib.sh'
[1.645s] Level 1:colcon.colcon_core.environment:checking '/ws/install/ctd_interfaces/bin'
[1.645s] Level 1:colcon.colcon_core.environment:checking '/ws/install/ctd_interfaces/lib/pkgconfig/ctd_interfaces.pc'
[1.646s] Level 1:colcon.colcon_core.environment:checking '/ws/install/ctd_interfaces/lib/python3.10/site-packages'
[1.646s] Level 1:colcon.colcon_core.environment:checking '/ws/install/ctd_interfaces/bin'
[1.647s] INFO:colcon.colcon_core.shell:Creating package script '/ws/install/ctd_interfaces/share/ctd_interfaces/package.ps1'
[1.647s] INFO:colcon.colcon_core.shell:Creating package descriptor '/ws/install/ctd_interfaces/share/ctd_interfaces/package.dsv'
[1.648s] INFO:colcon.colcon_core.shell:Creating package script '/ws/install/ctd_interfaces/share/ctd_interfaces/package.sh'
[1.648s] INFO:colcon.colcon_core.shell:Creating package script '/ws/install/ctd_interfaces/share/ctd_interfaces/package.bash'
[1.649s] INFO:colcon.colcon_core.shell:Creating package script '/ws/install/ctd_interfaces/share/ctd_interfaces/package.zsh'
[1.650s] Level 1:colcon.colcon_core.environment:create_file_with_runtime_dependencies(/ws/install/ctd_interfaces/share/colcon-core/packages/ctd_interfaces)
[1.651s] Level 1:colcon.colcon_core.environment:create_environment_scripts_only(ctd_interfaces)
[1.651s] Level 1:colcon.colcon_core.environment:checking '/ws/install/ctd_interfaces' for CMake module files
[1.652s] Level 1:colcon.colcon_core.environment:checking '/ws/install/ctd_interfaces' for CMake config files
[1.655s] Level 1:colcon.colcon_core.shell:create_environment_hook('ctd_interfaces', 'cmake_prefix_path')
[1.655s] INFO:colcon.colcon_core.shell:Creating environment hook '/ws/install/ctd_interfaces/share/ctd_interfaces/hook/cmake_prefix_path.ps1'
[1.656s] INFO:colcon.colcon_core.shell:Creating environment descriptor '/ws/install/ctd_interfaces/share/ctd_interfaces/hook/cmake_prefix_path.dsv'
[1.656s] INFO:colcon.colcon_core.shell:Creating environment hook '/ws/install/ctd_interfaces/share/ctd_interfaces/hook/cmake_prefix_path.sh'
[1.656s] Level 1:colcon.colcon_core.environment:checking '/ws/install/ctd_interfaces/lib'
[1.656s] Level 1:colcon.colcon_core.shell:create_environment_hook('ctd_interfaces', 'ld_library_path_lib')
[1.657s] INFO:colcon.colcon_core.shell:Creating environment hook '/ws/install/ctd_interfaces/share/ctd_interfaces/hook/ld_library_path_lib.ps1'
[1.657s] INFO:colcon.colcon_core.shell:Creating environment descriptor '/ws/install/ctd_interfaces/share/ctd_interfaces/hook/ld_library_path_lib.dsv'
[1.657s] INFO:colcon.colcon_core.shell:Creating environment hook '/ws/install/ctd_interfaces/share/ctd_interfaces/hook/ld_library_path_lib.sh'
[1.658s] Level 1:colcon.colcon_core.environment:checking '/ws/install/ctd_interfaces/bin'
[1.658s] Level 1:colcon.colcon_core.environment:checking '/ws/install/ctd_interfaces/lib/pkgconfig/ctd_interfaces.pc'
[1.658s] Level 1:colcon.colcon_core.environment:checking '/ws/install/ctd_interfaces/lib/python3.10/site-packages'
[1.658s] Level 1:colcon.colcon_core.environment:checking '/ws/install/ctd_interfaces/bin'
[1.658s] INFO:colcon.colcon_core.shell:Creating package script '/ws/install/ctd_interfaces/share/ctd_interfaces/package.ps1'
[1.659s] INFO:colcon.colcon_core.shell:Creating package descriptor '/ws/install/ctd_interfaces/share/ctd_interfaces/package.dsv'
[1.659s] INFO:colcon.colcon_core.shell:Creating package script '/ws/install/ctd_interfaces/share/ctd_interfaces/package.sh'
[1.659s] INFO:colcon.colcon_core.shell:Creating package script '/ws/install/ctd_interfaces/share/ctd_interfaces/package.bash'
[1.660s] INFO:colcon.colcon_core.shell:Creating package script '/ws/install/ctd_interfaces/share/ctd_interfaces/package.zsh'
[1.660s] Level 1:colcon.colcon_core.environment:create_file_with_runtime_dependencies(/ws/install/ctd_interfaces/share/colcon-core/packages/ctd_interfaces)
[1.661s] INFO:colcon.colcon_ros.task.ament_python.build:Building ROS package in '/ws/src/ctd_system' with build type 'ament_python'
[1.661s] Level 1:colcon.colcon_core.shell:create_environment_hook('ctd_system', 'ament_prefix_path')
[1.661s] INFO:colcon.colcon_core.shell:Creating environment hook '/ws/install/ctd_system/share/ctd_system/hook/ament_prefix_path.ps1'
[1.662s] INFO:colcon.colcon_core.shell:Creating environment descriptor '/ws/install/ctd_system/share/ctd_system/hook/ament_prefix_path.dsv'
[1.662s] INFO:colcon.colcon_core.shell:Creating environment hook '/ws/install/ctd_system/share/ctd_system/hook/ament_prefix_path.sh'
[1.663s] INFO:colcon.colcon_core.shell:Skip shell extension 'powershell' for command environment: Not usable outside of PowerShell
[1.663s] DEBUG:colcon.colcon_core.shell:Skip shell extension 'dsv' for command environment
[1.898s] INFO:colcon.colcon_core.task.python.build:Building Python package in '/ws/src/ctd_system'
[1.898s] INFO:colcon.colcon_core.shell:Skip shell extension 'powershell' for command environment: Not usable outside of PowerShell
[1.898s] DEBUG:colcon.colcon_core.shell:Skip shell extension 'dsv' for command environment
[2.235s] DEBUG:colcon.colcon_core.event_handler.log_command:Invoking command in '/ws/src/ctd_system': AMENT_PREFIX_PATH=/ws/install/ctd_interfaces:${AMENT_PREFIX_PATH} CMAKE_PREFIX_PATH=/ws/install/ctd_interfaces LD_LIBRARY_PATH=/ws/install/ctd_interfaces/lib:${LD_LIBRARY_PATH} PYTHONPATH=/ws/build/ctd_system/prefix_override:/usr/lib/python3/dist-packages/colcon_core/task/python/colcon_distutils_commands:/ws/install/ctd_system/lib/python3.10/site-packages:/ws/install/ctd_interfaces/local/lib/python3.10/dist-packages:${PYTHONPATH} /usr/bin/python3 -W ignore:setup.py install is deprecated -W ignore:easy_install command is deprecated setup.py egg_info --egg-base ../../build/ctd_system build --build-base /ws/build/ctd_system/build install --record /ws/build/ctd_system/install.log --single-version-externally-managed install_data
[2.483s] Level 1:colcon.colcon_core.environment:checking '/ws/install/ctd_system' for CMake module files
[2.483s] DEBUG:colcon.colcon_core.event_handler.log_command:Invoked command in '/ws/src/ctd_system' returned '0': AMENT_PREFIX_PATH=/ws/install/ctd_interfaces:${AMENT_PREFIX_PATH} CMAKE_PREFIX_PATH=/ws/install/ctd_interfaces LD_LIBRARY_PATH=/ws/install/ctd_interfaces/lib:${LD_LIBRARY_PATH} PYTHONPATH=/ws/build/ctd_system/prefix_override:/usr/lib/python3/dist-packages/colcon_core/task/python/colcon_distutils_commands:/ws/install/ctd_system/lib/python3.10/site-packages:/ws/install/ctd_interfaces/local/lib/python3.10/dist-packages:${PYTHONPATH} /usr/bin/python3 -W ignore:setup.py install is deprecated -W ignore:easy_install command is deprecated setup.py egg_info --egg-base ../../build/ctd_system build --build-base /ws/build/ctd_system/build install --record /ws/build/ctd_system/install.log --single-version-externally-managed install_data
[2.485s] Level 1:colcon.colcon_core.environment:checking '/ws/install/ctd_system' for CMake config files
[2.487s] Level 1:colcon.colcon_core.environment:checking '/ws/install/ctd_system/lib'
[2.487s] Level 1:colcon.colcon_core.environment:checking '/ws/install/ctd_system/bin'
[2.487s] Level 1:colcon.colcon_core.environment:checking '/ws/install/ctd_system/lib/pkgconfig/ctd_system.pc'
[2.487s] Level 1:colcon.colcon_core.environment:checking '/ws/install/ctd_system/lib/python3.10/site-packages'
[2.487s] Level 1:colcon.colcon_core.shell:create_environment_hook('ctd_system', 'pythonpath')
[2.487s] INFO:colcon.colcon_core.shell:Creating environment hook '/ws/install/ctd_system/share/ctd_system/hook/pythonpath.ps1'
[2.488s] INFO:colcon.colcon_core.shell:Creating environment descriptor '/ws/install/ctd_system/share/ctd_system/hook/pythonpath.dsv'
[2.488s] INFO:colcon.colcon_core.shell:Creating environment hook '/ws/install/ctd_system/share/ctd_system/hook/pythonpath.sh'
[2.489s] Level 1:colcon.colcon_core.environment:checking '/ws/install/ctd_system/bin'
[2.489s] Level 1:colcon.colcon_core.environment:create_environment_scripts_only(ctd_system)
[2.489s] INFO:colcon.colcon_core.shell:Creating package script '/ws/install/ctd_system/share/ctd_system/package.ps1'
[2.490s] INFO:colcon.colcon_core.shell:Creating package descriptor '/ws/install/ctd_system/share/ctd_system/package.dsv'
[2.490s] INFO:colcon.colcon_core.shell:Creating package script '/ws/install/ctd_system/share/ctd_system/package.sh'
[2.491s] INFO:colcon.colcon_core.shell:Creating package script '/ws/install/ctd_system/share/ctd_system/package.bash'
[2.491s] INFO:colcon.colcon_core.shell:Creating package script '/ws/install/ctd_system/share/ctd_system/package.zsh'
[2.492s] Level 1:colcon.colcon_core.environment:create_file_with_runtime_dependencies(/ws/install/ctd_system/share/colcon-core/packages/ctd_system)
[2.492s] DEBUG:colcon.colcon_parallel_executor.executor.parallel:closing loop
[2.492s] DEBUG:colcon.colcon_parallel_executor.executor.parallel:loop closed
[2.492s] DEBUG:colcon.colcon_parallel_executor.executor.parallel:run_until_complete finished with '0'
[2.493s] DEBUG:colcon.colcon_core.event_reactor:joining thread
[2.505s] INFO:colcon.colcon_core.plugin_system:Skipping extension 'colcon_notification.desktop_notification.notify_send': Could not find 'notify-send'
[2.505s] INFO:colcon.colcon_core.plugin_system:Skipping extension 'colcon_notification.desktop_notification.terminal_notifier': Not used on non-Darwin systems
[2.505s] INFO:colcon.colcon_core.plugin_system:Skipping extension 'colcon_notification.desktop_notification.win32': Not used on non-Windows systems
[2.505s] INFO:colcon.colcon_notification.desktop_notification:Sending desktop notification using 'notify2'
[2.506s] DEBUG:colcon.colcon_notification.desktop_notification.notify2:Failed to initialize notify2: org.freedesktop.DBus.Error.NotSupported: Unable to autolaunch a dbus-daemon without a $DISPLAY for X11
[2.506s] DEBUG:colcon.colcon_core.event_reactor:joined thread
[2.507s] INFO:colcon.colcon_core.shell:Creating prefix script '/ws/install/local_setup.ps1'
[2.507s] INFO:colcon.colcon_core.shell:Creating prefix util module '/ws/install/_local_setup_util_ps1.py'
[2.509s] INFO:colcon.colcon_core.shell:Creating prefix chain script '/ws/install/setup.ps1'
[2.509s] INFO:colcon.colcon_core.shell:Creating prefix script '/ws/install/local_setup.sh'
[2.510s] INFO:colcon.colcon_core.shell:Creating prefix util module '/ws/install/_local_setup_util_sh.py'
[2.510s] INFO:colcon.colcon_core.shell:Creating prefix chain script '/ws/install/setup.sh'
[2.511s] INFO:colcon.colcon_core.shell:Creating prefix script '/ws/install/local_setup.bash'
[2.511s] INFO:colcon.colcon_core.shell:Creating prefix chain script '/ws/install/setup.bash'
[2.512s] INFO:colcon.colcon_core.shell:Creating prefix script '/ws/install/local_setup.zsh'
[2.512s] INFO:colcon.colcon_core.shell:Creating prefix chain script '/ws/install/setup.zsh'
