[0.035s] Invoking command in '/ws/build/ctd_interfaces': CMAKE_PREFIX_PATH=${CMAKE_PREFIX_PATH}:/opt/ros/humble /usr/bin/cmake --build /ws/build/ctd_interfaces -- -j10 -l10
[0.267s] [35m[1mConsolidate compiler generated dependencies of target ctd_interfaces__rosidl_generator_c[0m
[0.339s] [  2%] Built target ctd_interfaces__cpp
[0.364s] [ 12%] Built target ctd_interfaces__rosidl_generator_c
[0.480s] [35m[1mConsolidate compiler generated dependencies of target ctd_interfaces__rosidl_typesupport_introspection_cpp[0m
[0.482s] [35m[1mConsolidate compiler generated dependencies of target ctd_interfaces__rosidl_typesupport_cpp[0m
[0.484s] [35m[1mConsolidate compiler generated dependencies of target ctd_interfaces__rosidl_typesupport_fastrtps_cpp[0m
[0.490s] [35m[1mConsolidate compiler generated dependencies of target ctd_interfaces__rosidl_typesupport_c[0m
[0.493s] [35m[1mConsolidate compiler generated dependencies of target ctd_interfaces__rosidl_typesupport_fastrtps_c[0m
[0.494s] [35m[1mConsolidate compiler generated dependencies of target ctd_interfaces__rosidl_typesupport_introspection_c[0m
[0.502s] [ 12%] Built target ament_cmake_python_copy_ctd_interfaces
[0.612s] [ 31%] Built target ctd_interfaces__rosidl_typesupport_c
[0.615s] [ 34%] Built target ctd_interfaces__rosidl_typesupport_introspection_c
[0.686s] [ 59%] Built target ctd_interfaces__rosidl_typesupport_introspection_cpp
[0.687s] [ 57%] Built target ctd_interfaces__rosidl_typesupport_cpp
[0.689s] [ 68%] Built target ctd_interfaces__rosidl_typesupport_fastrtps_c
[0.692s] [ 76%] Built target ctd_interfaces__rosidl_typesupport_fastrtps_cpp
[0.841s] [ 76%] Built target ctd_interfaces
[0.855s] running egg_info
[0.856s] writing ctd_interfaces.egg-info/PKG-INFO
[0.858s] writing dependency_links to ctd_interfaces.egg-info/dependency_links.txt
[0.859s] writing top-level names to ctd_interfaces.egg-info/top_level.txt
[0.862s] reading manifest file 'ctd_interfaces.egg-info/SOURCES.txt'
[0.864s] writing manifest file 'ctd_interfaces.egg-info/SOURCES.txt'
[0.934s] [ 76%] Built target ament_cmake_python_build_ctd_interfaces_egg
[0.976s] [ 78%] Built target ctd_interfaces__py
[1.043s] [35m[1mConsolidate compiler generated dependencies of target ctd_interfaces__rosidl_generator_py[0m
[1.132s] [ 87%] Built target ctd_interfaces__rosidl_generator_py
[1.222s] [35m[1mConsolidate compiler generated dependencies of target ctd_interfaces__rosidl_typesupport_c__pyext[0m
[1.223s] [35m[1mConsolidate compiler generated dependencies of target ctd_interfaces__rosidl_typesupport_fastrtps_c__pyext[0m
[1.224s] [35m[1mConsolidate compiler generated dependencies of target ctd_interfaces__rosidl_typesupport_introspection_c__pyext[0m
[1.328s] [ 91%] Built target ctd_interfaces__rosidl_typesupport_c__pyext
[1.342s] [ 95%] Built target ctd_interfaces__rosidl_typesupport_fastrtps_c__pyext
[1.346s] [100%] Built target ctd_interfaces__rosidl_typesupport_introspection_c__pyext
[1.384s] Invoked command in '/ws/build/ctd_interfaces' returned '0': CMAKE_PREFIX_PATH=${CMAKE_PREFIX_PATH}:/opt/ros/humble /usr/bin/cmake --build /ws/build/ctd_interfaces -- -j10 -l10
[1.418s] Invoking command in '/ws/build/ctd_interfaces': CMAKE_PREFIX_PATH=${CMAKE_PREFIX_PATH}:/opt/ros/humble /usr/bin/cmake --install /ws/build/ctd_interfaces
[1.455s] -- Install configuration: ""
[1.456s] -- Up-to-date: /ws/install/ctd_interfaces/share/ament_index/resource_index/rosidl_interfaces/ctd_interfaces
[1.456s] -- Up-to-date: /ws/install/ctd_interfaces/include/ctd_interfaces/ctd_interfaces
[1.457s] -- Up-to-date: /ws/install/ctd_interfaces/include/ctd_interfaces/ctd_interfaces/msg
[1.457s] -- Up-to-date: /ws/install/ctd_interfaces/include/ctd_interfaces/ctd_interfaces/msg/rosidl_generator_c__visibility_control.h
[1.457s] -- Up-to-date: /ws/install/ctd_interfaces/include/ctd_interfaces/ctd_interfaces/msg/ctd_measurement.h
[1.457s] -- Up-to-date: /ws/install/ctd_interfaces/include/ctd_interfaces/ctd_interfaces/msg/detail
[1.458s] -- Up-to-date: /ws/install/ctd_interfaces/include/ctd_interfaces/ctd_interfaces/msg/detail/ctd_measurement__struct.h
[1.458s] -- Up-to-date: /ws/install/ctd_interfaces/include/ctd_interfaces/ctd_interfaces/msg/detail/ctd_measurement__type_support.h
[1.458s] -- Up-to-date: /ws/install/ctd_interfaces/include/ctd_interfaces/ctd_interfaces/msg/detail/ctd_measurement__functions.c
[1.458s] -- Up-to-date: /ws/install/ctd_interfaces/include/ctd_interfaces/ctd_interfaces/msg/detail/ctd_measurement__functions.h
[1.459s] -- Up-to-date: /ws/install/ctd_interfaces/include/ctd_interfaces/ctd_interfaces/action
[1.459s] -- Up-to-date: /ws/install/ctd_interfaces/include/ctd_interfaces/ctd_interfaces/action/acquire_data.h
[1.459s] -- Up-to-date: /ws/install/ctd_interfaces/include/ctd_interfaces/ctd_interfaces/action/detail
[1.460s] -- Up-to-date: /ws/install/ctd_interfaces/include/ctd_interfaces/ctd_interfaces/action/detail/acquire_data__functions.c
[1.460s] -- Up-to-date: /ws/install/ctd_interfaces/include/ctd_interfaces/ctd_interfaces/action/detail/acquire_data__type_support.h
[1.460s] -- Up-to-date: /ws/install/ctd_interfaces/include/ctd_interfaces/ctd_interfaces/action/detail/acquire_data__struct.h
[1.461s] -- Up-to-date: /ws/install/ctd_interfaces/include/ctd_interfaces/ctd_interfaces/action/detail/acquire_data__functions.h
[1.461s] -- Up-to-date: /ws/install/ctd_interfaces/include/ctd_interfaces/ctd_interfaces/srv
[1.461s] -- Up-to-date: /ws/install/ctd_interfaces/include/ctd_interfaces/ctd_interfaces/srv/detail
[1.462s] -- Up-to-date: /ws/install/ctd_interfaces/include/ctd_interfaces/ctd_interfaces/srv/detail/set_acquisition__functions.c
[1.462s] -- Up-to-date: /ws/install/ctd_interfaces/include/ctd_interfaces/ctd_interfaces/srv/detail/set_acquisition__struct.h
[1.462s] -- Up-to-date: /ws/install/ctd_interfaces/include/ctd_interfaces/ctd_interfaces/srv/detail/set_acquisition__functions.h
[1.462s] -- Up-to-date: /ws/install/ctd_interfaces/include/ctd_interfaces/ctd_interfaces/srv/detail/set_acquisition__type_support.h
[1.463s] -- Up-to-date: /ws/install/ctd_interfaces/include/ctd_interfaces/ctd_interfaces/srv/set_acquisition.h
[1.463s] -- Up-to-date: /ws/install/ctd_interfaces/share/ctd_interfaces/environment/library_path.sh
[1.463s] -- Up-to-date: /ws/install/ctd_interfaces/share/ctd_interfaces/environment/library_path.dsv
[1.465s] -- Up-to-date: /ws/install/ctd_interfaces/lib/libctd_interfaces__rosidl_generator_c.so
[1.466s] -- Up-to-date: /ws/install/ctd_interfaces/include/ctd_interfaces/ctd_interfaces
[1.466s] -- Up-to-date: /ws/install/ctd_interfaces/include/ctd_interfaces/ctd_interfaces/msg
[1.467s] -- Up-to-date: /ws/install/ctd_interfaces/include/ctd_interfaces/ctd_interfaces/msg/detail
[1.467s] -- Up-to-date: /ws/install/ctd_interfaces/include/ctd_interfaces/ctd_interfaces/msg/detail/ctd_measurement__rosidl_typesupport_fastrtps_c.h
[1.468s] -- Up-to-date: /ws/install/ctd_interfaces/include/ctd_interfaces/ctd_interfaces/msg/rosidl_typesupport_fastrtps_c__visibility_control.h
[1.468s] -- Up-to-date: /ws/install/ctd_interfaces/include/ctd_interfaces/ctd_interfaces/action
[1.468s] -- Up-to-date: /ws/install/ctd_interfaces/include/ctd_interfaces/ctd_interfaces/action/detail
[1.469s] -- Up-to-date: /ws/install/ctd_interfaces/include/ctd_interfaces/ctd_interfaces/action/detail/acquire_data__rosidl_typesupport_fastrtps_c.h
[1.469s] -- Up-to-date: /ws/install/ctd_interfaces/include/ctd_interfaces/ctd_interfaces/srv
[1.469s] -- Up-to-date: /ws/install/ctd_interfaces/include/ctd_interfaces/ctd_interfaces/srv/detail
[1.469s] -- Up-to-date: /ws/install/ctd_interfaces/include/ctd_interfaces/ctd_interfaces/srv/detail/set_acquisition__rosidl_typesupport_fastrtps_c.h
[1.470s] -- Up-to-date: /ws/install/ctd_interfaces/lib/libctd_interfaces__rosidl_typesupport_fastrtps_c.so
[1.471s] -- Up-to-date: /ws/install/ctd_interfaces/include/ctd_interfaces/ctd_interfaces
[1.471s] -- Up-to-date: /ws/install/ctd_interfaces/include/ctd_interfaces/ctd_interfaces/msg
[1.471s] -- Up-to-date: /ws/install/ctd_interfaces/include/ctd_interfaces/ctd_interfaces/msg/detail
[1.472s] -- Up-to-date: /ws/install/ctd_interfaces/include/ctd_interfaces/ctd_interfaces/msg/detail/ctd_measurement__rosidl_typesupport_introspection_c.h
[1.472s] -- Up-to-date: /ws/install/ctd_interfaces/include/ctd_interfaces/ctd_interfaces/msg/detail/ctd_measurement__type_support.c
[1.472s] -- Up-to-date: /ws/install/ctd_interfaces/include/ctd_interfaces/ctd_interfaces/msg/rosidl_typesupport_introspection_c__visibility_control.h
[1.472s] -- Up-to-date: /ws/install/ctd_interfaces/include/ctd_interfaces/ctd_interfaces/action
[1.473s] -- Up-to-date: /ws/install/ctd_interfaces/include/ctd_interfaces/ctd_interfaces/action/detail
[1.473s] -- Up-to-date: /ws/install/ctd_interfaces/include/ctd_interfaces/ctd_interfaces/action/detail/acquire_data__rosidl_typesupport_introspection_c.h
[1.473s] -- Up-to-date: /ws/install/ctd_interfaces/include/ctd_interfaces/ctd_interfaces/action/detail/acquire_data__type_support.c
[1.474s] -- Up-to-date: /ws/install/ctd_interfaces/include/ctd_interfaces/ctd_interfaces/srv
[1.474s] -- Up-to-date: /ws/install/ctd_interfaces/include/ctd_interfaces/ctd_interfaces/srv/detail
[1.474s] -- Up-to-date: /ws/install/ctd_interfaces/include/ctd_interfaces/ctd_interfaces/srv/detail/set_acquisition__type_support.c
[1.475s] -- Up-to-date: /ws/install/ctd_interfaces/include/ctd_interfaces/ctd_interfaces/srv/detail/set_acquisition__rosidl_typesupport_introspection_c.h
[1.475s] -- Up-to-date: /ws/install/ctd_interfaces/lib/libctd_interfaces__rosidl_typesupport_introspection_c.so
[1.476s] -- Up-to-date: /ws/install/ctd_interfaces/lib/libctd_interfaces__rosidl_typesupport_c.so
[1.477s] -- Up-to-date: /ws/install/ctd_interfaces/include/ctd_interfaces/ctd_interfaces
[1.477s] -- Up-to-date: /ws/install/ctd_interfaces/include/ctd_interfaces/ctd_interfaces/msg
[1.477s] -- Up-to-date: /ws/install/ctd_interfaces/include/ctd_interfaces/ctd_interfaces/msg/detail
[1.478s] -- Up-to-date: /ws/install/ctd_interfaces/include/ctd_interfaces/ctd_interfaces/msg/detail/ctd_measurement__builder.hpp
[1.478s] -- Up-to-date: /ws/install/ctd_interfaces/include/ctd_interfaces/ctd_interfaces/msg/detail/ctd_measurement__struct.hpp
[1.478s] -- Up-to-date: /ws/install/ctd_interfaces/include/ctd_interfaces/ctd_interfaces/msg/detail/ctd_measurement__type_support.hpp
[1.479s] -- Up-to-date: /ws/install/ctd_interfaces/include/ctd_interfaces/ctd_interfaces/msg/detail/ctd_measurement__traits.hpp
[1.479s] -- Up-to-date: /ws/install/ctd_interfaces/include/ctd_interfaces/ctd_interfaces/msg/rosidl_generator_cpp__visibility_control.hpp
[1.479s] -- Up-to-date: /ws/install/ctd_interfaces/include/ctd_interfaces/ctd_interfaces/msg/ctd_measurement.hpp
[1.479s] -- Up-to-date: /ws/install/ctd_interfaces/include/ctd_interfaces/ctd_interfaces/action
[1.480s] -- Up-to-date: /ws/install/ctd_interfaces/include/ctd_interfaces/ctd_interfaces/action/acquire_data.hpp
[1.480s] -- Up-to-date: /ws/install/ctd_interfaces/include/ctd_interfaces/ctd_interfaces/action/detail
[1.480s] -- Up-to-date: /ws/install/ctd_interfaces/include/ctd_interfaces/ctd_interfaces/action/detail/acquire_data__traits.hpp
[1.480s] -- Up-to-date: /ws/install/ctd_interfaces/include/ctd_interfaces/ctd_interfaces/action/detail/acquire_data__builder.hpp
[1.481s] -- Up-to-date: /ws/install/ctd_interfaces/include/ctd_interfaces/ctd_interfaces/action/detail/acquire_data__type_support.hpp
[1.481s] -- Up-to-date: /ws/install/ctd_interfaces/include/ctd_interfaces/ctd_interfaces/action/detail/acquire_data__struct.hpp
[1.481s] -- Up-to-date: /ws/install/ctd_interfaces/include/ctd_interfaces/ctd_interfaces/srv
[1.482s] -- Up-to-date: /ws/install/ctd_interfaces/include/ctd_interfaces/ctd_interfaces/srv/set_acquisition.hpp
[1.482s] -- Up-to-date: /ws/install/ctd_interfaces/include/ctd_interfaces/ctd_interfaces/srv/detail
[1.482s] -- Up-to-date: /ws/install/ctd_interfaces/include/ctd_interfaces/ctd_interfaces/srv/detail/set_acquisition__struct.hpp
[1.482s] -- Up-to-date: /ws/install/ctd_interfaces/include/ctd_interfaces/ctd_interfaces/srv/detail/set_acquisition__type_support.hpp
[1.483s] -- Up-to-date: /ws/install/ctd_interfaces/include/ctd_interfaces/ctd_interfaces/srv/detail/set_acquisition__builder.hpp
[1.483s] -- Up-to-date: /ws/install/ctd_interfaces/include/ctd_interfaces/ctd_interfaces/srv/detail/set_acquisition__traits.hpp
[1.483s] -- Up-to-date: /ws/install/ctd_interfaces/include/ctd_interfaces/ctd_interfaces
[1.484s] -- Up-to-date: /ws/install/ctd_interfaces/include/ctd_interfaces/ctd_interfaces/msg
[1.484s] -- Up-to-date: /ws/install/ctd_interfaces/include/ctd_interfaces/ctd_interfaces/msg/rosidl_typesupport_fastrtps_cpp__visibility_control.h
[1.484s] -- Up-to-date: /ws/install/ctd_interfaces/include/ctd_interfaces/ctd_interfaces/msg/detail
[1.485s] -- Up-to-date: /ws/install/ctd_interfaces/include/ctd_interfaces/ctd_interfaces/msg/detail/ctd_measurement__rosidl_typesupport_fastrtps_cpp.hpp
[1.485s] -- Up-to-date: /ws/install/ctd_interfaces/include/ctd_interfaces/ctd_interfaces/msg/detail/dds_fastrtps
[1.485s] -- Up-to-date: /ws/install/ctd_interfaces/include/ctd_interfaces/ctd_interfaces/action
[1.486s] -- Up-to-date: /ws/install/ctd_interfaces/include/ctd_interfaces/ctd_interfaces/action/detail
[1.486s] -- Up-to-date: /ws/install/ctd_interfaces/include/ctd_interfaces/ctd_interfaces/action/detail/dds_fastrtps
[1.487s] -- Up-to-date: /ws/install/ctd_interfaces/include/ctd_interfaces/ctd_interfaces/action/detail/acquire_data__rosidl_typesupport_fastrtps_cpp.hpp
[1.487s] -- Up-to-date: /ws/install/ctd_interfaces/include/ctd_interfaces/ctd_interfaces/srv
[1.487s] -- Up-to-date: /ws/install/ctd_interfaces/include/ctd_interfaces/ctd_interfaces/srv/detail
[1.488s] -- Up-to-date: /ws/install/ctd_interfaces/include/ctd_interfaces/ctd_interfaces/srv/detail/set_acquisition__rosidl_typesupport_fastrtps_cpp.hpp
[1.488s] -- Up-to-date: /ws/install/ctd_interfaces/include/ctd_interfaces/ctd_interfaces/srv/detail/dds_fastrtps
[1.488s] -- Up-to-date: /ws/install/ctd_interfaces/lib/libctd_interfaces__rosidl_typesupport_fastrtps_cpp.so
[1.489s] -- Up-to-date: /ws/install/ctd_interfaces/include/ctd_interfaces/ctd_interfaces
[1.490s] -- Up-to-date: /ws/install/ctd_interfaces/include/ctd_interfaces/ctd_interfaces/msg
[1.490s] -- Up-to-date: /ws/install/ctd_interfaces/include/ctd_interfaces/ctd_interfaces/msg/detail
[1.490s] -- Up-to-date: /ws/install/ctd_interfaces/include/ctd_interfaces/ctd_interfaces/msg/detail/ctd_measurement__rosidl_typesupport_introspection_cpp.hpp
[1.491s] -- Up-to-date: /ws/install/ctd_interfaces/include/ctd_interfaces/ctd_interfaces/msg/detail/ctd_measurement__type_support.cpp
[1.491s] -- Up-to-date: /ws/install/ctd_interfaces/include/ctd_interfaces/ctd_interfaces/action
[1.491s] -- Up-to-date: /ws/install/ctd_interfaces/include/ctd_interfaces/ctd_interfaces/action/detail
[1.492s] -- Up-to-date: /ws/install/ctd_interfaces/include/ctd_interfaces/ctd_interfaces/action/detail/acquire_data__rosidl_typesupport_introspection_cpp.hpp
[1.492s] -- Up-to-date: /ws/install/ctd_interfaces/include/ctd_interfaces/ctd_interfaces/action/detail/acquire_data__type_support.cpp
[1.492s] -- Up-to-date: /ws/install/ctd_interfaces/include/ctd_interfaces/ctd_interfaces/srv
[1.493s] -- Up-to-date: /ws/install/ctd_interfaces/include/ctd_interfaces/ctd_interfaces/srv/detail
[1.493s] -- Up-to-date: /ws/install/ctd_interfaces/include/ctd_interfaces/ctd_interfaces/srv/detail/set_acquisition__type_support.cpp
[1.493s] -- Up-to-date: /ws/install/ctd_interfaces/include/ctd_interfaces/ctd_interfaces/srv/detail/set_acquisition__rosidl_typesupport_introspection_cpp.hpp
[1.494s] -- Up-to-date: /ws/install/ctd_interfaces/lib/libctd_interfaces__rosidl_typesupport_introspection_cpp.so
[1.494s] -- Up-to-date: /ws/install/ctd_interfaces/lib/libctd_interfaces__rosidl_typesupport_cpp.so
[1.495s] -- Up-to-date: /ws/install/ctd_interfaces/share/ctd_interfaces/environment/pythonpath.sh
[1.495s] -- Up-to-date: /ws/install/ctd_interfaces/share/ctd_interfaces/environment/pythonpath.dsv
[1.495s] -- Up-to-date: /ws/install/ctd_interfaces/local/lib/python3.10/dist-packages/ctd_interfaces-0.0.1-py3.10.egg-info
[1.496s] -- Installing: /ws/install/ctd_interfaces/local/lib/python3.10/dist-packages/ctd_interfaces-0.0.1-py3.10.egg-info/PKG-INFO
[1.498s] -- Installing: /ws/install/ctd_interfaces/local/lib/python3.10/dist-packages/ctd_interfaces-0.0.1-py3.10.egg-info/SOURCES.txt
[1.499s] -- Installing: /ws/install/ctd_interfaces/local/lib/python3.10/dist-packages/ctd_interfaces-0.0.1-py3.10.egg-info/top_level.txt
[1.500s] -- Installing: /ws/install/ctd_interfaces/local/lib/python3.10/dist-packages/ctd_interfaces-0.0.1-py3.10.egg-info/dependency_links.txt
[1.501s] -- Up-to-date: /ws/install/ctd_interfaces/local/lib/python3.10/dist-packages/ctd_interfaces
[1.501s] -- Up-to-date: /ws/install/ctd_interfaces/local/lib/python3.10/dist-packages/ctd_interfaces/ctd_interfaces_s__rosidl_typesupport_c.cpython-310-x86_64-linux-gnu.so
[1.502s] -- Up-to-date: /ws/install/ctd_interfaces/local/lib/python3.10/dist-packages/ctd_interfaces/msg
[1.502s] -- Up-to-date: /ws/install/ctd_interfaces/local/lib/python3.10/dist-packages/ctd_interfaces/msg/_ctd_measurement.py
[1.502s] -- Up-to-date: /ws/install/ctd_interfaces/local/lib/python3.10/dist-packages/ctd_interfaces/msg/__init__.py
[1.502s] -- Up-to-date: /ws/install/ctd_interfaces/local/lib/python3.10/dist-packages/ctd_interfaces/msg/_ctd_measurement_s.c
[1.502s] -- Up-to-date: /ws/install/ctd_interfaces/local/lib/python3.10/dist-packages/ctd_interfaces/libctd_interfaces__rosidl_generator_py.so
[1.503s] -- Up-to-date: /ws/install/ctd_interfaces/local/lib/python3.10/dist-packages/ctd_interfaces/__init__.py
[1.503s] -- Up-to-date: /ws/install/ctd_interfaces/local/lib/python3.10/dist-packages/ctd_interfaces/ctd_interfaces_s__rosidl_typesupport_introspection_c.cpython-310-x86_64-linux-gnu.so
[1.503s] -- Up-to-date: /ws/install/ctd_interfaces/local/lib/python3.10/dist-packages/ctd_interfaces/_ctd_interfaces_s.ep.rosidl_typesupport_c.c
[1.503s] -- Up-to-date: /ws/install/ctd_interfaces/local/lib/python3.10/dist-packages/ctd_interfaces/action
[1.504s] -- Up-to-date: /ws/install/ctd_interfaces/local/lib/python3.10/dist-packages/ctd_interfaces/action/_acquire_data.py
[1.504s] -- Up-to-date: /ws/install/ctd_interfaces/local/lib/python3.10/dist-packages/ctd_interfaces/action/__init__.py
[1.504s] -- Up-to-date: /ws/install/ctd_interfaces/local/lib/python3.10/dist-packages/ctd_interfaces/action/_acquire_data_s.c
[1.504s] -- Up-to-date: /ws/install/ctd_interfaces/local/lib/python3.10/dist-packages/ctd_interfaces/ctd_interfaces_s__rosidl_typesupport_fastrtps_c.cpython-310-x86_64-linux-gnu.so
[1.504s] -- Up-to-date: /ws/install/ctd_interfaces/local/lib/python3.10/dist-packages/ctd_interfaces/_ctd_interfaces_s.ep.rosidl_typesupport_fastrtps_c.c
[1.504s] -- Up-to-date: /ws/install/ctd_interfaces/local/lib/python3.10/dist-packages/ctd_interfaces/srv
[1.505s] -- Up-to-date: /ws/install/ctd_interfaces/local/lib/python3.10/dist-packages/ctd_interfaces/srv/_set_acquisition_s.c
[1.505s] -- Up-to-date: /ws/install/ctd_interfaces/local/lib/python3.10/dist-packages/ctd_interfaces/srv/__init__.py
[1.505s] -- Up-to-date: /ws/install/ctd_interfaces/local/lib/python3.10/dist-packages/ctd_interfaces/srv/_set_acquisition.py
[1.506s] -- Up-to-date: /ws/install/ctd_interfaces/local/lib/python3.10/dist-packages/ctd_interfaces/_ctd_interfaces_s.ep.rosidl_typesupport_introspection_c.c
[1.591s] Listing '/ws/install/ctd_interfaces/local/lib/python3.10/dist-packages/ctd_interfaces'...
[1.591s] Listing '/ws/install/ctd_interfaces/local/lib/python3.10/dist-packages/ctd_interfaces/action'...
[1.591s] Listing '/ws/install/ctd_interfaces/local/lib/python3.10/dist-packages/ctd_interfaces/msg'...
[1.591s] Listing '/ws/install/ctd_interfaces/local/lib/python3.10/dist-packages/ctd_interfaces/srv'...
[1.592s] -- Up-to-date: /ws/install/ctd_interfaces/local/lib/python3.10/dist-packages/ctd_interfaces/ctd_interfaces_s__rosidl_typesupport_fastrtps_c.cpython-310-x86_64-linux-gnu.so
[1.592s] -- Up-to-date: /ws/install/ctd_interfaces/local/lib/python3.10/dist-packages/ctd_interfaces/ctd_interfaces_s__rosidl_typesupport_introspection_c.cpython-310-x86_64-linux-gnu.so
[1.593s] -- Up-to-date: /ws/install/ctd_interfaces/local/lib/python3.10/dist-packages/ctd_interfaces/ctd_interfaces_s__rosidl_typesupport_c.cpython-310-x86_64-linux-gnu.so
[1.594s] -- Up-to-date: /ws/install/ctd_interfaces/lib/libctd_interfaces__rosidl_generator_py.so
[1.594s] -- Up-to-date: /ws/install/ctd_interfaces/share/ctd_interfaces/msg/CtdMeasurement.idl
[1.594s] -- Up-to-date: /ws/install/ctd_interfaces/share/ctd_interfaces/srv/SetAcquisition.idl
[1.595s] -- Up-to-date: /ws/install/ctd_interfaces/share/ctd_interfaces/action/AcquireData.idl
[1.595s] -- Up-to-date: /ws/install/ctd_interfaces/share/ctd_interfaces/msg/CtdMeasurement.msg
[1.595s] -- Up-to-date: /ws/install/ctd_interfaces/share/ctd_interfaces/srv/SetAcquisition.srv
[1.595s] -- Up-to-date: /ws/install/ctd_interfaces/share/ctd_interfaces/srv/SetAcquisition_Request.msg
[1.596s] -- Up-to-date: /ws/install/ctd_interfaces/share/ctd_interfaces/srv/SetAcquisition_Response.msg
[1.596s] -- Up-to-date: /ws/install/ctd_interfaces/share/ctd_interfaces/action/AcquireData.action
[1.597s] -- Up-to-date: /ws/install/ctd_interfaces/share/ament_index/resource_index/package_run_dependencies/ctd_interfaces
[1.597s] -- Up-to-date: /ws/install/ctd_interfaces/share/ament_index/resource_index/parent_prefix_path/ctd_interfaces
[1.597s] -- Up-to-date: /ws/install/ctd_interfaces/share/ctd_interfaces/environment/ament_prefix_path.sh
[1.597s] -- Up-to-date: /ws/install/ctd_interfaces/share/ctd_interfaces/environment/ament_prefix_path.dsv
[1.598s] -- Up-to-date: /ws/install/ctd_interfaces/share/ctd_interfaces/environment/path.sh
[1.598s] -- Up-to-date: /ws/install/ctd_interfaces/share/ctd_interfaces/environment/path.dsv
[1.599s] -- Up-to-date: /ws/install/ctd_interfaces/share/ctd_interfaces/local_setup.bash
[1.599s] -- Up-to-date: /ws/install/ctd_interfaces/share/ctd_interfaces/local_setup.sh
[1.599s] -- Up-to-date: /ws/install/ctd_interfaces/share/ctd_interfaces/local_setup.zsh
[1.599s] -- Up-to-date: /ws/install/ctd_interfaces/share/ctd_interfaces/local_setup.dsv
[1.600s] -- Installing: /ws/install/ctd_interfaces/share/ctd_interfaces/package.dsv
[1.601s] -- Up-to-date: /ws/install/ctd_interfaces/share/ament_index/resource_index/packages/ctd_interfaces
[1.602s] -- Up-to-date: /ws/install/ctd_interfaces/share/ctd_interfaces/cmake/export_ctd_interfaces__rosidl_generator_cExport.cmake
[1.602s] -- Up-to-date: /ws/install/ctd_interfaces/share/ctd_interfaces/cmake/export_ctd_interfaces__rosidl_generator_cExport-noconfig.cmake
[1.603s] -- Up-to-date: /ws/install/ctd_interfaces/share/ctd_interfaces/cmake/export_ctd_interfaces__rosidl_typesupport_fastrtps_cExport.cmake
[1.603s] -- Up-to-date: /ws/install/ctd_interfaces/share/ctd_interfaces/cmake/export_ctd_interfaces__rosidl_typesupport_fastrtps_cExport-noconfig.cmake
[1.603s] -- Up-to-date: /ws/install/ctd_interfaces/share/ctd_interfaces/cmake/ctd_interfaces__rosidl_typesupport_introspection_cExport.cmake
[1.604s] -- Up-to-date: /ws/install/ctd_interfaces/share/ctd_interfaces/cmake/ctd_interfaces__rosidl_typesupport_introspection_cExport-noconfig.cmake
[1.604s] -- Up-to-date: /ws/install/ctd_interfaces/share/ctd_interfaces/cmake/ctd_interfaces__rosidl_typesupport_cExport.cmake
[1.604s] -- Up-to-date: /ws/install/ctd_interfaces/share/ctd_interfaces/cmake/ctd_interfaces__rosidl_typesupport_cExport-noconfig.cmake
[1.604s] -- Up-to-date: /ws/install/ctd_interfaces/share/ctd_interfaces/cmake/export_ctd_interfaces__rosidl_generator_cppExport.cmake
[1.605s] -- Up-to-date: /ws/install/ctd_interfaces/share/ctd_interfaces/cmake/export_ctd_interfaces__rosidl_typesupport_fastrtps_cppExport.cmake
[1.605s] -- Up-to-date: /ws/install/ctd_interfaces/share/ctd_interfaces/cmake/export_ctd_interfaces__rosidl_typesupport_fastrtps_cppExport-noconfig.cmake
[1.605s] -- Up-to-date: /ws/install/ctd_interfaces/share/ctd_interfaces/cmake/ctd_interfaces__rosidl_typesupport_introspection_cppExport.cmake
[1.606s] -- Up-to-date: /ws/install/ctd_interfaces/share/ctd_interfaces/cmake/ctd_interfaces__rosidl_typesupport_introspection_cppExport-noconfig.cmake
[1.606s] -- Up-to-date: /ws/install/ctd_interfaces/share/ctd_interfaces/cmake/ctd_interfaces__rosidl_typesupport_cppExport.cmake
[1.606s] -- Up-to-date: /ws/install/ctd_interfaces/share/ctd_interfaces/cmake/ctd_interfaces__rosidl_typesupport_cppExport-noconfig.cmake
[1.607s] -- Up-to-date: /ws/install/ctd_interfaces/share/ctd_interfaces/cmake/export_ctd_interfaces__rosidl_generator_pyExport.cmake
[1.607s] -- Up-to-date: /ws/install/ctd_interfaces/share/ctd_interfaces/cmake/export_ctd_interfaces__rosidl_generator_pyExport-noconfig.cmake
[1.607s] -- Up-to-date: /ws/install/ctd_interfaces/share/ctd_interfaces/cmake/rosidl_cmake-extras.cmake
[1.607s] -- Up-to-date: /ws/install/ctd_interfaces/share/ctd_interfaces/cmake/ament_cmake_export_dependencies-extras.cmake
[1.608s] -- Up-to-date: /ws/install/ctd_interfaces/share/ctd_interfaces/cmake/ament_cmake_export_include_directories-extras.cmake
[1.608s] -- Up-to-date: /ws/install/ctd_interfaces/share/ctd_interfaces/cmake/ament_cmake_export_libraries-extras.cmake
[1.608s] -- Up-to-date: /ws/install/ctd_interfaces/share/ctd_interfaces/cmake/ament_cmake_export_targets-extras.cmake
[1.608s] -- Up-to-date: /ws/install/ctd_interfaces/share/ctd_interfaces/cmake/rosidl_cmake_export_typesupport_targets-extras.cmake
[1.608s] -- Up-to-date: /ws/install/ctd_interfaces/share/ctd_interfaces/cmake/rosidl_cmake_export_typesupport_libraries-extras.cmake
[1.608s] -- Up-to-date: /ws/install/ctd_interfaces/share/ctd_interfaces/cmake/ctd_interfacesConfig.cmake
[1.609s] -- Up-to-date: /ws/install/ctd_interfaces/share/ctd_interfaces/cmake/ctd_interfacesConfig-version.cmake
[1.609s] -- Up-to-date: /ws/install/ctd_interfaces/share/ctd_interfaces/package.xml
[1.615s] Invoked command in '/ws/build/ctd_interfaces' returned '0': CMAKE_PREFIX_PATH=${CMAKE_PREFIX_PATH}:/opt/ros/humble /usr/bin/cmake --install /ws/build/ctd_interfaces
