running egg_info
writing ../../build/ctd_system/ctd_system.egg-info/PKG-INFO
writing dependency_links to ../../build/ctd_system/ctd_system.egg-info/dependency_links.txt
writing entry points to ../../build/ctd_system/ctd_system.egg-info/entry_points.txt
writing requirements to ../../build/ctd_system/ctd_system.egg-info/requires.txt
writing top-level names to ../../build/ctd_system/ctd_system.egg-info/top_level.txt
reading manifest file '../../build/ctd_system/ctd_system.egg-info/SOURCES.txt'
writing manifest file '../../build/ctd_system/ctd_system.egg-info/SOURCES.txt'
running build
running build_py
running install
running install_lib
running install_data
copying launch/system.launch.py -> /ws/install/ctd_system/share/ctd_system/launch
running install_egg_info
removing '/ws/install/ctd_system/lib/python3.10/site-packages/ctd_system-0.0.1-py3.10.egg-info' (and everything under it)
Copying ../../build/ctd_system/ctd_system.egg-info to /ws/install/ctd_system/lib/python3.10/site-packages/ctd_system-0.0.1-py3.10.egg-info
running install_scripts
Installing acquire_action_client script to /ws/install/ctd_system/lib/ctd_system
Installing acquire_action_server script to /ws/install/ctd_system/lib/ctd_system
Installing command_client script to /ws/install/ctd_system/lib/ctd_system
Installing command_service script to /ws/install/ctd_system/lib/ctd_system
Installing sensor_bridge script to /ws/install/ctd_system/lib/ctd_system
writing list of installed files to '/ws/build/ctd_system/install.log'
