[0.569s] Invoking command in '/ws/src/ctd_system': PYTHONPATH=/ws/build/ctd_system/prefix_override:/usr/lib/python3/dist-packages/colcon_core/task/python/colcon_distutils_commands:/ws/install/ctd_system/lib/python3.10/site-packages:${PYTHONPATH} /usr/bin/python3 -W ignore:setup.py install is deprecated -W ignore:easy_install command is deprecated setup.py egg_info --egg-base ../../build/ctd_system build --build-base /ws/build/ctd_system/build install --record /ws/build/ctd_system/install.log --single-version-externally-managed install_data
[0.746s] running egg_info
[0.747s] writing ../../build/ctd_system/ctd_system.egg-info/PKG-INFO
[0.747s] writing dependency_links to ../../build/ctd_system/ctd_system.egg-info/dependency_links.txt
[0.747s] writing entry points to ../../build/ctd_system/ctd_system.egg-info/entry_points.txt
[0.748s] writing requirements to ../../build/ctd_system/ctd_system.egg-info/requires.txt
[0.748s] writing top-level names to ../../build/ctd_system/ctd_system.egg-info/top_level.txt
[0.750s] reading manifest file '../../build/ctd_system/ctd_system.egg-info/SOURCES.txt'
[0.750s] writing manifest file '../../build/ctd_system/ctd_system.egg-info/SOURCES.txt'
[0.751s] running build
[0.751s] running build_py
[0.752s] running install
[0.752s] running install_lib
[0.753s] running install_data
[0.754s] running install_egg_info
[0.754s] removing '/ws/install/ctd_system/lib/python3.10/site-packages/ctd_system-0.0.1-py3.10.egg-info' (and everything under it)
[0.755s] Copying ../../build/ctd_system/ctd_system.egg-info to /ws/install/ctd_system/lib/python3.10/site-packages/ctd_system-0.0.1-py3.10.egg-info
[0.760s] running install_scripts
[0.778s] Installing acquire_action_client script to /ws/install/ctd_system/lib/ctd_system
[0.778s] Installing acquire_action_server script to /ws/install/ctd_system/lib/ctd_system
[0.779s] Installing command_client script to /ws/install/ctd_system/lib/ctd_system
[0.779s] Installing command_service script to /ws/install/ctd_system/lib/ctd_system
[0.779s] Installing sensor_bridge script to /ws/install/ctd_system/lib/ctd_system
[0.780s] Installing web_app script to /ws/install/ctd_system/lib/ctd_system
[0.781s] writing list of installed files to '/ws/build/ctd_system/install.log'
[0.794s] Invoked command in '/ws/src/ctd_system' returned '0': PYTHONPATH=/ws/build/ctd_system/prefix_override:/usr/lib/python3/dist-packages/colcon_core/task/python/colcon_distutils_commands:/ws/install/ctd_system/lib/python3.10/site-packages:${PYTHONPATH} /usr/bin/python3 -W ignore:setup.py install is deprecated -W ignore:easy_install command is deprecated setup.py egg_info --egg-base ../../build/ctd_system build --build-base /ws/build/ctd_system/build install --record /ws/build/ctd_system/install.log --single-version-externally-managed install_data
