[  2%] Built target ctd_interfaces__cpp
[ 12%] Built target ctd_interfaces__rosidl_generator_c
[ 12%] Built target ament_cmake_python_copy_ctd_interfaces
[ 42%] Built target ctd_interfaces__rosidl_typesupport_fastrtps_cpp
[ 42%] Built target ctd_interfaces__rosidl_typesupport_introspection_cpp
[ 44%] Built target ctd_interfaces__rosidl_typesupport_cpp
[ 55%] Built target ctd_interfaces__rosidl_typesupport_c
[ 76%] Built target ctd_interfaces__rosidl_typesupport_introspection_c
[ 76%] Built target ctd_interfaces__rosidl_typesupport_fastrtps_c
[ 76%] Built target ctd_interfaces
running egg_info
writing ctd_interfaces.egg-info/PKG-INFO
writing dependency_links to ctd_interfaces.egg-info/dependency_links.txt
writing top-level names to ctd_interfaces.egg-info/top_level.txt
reading manifest file 'ctd_interfaces.egg-info/SOURCES.txt'
writing manifest file 'ctd_interfaces.egg-info/SOURCES.txt'
[ 76%] Built target ament_cmake_python_build_ctd_interfaces_egg
[ 78%] Built target ctd_interfaces__py
[ 87%] Built target ctd_interfaces__rosidl_generator_py
[ 91%] Built target ctd_interfaces__rosidl_typesupport_introspection_c__pyext
[ 95%] Built target ctd_interfaces__rosidl_typesupport_fastrtps_c__pyext
[100%] Built target ctd_interfaces__rosidl_typesupport_c__pyext
-- Install configuration: ""
-- Up-to-date: /ws/install/ctd_interfaces/share/ament_index/resource_index/rosidl_interfaces/ctd_interfaces
-- Up-to-date: /ws/install/ctd_interfaces/include/ctd_interfaces/ctd_interfaces
-- Up-to-date: /ws/install/ctd_interfaces/include/ctd_interfaces/ctd_interfaces/msg
-- Up-to-date: /ws/install/ctd_interfaces/include/ctd_interfaces/ctd_interfaces/msg/rosidl_generator_c__visibility_control.h
-- Up-to-date: /ws/install/ctd_interfaces/include/ctd_interfaces/ctd_interfaces/msg/ctd_measurement.h
-- Up-to-date: /ws/install/ctd_interfaces/include/ctd_interfaces/ctd_interfaces/msg/detail
-- Up-to-date: /ws/install/ctd_interfaces/include/ctd_interfaces/ctd_interfaces/msg/detail/ctd_measurement__struct.h
-- Up-to-date: /ws/install/ctd_interfaces/include/ctd_interfaces/ctd_interfaces/msg/detail/ctd_measurement__type_support.h
-- Up-to-date: /ws/install/ctd_interfaces/include/ctd_interfaces/ctd_interfaces/msg/detail/ctd_measurement__functions.c
-- Up-to-date: /ws/install/ctd_interfaces/include/ctd_interfaces/ctd_interfaces/msg/detail/ctd_measurement__functions.h
-- Up-to-date: /ws/install/ctd_interfaces/include/ctd_interfaces/ctd_interfaces/action
-- Up-to-date: /ws/install/ctd_interfaces/include/ctd_interfaces/ctd_interfaces/action/acquire_data.h
-- Up-to-date: /ws/install/ctd_interfaces/include/ctd_interfaces/ctd_interfaces/action/detail
-- Up-to-date: /ws/install/ctd_interfaces/include/ctd_interfaces/ctd_interfaces/action/detail/acquire_data__functions.c
-- Up-to-date: /ws/install/ctd_interfaces/include/ctd_interfaces/ctd_interfaces/action/detail/acquire_data__type_support.h
-- Up-to-date: /ws/install/ctd_interfaces/include/ctd_interfaces/ctd_interfaces/action/detail/acquire_data__struct.h
-- Up-to-date: /ws/install/ctd_interfaces/include/ctd_interfaces/ctd_interfaces/action/detail/acquire_data__functions.h
-- Up-to-date: /ws/install/ctd_interfaces/include/ctd_interfaces/ctd_interfaces/srv
-- Up-to-date: /ws/install/ctd_interfaces/include/ctd_interfaces/ctd_interfaces/srv/detail
-- Up-to-date: /ws/install/ctd_interfaces/include/ctd_interfaces/ctd_interfaces/srv/detail/set_acquisition__functions.c
-- Up-to-date: /ws/install/ctd_interfaces/include/ctd_interfaces/ctd_interfaces/srv/detail/set_acquisition__struct.h
-- Up-to-date: /ws/install/ctd_interfaces/include/ctd_interfaces/ctd_interfaces/srv/detail/set_acquisition__functions.h
-- Up-to-date: /ws/install/ctd_interfaces/include/ctd_interfaces/ctd_interfaces/srv/detail/set_acquisition__type_support.h
-- Up-to-date: /ws/install/ctd_interfaces/include/ctd_interfaces/ctd_interfaces/srv/set_acquisition.h
-- Up-to-date: /ws/install/ctd_interfaces/share/ctd_interfaces/environment/library_path.sh
-- Up-to-date: /ws/install/ctd_interfaces/share/ctd_interfaces/environment/library_path.dsv
-- Up-to-date: /ws/install/ctd_interfaces/lib/libctd_interfaces__rosidl_generator_c.so
-- Up-to-date: /ws/install/ctd_interfaces/include/ctd_interfaces/ctd_interfaces
-- Up-to-date: /ws/install/ctd_interfaces/include/ctd_interfaces/ctd_interfaces/msg
-- Up-to-date: /ws/install/ctd_interfaces/include/ctd_interfaces/ctd_interfaces/msg/detail
-- Up-to-date: /ws/install/ctd_interfaces/include/ctd_interfaces/ctd_interfaces/msg/detail/ctd_measurement__rosidl_typesupport_fastrtps_c.h
-- Up-to-date: /ws/install/ctd_interfaces/include/ctd_interfaces/ctd_interfaces/msg/rosidl_typesupport_fastrtps_c__visibility_control.h
-- Up-to-date: /ws/install/ctd_interfaces/include/ctd_interfaces/ctd_interfaces/action
-- Up-to-date: /ws/install/ctd_interfaces/include/ctd_interfaces/ctd_interfaces/action/detail
-- Up-to-date: /ws/install/ctd_interfaces/include/ctd_interfaces/ctd_interfaces/action/detail/acquire_data__rosidl_typesupport_fastrtps_c.h
-- Up-to-date: /ws/install/ctd_interfaces/include/ctd_interfaces/ctd_interfaces/srv
-- Up-to-date: /ws/install/ctd_interfaces/include/ctd_interfaces/ctd_interfaces/srv/detail
-- Up-to-date: /ws/install/ctd_interfaces/include/ctd_interfaces/ctd_interfaces/srv/detail/set_acquisition__rosidl_typesupport_fastrtps_c.h
-- Up-to-date: /ws/install/ctd_interfaces/lib/libctd_interfaces__rosidl_typesupport_fastrtps_c.so
-- Up-to-date: /ws/install/ctd_interfaces/include/ctd_interfaces/ctd_interfaces
-- Up-to-date: /ws/install/ctd_interfaces/include/ctd_interfaces/ctd_interfaces/msg
-- Up-to-date: /ws/install/ctd_interfaces/include/ctd_interfaces/ctd_interfaces/msg/detail
-- Up-to-date: /ws/install/ctd_interfaces/include/ctd_interfaces/ctd_interfaces/msg/detail/ctd_measurement__rosidl_typesupport_introspection_c.h
-- Up-to-date: /ws/install/ctd_interfaces/include/ctd_interfaces/ctd_interfaces/msg/detail/ctd_measurement__type_support.c
-- Up-to-date: /ws/install/ctd_interfaces/include/ctd_interfaces/ctd_interfaces/msg/rosidl_typesupport_introspection_c__visibility_control.h
-- Up-to-date: /ws/install/ctd_interfaces/include/ctd_interfaces/ctd_interfaces/action
-- Up-to-date: /ws/install/ctd_interfaces/include/ctd_interfaces/ctd_interfaces/action/detail
-- Up-to-date: /ws/install/ctd_interfaces/include/ctd_interfaces/ctd_interfaces/action/detail/acquire_data__rosidl_typesupport_introspection_c.h
-- Up-to-date: /ws/install/ctd_interfaces/include/ctd_interfaces/ctd_interfaces/action/detail/acquire_data__type_support.c
-- Up-to-date: /ws/install/ctd_interfaces/include/ctd_interfaces/ctd_interfaces/srv
-- Up-to-date: /ws/install/ctd_interfaces/include/ctd_interfaces/ctd_interfaces/srv/detail
-- Up-to-date: /ws/install/ctd_interfaces/include/ctd_interfaces/ctd_interfaces/srv/detail/set_acquisition__type_support.c
-- Up-to-date: /ws/install/ctd_interfaces/include/ctd_interfaces/ctd_interfaces/srv/detail/set_acquisition__rosidl_typesupport_introspection_c.h
-- Up-to-date: /ws/install/ctd_interfaces/lib/libctd_interfaces__rosidl_typesupport_introspection_c.so
-- Up-to-date: /ws/install/ctd_interfaces/lib/libctd_interfaces__rosidl_typesupport_c.so
-- Up-to-date: /ws/install/ctd_interfaces/include/ctd_interfaces/ctd_interfaces
-- Up-to-date: /ws/install/ctd_interfaces/include/ctd_interfaces/ctd_interfaces/msg
-- Up-to-date: /ws/install/ctd_interfaces/include/ctd_interfaces/ctd_interfaces/msg/detail
-- Up-to-date: /ws/install/ctd_interfaces/include/ctd_interfaces/ctd_interfaces/msg/detail/ctd_measurement__builder.hpp
-- Up-to-date: /ws/install/ctd_interfaces/include/ctd_interfaces/ctd_interfaces/msg/detail/ctd_measurement__struct.hpp
-- Up-to-date: /ws/install/ctd_interfaces/include/ctd_interfaces/ctd_interfaces/msg/detail/ctd_measurement__type_support.hpp
-- Up-to-date: /ws/install/ctd_interfaces/include/ctd_interfaces/ctd_interfaces/msg/detail/ctd_measurement__traits.hpp
-- Up-to-date: /ws/install/ctd_interfaces/include/ctd_interfaces/ctd_interfaces/msg/rosidl_generator_cpp__visibility_control.hpp
-- Up-to-date: /ws/install/ctd_interfaces/include/ctd_interfaces/ctd_interfaces/msg/ctd_measurement.hpp
-- Up-to-date: /ws/install/ctd_interfaces/include/ctd_interfaces/ctd_interfaces/action
-- Up-to-date: /ws/install/ctd_interfaces/include/ctd_interfaces/ctd_interfaces/action/acquire_data.hpp
-- Up-to-date: /ws/install/ctd_interfaces/include/ctd_interfaces/ctd_interfaces/action/detail
-- Up-to-date: /ws/install/ctd_interfaces/include/ctd_interfaces/ctd_interfaces/action/detail/acquire_data__traits.hpp
-- Up-to-date: /ws/install/ctd_interfaces/include/ctd_interfaces/ctd_interfaces/action/detail/acquire_data__builder.hpp
-- Up-to-date: /ws/install/ctd_interfaces/include/ctd_interfaces/ctd_interfaces/action/detail/acquire_data__type_support.hpp
-- Up-to-date: /ws/install/ctd_interfaces/include/ctd_interfaces/ctd_interfaces/action/detail/acquire_data__struct.hpp
-- Up-to-date: /ws/install/ctd_interfaces/include/ctd_interfaces/ctd_interfaces/srv
-- Up-to-date: /ws/install/ctd_interfaces/include/ctd_interfaces/ctd_interfaces/srv/set_acquisition.hpp
-- Up-to-date: /ws/install/ctd_interfaces/include/ctd_interfaces/ctd_interfaces/srv/detail
-- Up-to-date: /ws/install/ctd_interfaces/include/ctd_interfaces/ctd_interfaces/srv/detail/set_acquisition__struct.hpp
-- Up-to-date: /ws/install/ctd_interfaces/include/ctd_interfaces/ctd_interfaces/srv/detail/set_acquisition__type_support.hpp
-- Up-to-date: /ws/install/ctd_interfaces/include/ctd_interfaces/ctd_interfaces/srv/detail/set_acquisition__builder.hpp
-- Up-to-date: /ws/install/ctd_interfaces/include/ctd_interfaces/ctd_interfaces/srv/detail/set_acquisition__traits.hpp
-- Up-to-date: /ws/install/ctd_interfaces/include/ctd_interfaces/ctd_interfaces
-- Up-to-date: /ws/install/ctd_interfaces/include/ctd_interfaces/ctd_interfaces/msg
-- Up-to-date: /ws/install/ctd_interfaces/include/ctd_interfaces/ctd_interfaces/msg/rosidl_typesupport_fastrtps_cpp__visibility_control.h
-- Up-to-date: /ws/install/ctd_interfaces/include/ctd_interfaces/ctd_interfaces/msg/detail
-- Up-to-date: /ws/install/ctd_interfaces/include/ctd_interfaces/ctd_interfaces/msg/detail/ctd_measurement__rosidl_typesupport_fastrtps_cpp.hpp
-- Up-to-date: /ws/install/ctd_interfaces/include/ctd_interfaces/ctd_interfaces/msg/detail/dds_fastrtps
-- Up-to-date: /ws/install/ctd_interfaces/include/ctd_interfaces/ctd_interfaces/action
-- Up-to-date: /ws/install/ctd_interfaces/include/ctd_interfaces/ctd_interfaces/action/detail
-- Up-to-date: /ws/install/ctd_interfaces/include/ctd_interfaces/ctd_interfaces/action/detail/dds_fastrtps
-- Up-to-date: /ws/install/ctd_interfaces/include/ctd_interfaces/ctd_interfaces/action/detail/acquire_data__rosidl_typesupport_fastrtps_cpp.hpp
-- Up-to-date: /ws/install/ctd_interfaces/include/ctd_interfaces/ctd_interfaces/srv
-- Up-to-date: /ws/install/ctd_interfaces/include/ctd_interfaces/ctd_interfaces/srv/detail
-- Up-to-date: /ws/install/ctd_interfaces/include/ctd_interfaces/ctd_interfaces/srv/detail/set_acquisition__rosidl_typesupport_fastrtps_cpp.hpp
-- Up-to-date: /ws/install/ctd_interfaces/include/ctd_interfaces/ctd_interfaces/srv/detail/dds_fastrtps
-- Up-to-date: /ws/install/ctd_interfaces/lib/libctd_interfaces__rosidl_typesupport_fastrtps_cpp.so
-- Up-to-date: /ws/install/ctd_interfaces/include/ctd_interfaces/ctd_interfaces
-- Up-to-date: /ws/install/ctd_interfaces/include/ctd_interfaces/ctd_interfaces/msg
-- Up-to-date: /ws/install/ctd_interfaces/include/ctd_interfaces/ctd_interfaces/msg/detail
-- Up-to-date: /ws/install/ctd_interfaces/include/ctd_interfaces/ctd_interfaces/msg/detail/ctd_measurement__rosidl_typesupport_introspection_cpp.hpp
-- Up-to-date: /ws/install/ctd_interfaces/include/ctd_interfaces/ctd_interfaces/msg/detail/ctd_measurement__type_support.cpp
-- Up-to-date: /ws/install/ctd_interfaces/include/ctd_interfaces/ctd_interfaces/action
-- Up-to-date: /ws/install/ctd_interfaces/include/ctd_interfaces/ctd_interfaces/action/detail
-- Up-to-date: /ws/install/ctd_interfaces/include/ctd_interfaces/ctd_interfaces/action/detail/acquire_data__rosidl_typesupport_introspection_cpp.hpp
-- Up-to-date: /ws/install/ctd_interfaces/include/ctd_interfaces/ctd_interfaces/action/detail/acquire_data__type_support.cpp
-- Up-to-date: /ws/install/ctd_interfaces/include/ctd_interfaces/ctd_interfaces/srv
-- Up-to-date: /ws/install/ctd_interfaces/include/ctd_interfaces/ctd_interfaces/srv/detail
-- Up-to-date: /ws/install/ctd_interfaces/include/ctd_interfaces/ctd_interfaces/srv/detail/set_acquisition__type_support.cpp
-- Up-to-date: /ws/install/ctd_interfaces/include/ctd_interfaces/ctd_interfaces/srv/detail/set_acquisition__rosidl_typesupport_introspection_cpp.hpp
-- Up-to-date: /ws/install/ctd_interfaces/lib/libctd_interfaces__rosidl_typesupport_introspection_cpp.so
-- Up-to-date: /ws/install/ctd_interfaces/lib/libctd_interfaces__rosidl_typesupport_cpp.so
-- Up-to-date: /ws/install/ctd_interfaces/share/ctd_interfaces/environment/pythonpath.sh
-- Up-to-date: /ws/install/ctd_interfaces/share/ctd_interfaces/environment/pythonpath.dsv
-- Up-to-date: /ws/install/ctd_interfaces/local/lib/python3.10/dist-packages/ctd_interfaces-0.0.1-py3.10.egg-info
-- Installing: /ws/install/ctd_interfaces/local/lib/python3.10/dist-packages/ctd_interfaces-0.0.1-py3.10.egg-info/PKG-INFO
-- Installing: /ws/install/ctd_interfaces/local/lib/python3.10/dist-packages/ctd_interfaces-0.0.1-py3.10.egg-info/SOURCES.txt
-- Installing: /ws/install/ctd_interfaces/local/lib/python3.10/dist-packages/ctd_interfaces-0.0.1-py3.10.egg-info/top_level.txt
-- Installing: /ws/install/ctd_interfaces/local/lib/python3.10/dist-packages/ctd_interfaces-0.0.1-py3.10.egg-info/dependency_links.txt
-- Up-to-date: /ws/install/ctd_interfaces/local/lib/python3.10/dist-packages/ctd_interfaces
-- Up-to-date: /ws/install/ctd_interfaces/local/lib/python3.10/dist-packages/ctd_interfaces/ctd_interfaces_s__rosidl_typesupport_c.cpython-310-x86_64-linux-gnu.so
-- Up-to-date: /ws/install/ctd_interfaces/local/lib/python3.10/dist-packages/ctd_interfaces/msg
-- Up-to-date: /ws/install/ctd_interfaces/local/lib/python3.10/dist-packages/ctd_interfaces/msg/_ctd_measurement.py
-- Up-to-date: /ws/install/ctd_interfaces/local/lib/python3.10/dist-packages/ctd_interfaces/msg/__init__.py
-- Up-to-date: /ws/install/ctd_interfaces/local/lib/python3.10/dist-packages/ctd_interfaces/msg/_ctd_measurement_s.c
-- Up-to-date: /ws/install/ctd_interfaces/local/lib/python3.10/dist-packages/ctd_interfaces/libctd_interfaces__rosidl_generator_py.so
-- Up-to-date: /ws/install/ctd_interfaces/local/lib/python3.10/dist-packages/ctd_interfaces/__init__.py
-- Up-to-date: /ws/install/ctd_interfaces/local/lib/python3.10/dist-packages/ctd_interfaces/ctd_interfaces_s__rosidl_typesupport_introspection_c.cpython-310-x86_64-linux-gnu.so
-- Up-to-date: /ws/install/ctd_interfaces/local/lib/python3.10/dist-packages/ctd_interfaces/_ctd_interfaces_s.ep.rosidl_typesupport_c.c
-- Up-to-date: /ws/install/ctd_interfaces/local/lib/python3.10/dist-packages/ctd_interfaces/action
-- Up-to-date: /ws/install/ctd_interfaces/local/lib/python3.10/dist-packages/ctd_interfaces/action/_acquire_data.py
-- Up-to-date: /ws/install/ctd_interfaces/local/lib/python3.10/dist-packages/ctd_interfaces/action/__init__.py
-- Up-to-date: /ws/install/ctd_interfaces/local/lib/python3.10/dist-packages/ctd_interfaces/action/_acquire_data_s.c
-- Up-to-date: /ws/install/ctd_interfaces/local/lib/python3.10/dist-packages/ctd_interfaces/ctd_interfaces_s__rosidl_typesupport_fastrtps_c.cpython-310-x86_64-linux-gnu.so
-- Up-to-date: /ws/install/ctd_interfaces/local/lib/python3.10/dist-packages/ctd_interfaces/_ctd_interfaces_s.ep.rosidl_typesupport_fastrtps_c.c
-- Up-to-date: /ws/install/ctd_interfaces/local/lib/python3.10/dist-packages/ctd_interfaces/srv
-- Up-to-date: /ws/install/ctd_interfaces/local/lib/python3.10/dist-packages/ctd_interfaces/srv/_set_acquisition_s.c
-- Up-to-date: /ws/install/ctd_interfaces/local/lib/python3.10/dist-packages/ctd_interfaces/srv/__init__.py
-- Up-to-date: /ws/install/ctd_interfaces/local/lib/python3.10/dist-packages/ctd_interfaces/srv/_set_acquisition.py
-- Up-to-date: /ws/install/ctd_interfaces/local/lib/python3.10/dist-packages/ctd_interfaces/_ctd_interfaces_s.ep.rosidl_typesupport_introspection_c.c
Listing '/ws/install/ctd_interfaces/local/lib/python3.10/dist-packages/ctd_interfaces'...
Listing '/ws/install/ctd_interfaces/local/lib/python3.10/dist-packages/ctd_interfaces/action'...
Listing '/ws/install/ctd_interfaces/local/lib/python3.10/dist-packages/ctd_interfaces/msg'...
Listing '/ws/install/ctd_interfaces/local/lib/python3.10/dist-packages/ctd_interfaces/srv'...
-- Up-to-date: /ws/install/ctd_interfaces/local/lib/python3.10/dist-packages/ctd_interfaces/ctd_interfaces_s__rosidl_typesupport_fastrtps_c.cpython-310-x86_64-linux-gnu.so
-- Up-to-date: /ws/install/ctd_interfaces/local/lib/python3.10/dist-packages/ctd_interfaces/ctd_interfaces_s__rosidl_typesupport_introspection_c.cpython-310-x86_64-linux-gnu.so
-- Up-to-date: /ws/install/ctd_interfaces/local/lib/python3.10/dist-packages/ctd_interfaces/ctd_interfaces_s__rosidl_typesupport_c.cpython-310-x86_64-linux-gnu.so
-- Up-to-date: /ws/install/ctd_interfaces/lib/libctd_interfaces__rosidl_generator_py.so
-- Up-to-date: /ws/install/ctd_interfaces/share/ctd_interfaces/msg/CtdMeasurement.idl
-- Up-to-date: /ws/install/ctd_interfaces/share/ctd_interfaces/srv/SetAcquisition.idl
-- Up-to-date: /ws/install/ctd_interfaces/share/ctd_interfaces/action/AcquireData.idl
-- Up-to-date: /ws/install/ctd_interfaces/share/ctd_interfaces/msg/CtdMeasurement.msg
-- Up-to-date: /ws/install/ctd_interfaces/share/ctd_interfaces/srv/SetAcquisition.srv
-- Up-to-date: /ws/install/ctd_interfaces/share/ctd_interfaces/srv/SetAcquisition_Request.msg
-- Up-to-date: /ws/install/ctd_interfaces/share/ctd_interfaces/srv/SetAcquisition_Response.msg
-- Up-to-date: /ws/install/ctd_interfaces/share/ctd_interfaces/action/AcquireData.action
-- Up-to-date: /ws/install/ctd_interfaces/share/ament_index/resource_index/package_run_dependencies/ctd_interfaces
-- Up-to-date: /ws/install/ctd_interfaces/share/ament_index/resource_index/parent_prefix_path/ctd_interfaces
-- Up-to-date: /ws/install/ctd_interfaces/share/ctd_interfaces/environment/ament_prefix_path.sh
-- Up-to-date: /ws/install/ctd_interfaces/share/ctd_interfaces/environment/ament_prefix_path.dsv
-- Up-to-date: /ws/install/ctd_interfaces/share/ctd_interfaces/environment/path.sh
-- Up-to-date: /ws/install/ctd_interfaces/share/ctd_interfaces/environment/path.dsv
-- Up-to-date: /ws/install/ctd_interfaces/share/ctd_interfaces/local_setup.bash
-- Up-to-date: /ws/install/ctd_interfaces/share/ctd_interfaces/local_setup.sh
-- Up-to-date: /ws/install/ctd_interfaces/share/ctd_interfaces/local_setup.zsh
-- Up-to-date: /ws/install/ctd_interfaces/share/ctd_interfaces/local_setup.dsv
-- Installing: /ws/install/ctd_interfaces/share/ctd_interfaces/package.dsv
-- Up-to-date: /ws/install/ctd_interfaces/share/ament_index/resource_index/packages/ctd_interfaces
-- Up-to-date: /ws/install/ctd_interfaces/share/ctd_interfaces/cmake/export_ctd_interfaces__rosidl_generator_cExport.cmake
-- Up-to-date: /ws/install/ctd_interfaces/share/ctd_interfaces/cmake/export_ctd_interfaces__rosidl_generator_cExport-noconfig.cmake
-- Up-to-date: /ws/install/ctd_interfaces/share/ctd_interfaces/cmake/export_ctd_interfaces__rosidl_typesupport_fastrtps_cExport.cmake
-- Up-to-date: /ws/install/ctd_interfaces/share/ctd_interfaces/cmake/export_ctd_interfaces__rosidl_typesupport_fastrtps_cExport-noconfig.cmake
-- Up-to-date: /ws/install/ctd_interfaces/share/ctd_interfaces/cmake/ctd_interfaces__rosidl_typesupport_introspection_cExport.cmake
-- Up-to-date: /ws/install/ctd_interfaces/share/ctd_interfaces/cmake/ctd_interfaces__rosidl_typesupport_introspection_cExport-noconfig.cmake
-- Up-to-date: /ws/install/ctd_interfaces/share/ctd_interfaces/cmake/ctd_interfaces__rosidl_typesupport_cExport.cmake
-- Up-to-date: /ws/install/ctd_interfaces/share/ctd_interfaces/cmake/ctd_interfaces__rosidl_typesupport_cExport-noconfig.cmake
-- Up-to-date: /ws/install/ctd_interfaces/share/ctd_interfaces/cmake/export_ctd_interfaces__rosidl_generator_cppExport.cmake
-- Up-to-date: /ws/install/ctd_interfaces/share/ctd_interfaces/cmake/export_ctd_interfaces__rosidl_typesupport_fastrtps_cppExport.cmake
-- Up-to-date: /ws/install/ctd_interfaces/share/ctd_interfaces/cmake/export_ctd_interfaces__rosidl_typesupport_fastrtps_cppExport-noconfig.cmake
-- Up-to-date: /ws/install/ctd_interfaces/share/ctd_interfaces/cmake/ctd_interfaces__rosidl_typesupport_introspection_cppExport.cmake
-- Up-to-date: /ws/install/ctd_interfaces/share/ctd_interfaces/cmake/ctd_interfaces__rosidl_typesupport_introspection_cppExport-noconfig.cmake
-- Up-to-date: /ws/install/ctd_interfaces/share/ctd_interfaces/cmake/ctd_interfaces__rosidl_typesupport_cppExport.cmake
-- Up-to-date: /ws/install/ctd_interfaces/share/ctd_interfaces/cmake/ctd_interfaces__rosidl_typesupport_cppExport-noconfig.cmake
-- Up-to-date: /ws/install/ctd_interfaces/share/ctd_interfaces/cmake/export_ctd_interfaces__rosidl_generator_pyExport.cmake
-- Up-to-date: /ws/install/ctd_interfaces/share/ctd_interfaces/cmake/export_ctd_interfaces__rosidl_generator_pyExport-noconfig.cmake
-- Up-to-date: /ws/install/ctd_interfaces/share/ctd_interfaces/cmake/rosidl_cmake-extras.cmake
-- Up-to-date: /ws/install/ctd_interfaces/share/ctd_interfaces/cmake/ament_cmake_export_dependencies-extras.cmake
-- Up-to-date: /ws/install/ctd_interfaces/share/ctd_interfaces/cmake/ament_cmake_export_include_directories-extras.cmake
-- Up-to-date: /ws/install/ctd_interfaces/share/ctd_interfaces/cmake/ament_cmake_export_libraries-extras.cmake
-- Up-to-date: /ws/install/ctd_interfaces/share/ctd_interfaces/cmake/ament_cmake_export_targets-extras.cmake
-- Up-to-date: /ws/install/ctd_interfaces/share/ctd_interfaces/cmake/rosidl_cmake_export_typesupport_targets-extras.cmake
-- Up-to-date: /ws/install/ctd_interfaces/share/ctd_interfaces/cmake/rosidl_cmake_export_typesupport_libraries-extras.cmake
-- Up-to-date: /ws/install/ctd_interfaces/share/ctd_interfaces/cmake/ctd_interfacesConfig.cmake
-- Up-to-date: /ws/install/ctd_interfaces/share/ctd_interfaces/cmake/ctd_interfacesConfig-version.cmake
-- Up-to-date: /ws/install/ctd_interfaces/share/ctd_interfaces/package.xml
